[ 2018-07-19T09:51:05+08:00 ] ::1 /ThinkPHP/lab_dyl/index.php/Admin/Index/hello
INFO: [ app_init ] --START--
INFO: Run Behavior\BuildLiteBehavior [ RunTime:0.000008s ]
INFO: [ app_init ] --END-- [ RunTime:0.000288s ]
INFO: [ app_begin ] --START--
INFO: Run Behavior\ReadHtmlCacheBehavior [ RunTime:0.000449s ]
INFO: [ app_begin ] --END-- [ RunTime:0.000478s ]
INFO: [ app_end ] --START--
INFO: Run Behavior\ShowPageTraceBehavior [ RunTime:0.000428s ]
INFO: [ app_end ] --END-- [ RunTime:0.000453s ]

[ 2018-07-19T09:51:29+08:00 ] ::1 /ThinkPHP/lab_dyl/index.php/Admin/Labinfo/
INFO: [ app_init ] --START--
INFO: Run Behavior\BuildLiteBehavior [ RunTime:0.000014s ]
INFO: [ app_init ] --END-- [ RunTime:0.000326s ]
INFO: [ app_begin ] --START--
INFO: Run Behavior\ReadHtmlCacheBehavior [ RunTime:0.000957s ]
INFO: [ app_begin ] --END-- [ RunTime:0.001056s ]
ERR: syntax error, unexpected '$b' (T_VARIABLE)

[ 2018-07-19T09:51:48+08:00 ] ::1 /ThinkPHP/lab_dyl/index.php/Admin/Labinfo/
INFO: [ app_init ] --START--
INFO: Run Behavior\BuildLiteBehavior [ RunTime:0.000012s ]
INFO: [ app_init ] --END-- [ RunTime:0.000298s ]
INFO: [ app_begin ] --START--
INFO: Run Behavior\ReadHtmlCacheBehavior [ RunTime:0.000628s ]
INFO: [ app_begin ] --END-- [ RunTime:0.000675s ]
ERR: 非法操作:index

[ 2018-07-19T09:51:49+08:00 ] ::1 /ThinkPHP/lab_dyl/index.php/Admin/Labinfo/
INFO: [ app_init ] --START--
INFO: Run Behavior\BuildLiteBehavior [ RunTime:0.000008s ]
INFO: [ app_init ] --END-- [ RunTime:0.000301s ]
INFO: [ app_begin ] --START--
INFO: Run Behavior\ReadHtmlCacheBehavior [ RunTime:0.000410s ]
INFO: [ app_begin ] --END-- [ RunTime:0.000435s ]
ERR: 非法操作:index

[ 2018-07-19T09:52:20+08:00 ] ::1 /ThinkPHP/lab_dyl/index.php/Admin/Labinfo/des
INFO: [ app_init ] --START--
INFO: Run Behavior\BuildLiteBehavior [ RunTime:0.000015s ]
INFO: [ app_init ] --END-- [ RunTime:0.000388s ]
INFO: [ app_begin ] --START--
INFO: Run Behavior\ReadHtmlCacheBehavior [ RunTime:0.000538s ]
INFO: [ app_begin ] --END-- [ RunTime:0.000571s ]
ERR: 非法操作:des

[ 2018-07-19T09:52:30+08:00 ] ::1 /ThinkPHP/lab_dyl/index.php/Admin/Labinfo/dex
INFO: [ app_init ] --START--
INFO: Run Behavior\BuildLiteBehavior [ RunTime:0.000007s ]
INFO: [ app_init ] --END-- [ RunTime:0.000276s ]
INFO: [ app_begin ] --START--
INFO: Run Behavior\ReadHtmlCacheBehavior [ RunTime:0.000385s ]
INFO: [ app_begin ] --END-- [ RunTime:0.000410s ]
ERR: syntax error, unexpected '=', expecting ',' or ')'

[ 2018-07-19T09:52:57+08:00 ] ::1 /ThinkPHP/lab_dyl/index.php/Admin/Labinfo/dex
INFO: [ app_init ] --START--
INFO: Run Behavior\BuildLiteBehavior [ RunTime:0.000008s ]
INFO: [ app_init ] --END-- [ RunTime:0.000285s ]
INFO: [ app_begin ] --START--
INFO: Run Behavior\ReadHtmlCacheBehavior [ RunTime:0.000370s ]
INFO: [ app_begin ] --END-- [ RunTime:0.000394s ]
ERR: syntax error, unexpected '=', expecting ',' or ')'

[ 2018-07-19T09:56:52+08:00 ] ::1 /ThinkPHP/lab_dyl/index.php/Admin/Labinfo/dex
INFO: [ app_init ] --START--
INFO: Run Behavior\BuildLiteBehavior [ RunTime:0.000009s ]
INFO: [ app_init ] --END-- [ RunTime:0.000312s ]
INFO: [ app_begin ] --START--
INFO: Run Behavior\ReadHtmlCacheBehavior [ RunTime:0.000485s ]
INFO: [ app_begin ] --END-- [ RunTime:0.000507s ]
ERR: syntax error, unexpected '}', expecting end of file

[ 2018-07-19T09:57:28+08:00 ] ::1 /ThinkPHP/lab_dyl/index.php/Admin/Labinfo/dex
INFO: [ app_init ] --START--
INFO: Run Behavior\BuildLiteBehavior [ RunTime:0.000022s ]
INFO: [ app_init ] --END-- [ RunTime:0.000405s ]
INFO: [ app_begin ] --START--
INFO: Run Behavior\ReadHtmlCacheBehavior [ RunTime:0.000418s ]
INFO: [ app_begin ] --END-- [ RunTime:0.000446s ]
NOTIC: [2] Declaration of Admin\Model\UserModel::check($work_id, $password) should be compatible with Think\Model::check($value, $rule, $type = 'regex') F:\XAMPP\htdocs\dyl\ThinkPHP\Lab_dyl\Application\Admin\Model\UserModel.class.php 第 4 行.
SQL: SHOW COLUMNS FROM `user` [ RunTime:0.0189s ]
SQL: SELECT `password` FROM `user` WHERE ( work_id=123456 ) LIMIT 1   [ RunTime:0.0231s ]
INFO: [ app_end ] --START--
INFO: Run Behavior\ShowPageTraceBehavior [ RunTime:0.001078s ]
INFO: [ app_end ] --END-- [ RunTime:0.001121s ]

[ 2018-07-19T09:59:01+08:00 ] ::1 /ThinkPHP/lab_dyl/index.php/Admin/Labinfo/dex
INFO: [ app_init ] --START--
INFO: Run Behavior\BuildLiteBehavior [ RunTime:0.000009s ]
INFO: [ app_init ] --END-- [ RunTime:0.000338s ]
INFO: [ app_begin ] --START--
INFO: Run Behavior\ReadHtmlCacheBehavior [ RunTime:0.000903s ]
INFO: [ app_begin ] --END-- [ RunTime:0.000946s ]
NOTIC: [2] Declaration of Admin\Model\UserModel::check($work_id, $password) should be compatible with Think\Model::check($value, $rule, $type = 'regex') F:\XAMPP\htdocs\dyl\ThinkPHP\Lab_dyl\Application\Admin\Model\UserModel.class.php 第 4 行.
SQL: SHOW COLUMNS FROM `user` [ RunTime:0.0241s ]
SQL: SELECT `password` FROM `user` WHERE ( work_id=123456 ) LIMIT 1   [ RunTime:0.0258s ]
INFO: [ app_end ] --START--
INFO: Run Behavior\ShowPageTraceBehavior [ RunTime:0.001477s ]
INFO: [ app_end ] --END-- [ RunTime:0.001593s ]

[ 2018-07-19T09:59:55+08:00 ] ::1 /ThinkPHP/lab_dyl/index.php/Admin/Labinfo/dex
INFO: [ app_init ] --START--
INFO: Run Behavior\BuildLiteBehavior [ RunTime:0.000012s ]
INFO: [ app_init ] --END-- [ RunTime:0.000425s ]
INFO: [ app_begin ] --START--
INFO: Run Behavior\ReadHtmlCacheBehavior [ RunTime:0.000570s ]
INFO: [ app_begin ] --END-- [ RunTime:0.000621s ]
NOTIC: [2] Declaration of Admin\Model\UserModel::check($work_id, $password) should be compatible with Think\Model::check($value, $rule, $type = 'regex') F:\XAMPP\htdocs\dyl\ThinkPHP\Lab_dyl\Application\Admin\Model\UserModel.class.php 第 4 行.
SQL: SHOW COLUMNS FROM `user` [ RunTime:0.0256s ]
SQL: SELECT `password` FROM `user` WHERE ( work_id=123456 ) LIMIT 1   [ RunTime:0.0298s ]
INFO: [ app_end ] --START--
INFO: Run Behavior\ShowPageTraceBehavior [ RunTime:0.001702s ]
INFO: [ app_end ] --END-- [ RunTime:0.001788s ]

[ 2018-07-19T10:01:44+08:00 ] ::1 /ThinkPHP/lab_dyl/index.php/Admin/Labinfo/dex
INFO: [ app_init ] --START--
INFO: Run Behavior\BuildLiteBehavior [ RunTime:0.000007s ]
INFO: [ app_init ] --END-- [ RunTime:0.000333s ]
INFO: [ app_begin ] --START--
INFO: Run Behavior\ReadHtmlCacheBehavior [ RunTime:0.000493s ]
INFO: [ app_begin ] --END-- [ RunTime:0.000518s ]
NOTIC: [2] Declaration of Admin\Model\UserModel::check($work_id, $password) should be compatible with Think\Model::check($value, $rule, $type = 'regex') F:\XAMPP\htdocs\dyl\ThinkPHP\Lab_dyl\Application\Admin\Model\UserModel.class.php 第 4 行.
SQL: SHOW COLUMNS FROM `user` [ RunTime:0.0257s ]
SQL: SELECT `password` FROM `user` WHERE ( work_id=123456 ) LIMIT 1   [ RunTime:0.0242s ]
INFO: [ app_end ] --START--
INFO: Run Behavior\ShowPageTraceBehavior [ RunTime:0.001203s ]
INFO: [ app_end ] --END-- [ RunTime:0.001262s ]

[ 2018-07-19T10:01:47+08:00 ] ::1 /ThinkPHP/lab_dyl/index.php/Admin/Labinfo/dex
INFO: [ app_init ] --START--
INFO: Run Behavior\BuildLiteBehavior [ RunTime:0.000009s ]
INFO: [ app_init ] --END-- [ RunTime:0.000310s ]
INFO: [ app_begin ] --START--
INFO: Run Behavior\ReadHtmlCacheBehavior [ RunTime:0.000344s ]
INFO: [ app_begin ] --END-- [ RunTime:0.000375s ]
NOTIC: [2] Declaration of Admin\Model\UserModel::check($work_id, $password) should be compatible with Think\Model::check($value, $rule, $type = 'regex') F:\XAMPP\htdocs\dyl\ThinkPHP\Lab_dyl\Application\Admin\Model\UserModel.class.php 第 4 行.
SQL: SHOW COLUMNS FROM `user` [ RunTime:0.0143s ]
SQL: SELECT `password` FROM `user` WHERE ( work_id=123456 ) LIMIT 1   [ RunTime:0.0120s ]
INFO: [ app_end ] --START--
INFO: Run Behavior\ShowPageTraceBehavior [ RunTime:0.000721s ]
INFO: [ app_end ] --END-- [ RunTime:0.000762s ]

[ 2018-07-19T10:05:33+08:00 ] ::1 /ThinkPHP/lab_dyl/index.php/Admin/Labinfo/dex
INFO: [ app_init ] --START--
INFO: Run Behavior\BuildLiteBehavior [ RunTime:0.000013s ]
INFO: [ app_init ] --END-- [ RunTime:0.000316s ]
INFO: [ app_begin ] --START--
INFO: Run Behavior\ReadHtmlCacheBehavior [ RunTime:0.001505s ]
INFO: [ app_begin ] --END-- [ RunTime:0.001579s ]
ERR: syntax error, unexpected '='

[ 2018-07-19T10:06:31+08:00 ] ::1 /ThinkPHP/lab_dyl/index.php/Admin/Labinfo/dex
INFO: [ app_init ] --START--
INFO: Run Behavior\BuildLiteBehavior [ RunTime:0.000008s ]
INFO: [ app_init ] --END-- [ RunTime:0.000326s ]
INFO: [ app_begin ] --START--
INFO: Run Behavior\ReadHtmlCacheBehavior [ RunTime:0.000529s ]
INFO: [ app_begin ] --END-- [ RunTime:0.000559s ]
NOTIC: [2] Declaration of Admin\Model\UserModel::check($work_id, $password) should be compatible with Think\Model::check($value, $rule, $type = 'regex') F:\XAMPP\htdocs\dyl\ThinkPHP\Lab_dyl\Application\Admin\Model\UserModel.class.php 第 4 行.
SQL: SHOW COLUMNS FROM `user` [ RunTime:0.0210s ]
SQL: SELECT `password` FROM `user` WHERE ( work_id=123456 ) LIMIT 1   [ RunTime:0.0222s ]
SQL: select * from user [ RunTime:0.0003s ]
NOTIC: [8] Array to string conversion F:\XAMPP\htdocs\dyl\ThinkPHP\Lab_dyl\Application\Admin\Model\UserModel.class.php 第 14 行.
NOTIC: [8] Undefined index: password F:\XAMPP\htdocs\dyl\ThinkPHP\Lab_dyl\Application\Admin\Model\UserModel.class.php 第 15 行.
INFO: [ app_end ] --START--
INFO: Run Behavior\ShowPageTraceBehavior [ RunTime:0.001093s ]
INFO: [ app_end ] --END-- [ RunTime:0.001135s ]

[ 2018-07-19T10:06:52+08:00 ] ::1 /ThinkPHP/lab_dyl/index.php/Admin/Labinfo/dex
INFO: [ app_init ] --START--
INFO: Run Behavior\BuildLiteBehavior [ RunTime:0.000008s ]
INFO: [ app_init ] --END-- [ RunTime:0.000317s ]
INFO: [ app_begin ] --START--
INFO: Run Behavior\ReadHtmlCacheBehavior [ RunTime:0.000403s ]
INFO: [ app_begin ] --END-- [ RunTime:0.000426s ]
NOTIC: [2] Declaration of Admin\Model\UserModel::check($work_id, $password) should be compatible with Think\Model::check($value, $rule, $type = 'regex') F:\XAMPP\htdocs\dyl\ThinkPHP\Lab_dyl\Application\Admin\Model\UserModel.class.php 第 4 行.
SQL: SHOW COLUMNS FROM `user` [ RunTime:0.0160s ]
SQL: SELECT `password` FROM `user` WHERE ( work_id=123456 ) LIMIT 1   [ RunTime:0.0134s ]
SQL: select * from user [ RunTime:0.0004s ]
NOTIC: [8] Undefined index: password F:\XAMPP\htdocs\dyl\ThinkPHP\Lab_dyl\Application\Admin\Model\UserModel.class.php 第 15 行.
INFO: [ app_end ] --START--
INFO: Run Behavior\ShowPageTraceBehavior [ RunTime:0.001335s ]
INFO: [ app_end ] --END-- [ RunTime:0.001400s ]

[ 2018-07-19T10:08:31+08:00 ] ::1 /ThinkPHP/lab_dyl/index.php/Admin/Labinfo/dex
INFO: [ app_init ] --START--
INFO: Run Behavior\BuildLiteBehavior [ RunTime:0.000008s ]
INFO: [ app_init ] --END-- [ RunTime:0.000348s ]
INFO: [ app_begin ] --START--
INFO: Run Behavior\ReadHtmlCacheBehavior [ RunTime:0.000370s ]
INFO: [ app_begin ] --END-- [ RunTime:0.000392s ]
NOTIC: [2] Declaration of Admin\Model\UserModel::check($work_id, $password) should be compatible with Think\Model::check($value, $rule, $type = 'regex') F:\XAMPP\htdocs\dyl\ThinkPHP\Lab_dyl\Application\Admin\Model\UserModel.class.php 第 4 行.
SQL: SHOW COLUMNS FROM `user` [ RunTime:0.0199s ]
SQL: SELECT `password` FROM `user` WHERE ( work_id=123456 ) LIMIT 1   [ RunTime:0.0210s ]
NOTIC: [8] Undefined variable: a F:\XAMPP\htdocs\dyl\ThinkPHP\Lab_dyl\Application\Admin\Model\UserModel.class.php 第 13 行.
ERR: 1065:Query was empty
ERR: 1065:Query was empty

[ 2018-07-19T10:10:22+08:00 ] ::1 /ThinkPHP/lab_dyl/index.php/Admin/Labinfo/dex
INFO: [ app_init ] --START--
INFO: Run Behavior\BuildLiteBehavior [ RunTime:0.000007s ]
INFO: [ app_init ] --END-- [ RunTime:0.000315s ]
INFO: [ app_begin ] --START--
INFO: Run Behavior\ReadHtmlCacheBehavior [ RunTime:0.000480s ]
INFO: [ app_begin ] --END-- [ RunTime:0.000503s ]
NOTIC: [2] Declaration of Admin\Model\UserModel::check($work_id, $password) should be compatible with Think\Model::check($value, $rule, $type = 'regex') F:\XAMPP\htdocs\dyl\ThinkPHP\Lab_dyl\Application\Admin\Model\UserModel.class.php 第 4 行.
SQL: SHOW COLUMNS FROM `user` [ RunTime:0.0242s ]
SQL: SELECT `password` FROM `user` WHERE ( work_id=123456 ) LIMIT 1   [ RunTime:0.0221s ]
NOTIC: [8] Undefined variable: a F:\XAMPP\htdocs\dyl\ThinkPHP\Lab_dyl\Application\Admin\Model\UserModel.class.php 第 13 行.
ERR: 1065:Query was empty
ERR: 1065:Query was empty

[ 2018-07-19T10:10:26+08:00 ] ::1 /ThinkPHP/lab_dyl/index.php/Admin/Labinfo/dex
INFO: [ app_init ] --START--
INFO: Run Behavior\BuildLiteBehavior [ RunTime:0.000007s ]
INFO: [ app_init ] --END-- [ RunTime:0.000288s ]
INFO: [ app_begin ] --START--
INFO: Run Behavior\ReadHtmlCacheBehavior [ RunTime:0.000370s ]
INFO: [ app_begin ] --END-- [ RunTime:0.000393s ]
NOTIC: [2] Declaration of Admin\Model\UserModel::check($work_id, $password) should be compatible with Think\Model::check($value, $rule, $type = 'regex') F:\XAMPP\htdocs\dyl\ThinkPHP\Lab_dyl\Application\Admin\Model\UserModel.class.php 第 4 行.
SQL: SHOW COLUMNS FROM `user` [ RunTime:0.0202s ]
SQL: SELECT `password` FROM `user` WHERE ( work_id=123456 ) LIMIT 1   [ RunTime:0.0172s ]
NOTIC: [8] Undefined variable: a F:\XAMPP\htdocs\dyl\ThinkPHP\Lab_dyl\Application\Admin\Model\UserModel.class.php 第 13 行.
ERR: 1065:Query was empty
ERR: 1065:Query was empty

[ 2018-07-19T10:10:50+08:00 ] ::1 /ThinkPHP/lab_dyl/index.php/Admin/Labinfo/dex
INFO: [ app_init ] --START--
INFO: Run Behavior\BuildLiteBehavior [ RunTime:0.000008s ]
INFO: [ app_init ] --END-- [ RunTime:0.000353s ]
INFO: [ app_begin ] --START--
INFO: Run Behavior\ReadHtmlCacheBehavior [ RunTime:0.000492s ]
INFO: [ app_begin ] --END-- [ RunTime:0.000515s ]
NOTIC: [2] Declaration of Admin\Model\UserModel::check($work_id, $password) should be compatible with Think\Model::check($value, $rule, $type = 'regex') F:\XAMPP\htdocs\dyl\ThinkPHP\Lab_dyl\Application\Admin\Model\UserModel.class.php 第 4 行.
SQL: SHOW COLUMNS FROM `user` [ RunTime:0.0236s ]
SQL: SELECT `password` FROM `user` WHERE ( work_id=123456 ) LIMIT 1   [ RunTime:0.0257s ]
SQL: select password from user [ RunTime:0.0004s ]
NOTIC: [8] Undefined index: password F:\XAMPP\htdocs\dyl\ThinkPHP\Lab_dyl\Application\Admin\Model\UserModel.class.php 第 15 行.
INFO: [ app_end ] --START--
INFO: Run Behavior\ShowPageTraceBehavior [ RunTime:0.001609s ]
INFO: [ app_end ] --END-- [ RunTime:0.001671s ]

[ 2018-07-19T10:11:04+08:00 ] ::1 /ThinkPHP/lab_dyl/index.php/Admin/Labinfo/dex
INFO: [ app_init ] --START--
INFO: Run Behavior\BuildLiteBehavior [ RunTime:0.000013s ]
INFO: [ app_init ] --END-- [ RunTime:0.000356s ]
INFO: [ app_begin ] --START--
INFO: Run Behavior\ReadHtmlCacheBehavior [ RunTime:0.000371s ]
INFO: [ app_begin ] --END-- [ RunTime:0.000399s ]
NOTIC: [2] Declaration of Admin\Model\UserModel::check($work_id, $password) should be compatible with Think\Model::check($value, $rule, $type = 'regex') F:\XAMPP\htdocs\dyl\ThinkPHP\Lab_dyl\Application\Admin\Model\UserModel.class.php 第 4 行.
SQL: SHOW COLUMNS FROM `user` [ RunTime:0.0228s ]
SQL: SELECT `password` FROM `user` WHERE ( work_id=123456 ) LIMIT 1   [ RunTime:0.0238s ]
SQL: select password from user where work_id="2016214356" [ RunTime:0.0005s ]
NOTIC: [8] Undefined index: password F:\XAMPP\htdocs\dyl\ThinkPHP\Lab_dyl\Application\Admin\Model\UserModel.class.php 第 15 行.
INFO: [ app_end ] --START--
INFO: Run Behavior\ShowPageTraceBehavior [ RunTime:0.001803s ]
INFO: [ app_end ] --END-- [ RunTime:0.001880s ]

[ 2018-07-19T10:11:07+08:00 ] ::1 /ThinkPHP/lab_dyl/index.php/Admin/Labinfo/dex
INFO: [ app_init ] --START--
INFO: Run Behavior\BuildLiteBehavior [ RunTime:0.000009s ]
INFO: [ app_init ] --END-- [ RunTime:0.000291s ]
INFO: [ app_begin ] --START--
INFO: Run Behavior\ReadHtmlCacheBehavior [ RunTime:0.000605s ]
INFO: [ app_begin ] --END-- [ RunTime:0.000639s ]
NOTIC: [2] Declaration of Admin\Model\UserModel::check($work_id, $password) should be compatible with Think\Model::check($value, $rule, $type = 'regex') F:\XAMPP\htdocs\dyl\ThinkPHP\Lab_dyl\Application\Admin\Model\UserModel.class.php 第 4 行.
SQL: SHOW COLUMNS FROM `user` [ RunTime:0.0243s ]
SQL: SELECT `password` FROM `user` WHERE ( work_id=123456 ) LIMIT 1   [ RunTime:0.0274s ]
SQL: select password from user where work_id="2016214356" [ RunTime:0.0005s ]
NOTIC: [8] Undefined index: password F:\XAMPP\htdocs\dyl\ThinkPHP\Lab_dyl\Application\Admin\Model\UserModel.class.php 第 15 行.
INFO: [ app_end ] --START--
INFO: Run Behavior\ShowPageTraceBehavior [ RunTime:0.001499s ]
INFO: [ app_end ] --END-- [ RunTime:0.001656s ]

[ 2018-07-19T10:12:07+08:00 ] ::1 /ThinkPHP/lab_dyl/index.php/Admin/Labinfo/dex
INFO: [ app_init ] --START--
INFO: Run Behavior\BuildLiteBehavior [ RunTime:0.000008s ]
INFO: [ app_init ] --END-- [ RunTime:0.000291s ]
INFO: [ app_begin ] --START--
INFO: Run Behavior\ReadHtmlCacheBehavior [ RunTime:0.000417s ]
INFO: [ app_begin ] --END-- [ RunTime:0.000443s ]
NOTIC: [2] Declaration of Admin\Model\UserModel::check($work_id, $password) should be compatible with Think\Model::check($value, $rule, $type = 'regex') F:\XAMPP\htdocs\dyl\ThinkPHP\Lab_dyl\Application\Admin\Model\UserModel.class.php 第 4 行.
SQL: SHOW COLUMNS FROM `user` [ RunTime:0.0122s ]
SQL: SELECT `password` FROM `user` WHERE ( work_id=123456 ) LIMIT 1   [ RunTime:0.0088s ]
SQL: select password from user where work_id="2016214356" [ RunTime:0.0002s ]
INFO: [ app_end ] --START--
INFO: Run Behavior\ShowPageTraceBehavior [ RunTime:0.000422s ]
INFO: [ app_end ] --END-- [ RunTime:0.000441s ]

[ 2018-07-19T10:12:10+08:00 ] ::1 /ThinkPHP/lab_dyl/index.php/Admin/Labinfo/dex
INFO: [ app_init ] --START--
INFO: Run Behavior\BuildLiteBehavior [ RunTime:0.000012s ]
INFO: [ app_init ] --END-- [ RunTime:0.000354s ]
INFO: [ app_begin ] --START--
INFO: Run Behavior\ReadHtmlCacheBehavior [ RunTime:0.000477s ]
INFO: [ app_begin ] --END-- [ RunTime:0.000505s ]
NOTIC: [2] Declaration of Admin\Model\UserModel::check($work_id, $password) should be compatible with Think\Model::check($value, $rule, $type = 'regex') F:\XAMPP\htdocs\dyl\ThinkPHP\Lab_dyl\Application\Admin\Model\UserModel.class.php 第 4 行.
SQL: SHOW COLUMNS FROM `user` [ RunTime:0.0191s ]
SQL: SELECT `password` FROM `user` WHERE ( work_id=123456 ) LIMIT 1   [ RunTime:0.0193s ]
SQL: select password from user where work_id="2016214356" [ RunTime:0.0004s ]
INFO: [ app_end ] --START--
INFO: Run Behavior\ShowPageTraceBehavior [ RunTime:0.001070s ]
INFO: [ app_end ] --END-- [ RunTime:0.001121s ]

[ 2018-07-19T10:35:02+08:00 ] ::1 /ThinkPHP/lab_dyl/index.php/Admin/Labinfo/dex
INFO: [ app_init ] --START--
INFO: Run Behavior\BuildLiteBehavior [ RunTime:0.000041s ]
INFO: [ app_init ] --END-- [ RunTime:0.001215s ]
INFO: [ app_begin ] --START--
INFO: Run Behavior\ReadHtmlCacheBehavior [ RunTime:0.001862s ]
INFO: [ app_begin ] --END-- [ RunTime:0.001954s ]
NOTIC: [2] Declaration of Admin\Model\UserModel::check($work_id, $password) should be compatible with Think\Model::check($value, $rule, $type = 'regex') F:\XAMPP\htdocs\dyl\ThinkPHP\Lab_dyl\Application\Admin\Model\UserModel.class.php 第 4 行.
SQL: SHOW COLUMNS FROM `user` [ RunTime:0.0237s ]
SQL: SELECT `password` FROM `user` WHERE ( work_id=123456 ) LIMIT 1   [ RunTime:0.0243s ]
SQL: select password from user where work_id="2016214356" [ RunTime:0.0005s ]
INFO: [ app_end ] --START--
INFO: Run Behavior\ShowPageTraceBehavior [ RunTime:0.001892s ]
INFO: [ app_end ] --END-- [ RunTime:0.001970s ]

[ 2018-07-19T10:38:32+08:00 ] ::1 /ThinkPHP/lab_dyl/index.php/Admin/Labinfo/dex
INFO: [ app_init ] --START--
INFO: Run Behavior\BuildLiteBehavior [ RunTime:0.000017s ]
INFO: [ app_init ] --END-- [ RunTime:0.000408s ]
INFO: [ app_begin ] --START--
INFO: Run Behavior\ReadHtmlCacheBehavior [ RunTime:0.000520s ]
INFO: [ app_begin ] --END-- [ RunTime:0.000545s ]
NOTIC: [2] Declaration of Admin\Model\UserModel::check($work_id, $password) should be compatible with Think\Model::check($value, $rule, $type = 'regex') F:\XAMPP\htdocs\dyl\ThinkPHP\Lab_dyl\Application\Admin\Model\UserModel.class.php 第 4 行.
SQL: SHOW COLUMNS FROM `user` [ RunTime:0.0226s ]
SQL: SELECT `password` FROM `user` WHERE ( work_id=2016214356 ) LIMIT 1   [ RunTime:0.0219s ]
NOTIC: [8] Undefined offset: 0 F:\XAMPP\htdocs\dyl\ThinkPHP\Lab_dyl\Application\Admin\Model\UserModel.class.php 第 15 行.
INFO: [ app_end ] --START--
INFO: Run Behavior\ShowPageTraceBehavior [ RunTime:0.001619s ]
INFO: [ app_end ] --END-- [ RunTime:0.001684s ]

[ 2018-07-19T10:39:04+08:00 ] ::1 /ThinkPHP/lab_dyl/index.php/Admin/Labinfo/dex
INFO: [ app_init ] --START--
INFO: Run Behavior\BuildLiteBehavior [ RunTime:0.000013s ]
INFO: [ app_init ] --END-- [ RunTime:0.000337s ]
INFO: [ app_begin ] --START--
INFO: Run Behavior\ReadHtmlCacheBehavior [ RunTime:0.000504s ]
INFO: [ app_begin ] --END-- [ RunTime:0.000528s ]
NOTIC: [2] Declaration of Admin\Model\UserModel::check($work_id, $password) should be compatible with Think\Model::check($value, $rule, $type = 'regex') F:\XAMPP\htdocs\dyl\ThinkPHP\Lab_dyl\Application\Admin\Model\UserModel.class.php 第 4 行.
SQL: SHOW COLUMNS FROM `user` [ RunTime:0.0201s ]
SQL: SELECT `password` FROM `user` WHERE ( work_id=2016214356 ) LIMIT 1   [ RunTime:0.0270s ]
INFO: [ app_end ] --START--
INFO: Run Behavior\ShowPageTraceBehavior [ RunTime:0.001690s ]
INFO: [ app_end ] --END-- [ RunTime:0.001782s ]

[ 2018-07-19T10:40:07+08:00 ] ::1 /ThinkPHP/lab_dyl/index.php/Admin/Labinfo/dex
INFO: [ app_init ] --START--
INFO: Run Behavior\BuildLiteBehavior [ RunTime:0.000008s ]
INFO: [ app_init ] --END-- [ RunTime:0.000270s ]
INFO: [ app_begin ] --START--
INFO: Run Behavior\ReadHtmlCacheBehavior [ RunTime:0.000335s ]
INFO: [ app_begin ] --END-- [ RunTime:0.000356s ]
NOTIC: [2] Declaration of Admin\Model\UserModel::check($work_id, $password) should be compatible with Think\Model::check($value, $rule, $type = 'regex') F:\XAMPP\htdocs\dyl\ThinkPHP\Lab_dyl\Application\Admin\Model\UserModel.class.php 第 4 行.
SQL: SHOW COLUMNS FROM `user` [ RunTime:0.0251s ]
SQL: SELECT `password` FROM `user` WHERE ( work_id=2016214356 ) LIMIT 1   [ RunTime:0.0237s ]
INFO: [ app_end ] --START--
INFO: Run Behavior\ShowPageTraceBehavior [ RunTime:0.001500s ]
INFO: [ app_end ] --END-- [ RunTime:0.001618s ]

[ 2018-07-19T10:41:30+08:00 ] ::1 /ThinkPHP/lab_dyl/index.php/Admin/Labinfo/dex
INFO: [ app_init ] --START--
INFO: Run Behavior\BuildLiteBehavior [ RunTime:0.000008s ]
INFO: [ app_init ] --END-- [ RunTime:0.000309s ]
INFO: [ app_begin ] --START--
INFO: Run Behavior\ReadHtmlCacheBehavior [ RunTime:0.000442s ]
INFO: [ app_begin ] --END-- [ RunTime:0.000463s ]
NOTIC: [2] Declaration of Admin\Model\UserModel::check($work_id, $password) should be compatible with Think\Model::check($value, $rule, $type = 'regex') F:\XAMPP\htdocs\dyl\ThinkPHP\Lab_dyl\Application\Admin\Model\UserModel.class.php 第 4 行.
SQL: SHOW COLUMNS FROM `user` [ RunTime:0.0255s ]
SQL: SELECT `password` FROM `user` WHERE ( work_id=2016214356 ) LIMIT 1   [ RunTime:0.0282s ]
NOTIC: [8] Use of undefined constant ture - assumed 'ture' F:\XAMPP\htdocs\dyl\ThinkPHP\Lab_dyl\Application\Admin\Model\UserModel.class.php 第 17 行.
INFO: [ app_end ] --START--
INFO: Run Behavior\ShowPageTraceBehavior [ RunTime:0.001894s ]
INFO: [ app_end ] --END-- [ RunTime:0.001967s ]

[ 2018-07-19T10:42:23+08:00 ] ::1 /ThinkPHP/lab_dyl/index.php/Admin/Labinfo/dex
INFO: [ app_init ] --START--
INFO: Run Behavior\BuildLiteBehavior [ RunTime:0.000009s ]
INFO: [ app_init ] --END-- [ RunTime:0.000356s ]
INFO: [ app_begin ] --START--
INFO: Run Behavior\ReadHtmlCacheBehavior [ RunTime:0.000684s ]
INFO: [ app_begin ] --END-- [ RunTime:0.000725s ]
NOTIC: [2] Declaration of Admin\Model\UserModel::check($work_id, $password) should be compatible with Think\Model::check($value, $rule, $type = 'regex') F:\XAMPP\htdocs\dyl\ThinkPHP\Lab_dyl\Application\Admin\Model\UserModel.class.php 第 4 行.
SQL: SHOW COLUMNS FROM `user` [ RunTime:0.0254s ]
SQL: select password from user where work_id="2016214356" [ RunTime:0.0300s ]
NOTIC: [8] Undefined index: password F:\XAMPP\htdocs\dyl\ThinkPHP\Lab_dyl\Application\Admin\Model\UserModel.class.php 第 15 行.
INFO: [ app_end ] --START--
INFO: Run Behavior\ShowPageTraceBehavior [ RunTime:0.001809s ]
INFO: [ app_end ] --END-- [ RunTime:0.001890s ]

[ 2018-07-19T10:46:36+08:00 ] ::1 /ThinkPHP/lab_dyl/index.php/Admin/Labinfo/dex
INFO: [ app_init ] --START--
INFO: Run Behavior\BuildLiteBehavior [ RunTime:0.000008s ]
INFO: [ app_init ] --END-- [ RunTime:0.000341s ]
INFO: [ app_begin ] --START--
INFO: Run Behavior\ReadHtmlCacheBehavior [ RunTime:0.000507s ]
INFO: [ app_begin ] --END-- [ RunTime:0.000532s ]
NOTIC: [2] Declaration of Admin\Model\UserModel::check($work_id, $password) should be compatible with Think\Model::check($value, $rule, $type = 'regex') F:\XAMPP\htdocs\dyl\ThinkPHP\Lab_dyl\Application\Admin\Model\UserModel.class.php 第 4 行.
SQL: SHOW COLUMNS FROM `user` [ RunTime:0.0227s ]
SQL: select password from user where work_id="2016214356" [ RunTime:0.0229s ]
NOTIC: [8] Use of undefined constant ture - assumed 'ture' F:\XAMPP\htdocs\dyl\ThinkPHP\Lab_dyl\Application\Admin\Model\UserModel.class.php 第 17 行.
INFO: [ app_end ] --START--
INFO: Run Behavior\ShowPageTraceBehavior [ RunTime:0.001624s ]
INFO: [ app_end ] --END-- [ RunTime:0.001687s ]

[ 2018-07-19T11:19:09+08:00 ] ::1 /ThinkPHP/lab_dyl/index.php/Admin/Labinfo/dex
INFO: [ app_init ] --START--
INFO: Run Behavior\BuildLiteBehavior [ RunTime:0.000008s ]
INFO: [ app_init ] --END-- [ RunTime:0.000339s ]
INFO: [ app_begin ] --START--
INFO: Run Behavior\ReadHtmlCacheBehavior [ RunTime:0.000496s ]
INFO: [ app_begin ] --END-- [ RunTime:0.000520s ]
NOTIC: [2] Declaration of Admin\Model\UserModel::check($work_id, $password) should be compatible with Think\Model::check($value, $rule, $type = 'regex') F:\XAMPP\htdocs\dyl\ThinkPHP\Lab_dyl\Application\Admin\Model\UserModel.class.php 第 4 行.
SQL: SHOW COLUMNS FROM `user` [ RunTime:0.0179s ]
SQL: select password from user where work_id="2016214356" [ RunTime:0.0239s ]
NOTIC: [8] Use of undefined constant ture - assumed 'ture' F:\XAMPP\htdocs\dyl\ThinkPHP\Lab_dyl\Application\Admin\Model\UserModel.class.php 第 17 行.
INFO: [ app_end ] --START--
INFO: Run Behavior\ShowPageTraceBehavior [ RunTime:0.001924s ]
INFO: [ app_end ] --END-- [ RunTime:0.002000s ]

[ 2018-07-19T11:19:13+08:00 ] ::1 /ThinkPHP/lab_dyl/index.php/Admin/Labinfo/dex
INFO: [ app_init ] --START--
INFO: Run Behavior\BuildLiteBehavior [ RunTime:0.000023s ]
INFO: [ app_init ] --END-- [ RunTime:0.000387s ]
INFO: [ app_begin ] --START--
INFO: Run Behavior\ReadHtmlCacheBehavior [ RunTime:0.000566s ]
INFO: [ app_begin ] --END-- [ RunTime:0.000615s ]
NOTIC: [2] Declaration of Admin\Model\UserModel::check($work_id, $password) should be compatible with Think\Model::check($value, $rule, $type = 'regex') F:\XAMPP\htdocs\dyl\ThinkPHP\Lab_dyl\Application\Admin\Model\UserModel.class.php 第 4 行.
SQL: SHOW COLUMNS FROM `user` [ RunTime:0.0254s ]
SQL: select password from user where work_id="2016214356" [ RunTime:0.0256s ]
NOTIC: [8] Use of undefined constant ture - assumed 'ture' F:\XAMPP\htdocs\dyl\ThinkPHP\Lab_dyl\Application\Admin\Model\UserModel.class.php 第 17 行.
INFO: [ app_end ] --START--
INFO: Run Behavior\ShowPageTraceBehavior [ RunTime:0.001461s ]
INFO: [ app_end ] --END-- [ RunTime:0.001532s ]

[ 2018-07-19T12:28:04+08:00 ] ::1 /ThinkPHP/lab_dyl/index.php/Admin/Labinfo/dex
INFO: [ app_init ] --START--
INFO: Run Behavior\BuildLiteBehavior [ RunTime:0.000013s ]
INFO: [ app_init ] --END-- [ RunTime:0.001963s ]
INFO: [ app_begin ] --START--
INFO: Run Behavior\ReadHtmlCacheBehavior [ RunTime:0.018094s ]
INFO: [ app_begin ] --END-- [ RunTime:0.018126s ]
ERR: 非法操作:dex

[ 2018-07-19T12:28:10+08:00 ] ::1 /ThinkPHP/lab_dyl/index.php/Admin/Labinfo/login
INFO: [ app_init ] --START--
INFO: Run Behavior\BuildLiteBehavior [ RunTime:0.000010s ]
INFO: [ app_init ] --END-- [ RunTime:0.000317s ]
INFO: [ app_begin ] --START--
INFO: Run Behavior\ReadHtmlCacheBehavior [ RunTime:0.000440s ]
INFO: [ app_begin ] --END-- [ RunTime:0.000461s ]
SQL: SHOW COLUMNS FROM `user` [ RunTime:0.0341s ]
ERR: Think\Model:docheck方法不存在！

[ 2018-07-19T12:29:07+08:00 ] ::1 /ThinkPHP/lab_dyl/index.php/Admin/Labinfo/login
INFO: [ app_init ] --START--
INFO: Run Behavior\BuildLiteBehavior [ RunTime:0.000012s ]
INFO: [ app_init ] --END-- [ RunTime:0.000288s ]
INFO: [ app_begin ] --START--
INFO: Run Behavior\ReadHtmlCacheBehavior [ RunTime:0.000477s ]
INFO: [ app_begin ] --END-- [ RunTime:0.000498s ]
SQL: SHOW COLUMNS FROM `user` [ RunTime:0.0232s ]
ERR: Think\Model:docheck方法不存在！

[ 2018-07-19T12:29:11+08:00 ] ::1 /ThinkPHP/lab_dyl/index.php/Admin/Labinfo/log_in
INFO: [ app_init ] --START--
INFO: Run Behavior\BuildLiteBehavior [ RunTime:0.000009s ]
INFO: [ app_init ] --END-- [ RunTime:0.000330s ]
INFO: [ app_begin ] --START--
INFO: Run Behavior\ReadHtmlCacheBehavior [ RunTime:0.000412s ]
INFO: [ app_begin ] --END-- [ RunTime:0.000448s ]
ERR: 非法操作:log_in

[ 2018-07-19T12:29:24+08:00 ] ::1 /ThinkPHP/lab_dyl/index.php/Admin/Labinfo/login
INFO: [ app_init ] --START--
INFO: Run Behavior\BuildLiteBehavior [ RunTime:0.000012s ]
INFO: [ app_init ] --END-- [ RunTime:0.000385s ]
INFO: [ app_begin ] --START--
INFO: Run Behavior\ReadHtmlCacheBehavior [ RunTime:0.000914s ]
INFO: [ app_begin ] --END-- [ RunTime:0.000959s ]
SQL: SHOW COLUMNS FROM `user` [ RunTime:0.0116s ]
ERR: Think\Model:docheck方法不存在！

[ 2018-07-19T12:29:35+08:00 ] ::1 /ThinkPHP/lab_dyl/index.php/Admin/Labinfo/login
INFO: [ app_init ] --START--
INFO: Run Behavior\BuildLiteBehavior [ RunTime:0.000006s ]
INFO: [ app_init ] --END-- [ RunTime:0.000235s ]
INFO: [ app_begin ] --START--
INFO: Run Behavior\ReadHtmlCacheBehavior [ RunTime:0.000362s ]
INFO: [ app_begin ] --END-- [ RunTime:0.000382s ]
SQL: SHOW COLUMNS FROM `user` [ RunTime:0.0130s ]
SQL: select work_id,password from user where work_id="2016214356" [ RunTime:0.0079s ]
NOTIC: [8] Use of undefined constant ture - assumed 'ture' F:\XAMPP\htdocs\dyl\ThinkPHP\Lab_dyl\Application\Admin\Model\UserModel.class.php 第 18 行.
INFO: [ app_end ] --START--
INFO: Run Behavior\ShowPageTraceBehavior [ RunTime:0.002296s ]
INFO: [ app_end ] --END-- [ RunTime:0.002323s ]

[ 2018-07-19T12:30:06+08:00 ] ::1 /ThinkPHP/lab_dyl/index.php/Admin/Labinfo/login
INFO: [ app_init ] --START--
INFO: Run Behavior\BuildLiteBehavior [ RunTime:0.000010s ]
INFO: [ app_init ] --END-- [ RunTime:0.000565s ]
INFO: [ app_begin ] --START--
INFO: Run Behavior\ReadHtmlCacheBehavior [ RunTime:0.000466s ]
INFO: [ app_begin ] --END-- [ RunTime:0.000497s ]
SQL: SHOW COLUMNS FROM `user` [ RunTime:0.0122s ]
SQL: select work_id,password from user where work_id="2016214356" [ RunTime:0.0089s ]
NOTIC: [8] Use of undefined constant ture - assumed 'ture' F:\XAMPP\htdocs\dyl\ThinkPHP\Lab_dyl\Application\Admin\Model\UserModel.class.php 第 21 行.
INFO: [ app_end ] --START--
INFO: Run Behavior\ShowPageTraceBehavior [ RunTime:0.000492s ]
INFO: [ app_end ] --END-- [ RunTime:0.000527s ]

[ 2018-07-19T12:33:35+08:00 ] ::1 /ThinkPHP/lab_dyl/index.php/Admin/Labinfo/login
INFO: [ app_init ] --START--
INFO: Run Behavior\BuildLiteBehavior [ RunTime:0.000010s ]
INFO: [ app_init ] --END-- [ RunTime:0.000595s ]
INFO: [ app_begin ] --START--
INFO: Run Behavior\ReadHtmlCacheBehavior [ RunTime:0.000601s ]
INFO: [ app_begin ] --END-- [ RunTime:0.000630s ]
ERR: syntax error, unexpected '->' (T_OBJECT_OPERATOR)

[ 2018-07-19T12:34:33+08:00 ] ::1 /ThinkPHP/lab_dyl/index.php/Admin/Labinfo/login
INFO: [ app_init ] --START--
INFO: Run Behavior\BuildLiteBehavior [ RunTime:0.000007s ]
INFO: [ app_init ] --END-- [ RunTime:0.000256s ]
INFO: [ app_begin ] --START--
INFO: Run Behavior\ReadHtmlCacheBehavior [ RunTime:0.000315s ]
INFO: [ app_begin ] --END-- [ RunTime:0.000335s ]
SQL: SHOW COLUMNS FROM `user` [ RunTime:0.0136s ]
SQL: select work_id,password from user where work_id="2016214356" [ RunTime:0.0096s ]
NOTIC: [8] Use of undefined constant ture - assumed 'ture' F:\XAMPP\htdocs\dyl\ThinkPHP\Lab_dyl\Application\Admin\Model\UserModel.class.php 第 26 行.
INFO: [ app_end ] --START--
INFO: Run Behavior\ShowPageTraceBehavior [ RunTime:0.000518s ]
INFO: [ app_end ] --END-- [ RunTime:0.000538s ]

[ 2018-07-19T12:34:35+08:00 ] ::1 /ThinkPHP/lab_dyl/index.php/Admin/Labinfo/login
INFO: [ app_init ] --START--
INFO: Run Behavior\BuildLiteBehavior [ RunTime:0.000007s ]
INFO: [ app_init ] --END-- [ RunTime:0.000239s ]
INFO: [ app_begin ] --START--
INFO: Run Behavior\ReadHtmlCacheBehavior [ RunTime:0.000314s ]
INFO: [ app_begin ] --END-- [ RunTime:0.000334s ]
SQL: SHOW COLUMNS FROM `user` [ RunTime:0.0132s ]
SQL: select work_id,password from user where work_id="2016214356" [ RunTime:0.0076s ]
NOTIC: [8] Use of undefined constant ture - assumed 'ture' F:\XAMPP\htdocs\dyl\ThinkPHP\Lab_dyl\Application\Admin\Model\UserModel.class.php 第 26 行.
INFO: [ app_end ] --START--
INFO: Run Behavior\ShowPageTraceBehavior [ RunTime:0.000427s ]
INFO: [ app_end ] --END-- [ RunTime:0.000447s ]

[ 2018-07-19T12:35:22+08:00 ] ::1 /ThinkPHP/lab_dyl/index.php/Admin/Labinfo/login
INFO: [ app_init ] --START--
INFO: Run Behavior\BuildLiteBehavior [ RunTime:0.000007s ]
INFO: [ app_init ] --END-- [ RunTime:0.000334s ]
INFO: [ app_begin ] --START--
INFO: Run Behavior\ReadHtmlCacheBehavior [ RunTime:0.000421s ]
INFO: [ app_begin ] --END-- [ RunTime:0.000462s ]
SQL: SHOW COLUMNS FROM `user` [ RunTime:0.0153s ]
SQL: select work_id,password from user where work_id="2016214356" [ RunTime:0.0100s ]
NOTIC: [8] Use of undefined constant ture - assumed 'ture' F:\XAMPP\htdocs\dyl\ThinkPHP\Lab_dyl\Application\Admin\Model\UserModel.class.php 第 23 行.
INFO: [ app_end ] --START--
INFO: Run Behavior\ShowPageTraceBehavior [ RunTime:0.000862s ]
INFO: [ app_end ] --END-- [ RunTime:0.000903s ]

[ 2018-07-19T12:35:32+08:00 ] ::1 /ThinkPHP/lab_dyl/index.php/Admin/Labinfo/login
INFO: [ app_init ] --START--
INFO: Run Behavior\BuildLiteBehavior [ RunTime:0.000008s ]
INFO: [ app_init ] --END-- [ RunTime:0.000254s ]
INFO: [ app_begin ] --START--
INFO: Run Behavior\ReadHtmlCacheBehavior [ RunTime:0.000505s ]
INFO: [ app_begin ] --END-- [ RunTime:0.000547s ]
SQL: SHOW COLUMNS FROM `user` [ RunTime:0.0206s ]
SQL: select work_id,password from user where work_id="2016214356" [ RunTime:0.0088s ]
NOTIC: [8] Use of undefined constant ture - assumed 'ture' F:\XAMPP\htdocs\dyl\ThinkPHP\Lab_dyl\Application\Admin\Model\UserModel.class.php 第 23 行.
INFO: [ app_end ] --START--
INFO: Run Behavior\ShowPageTraceBehavior [ RunTime:0.005233s ]
INFO: [ app_end ] --END-- [ RunTime:0.005263s ]

[ 2018-07-19T12:35:43+08:00 ] ::1 /ThinkPHP/lab_dyl/index.php/Admin/Labinfo/login
INFO: [ app_init ] --START--
INFO: Run Behavior\BuildLiteBehavior [ RunTime:0.000010s ]
INFO: [ app_init ] --END-- [ RunTime:0.000532s ]
INFO: [ app_begin ] --START--
INFO: Run Behavior\ReadHtmlCacheBehavior [ RunTime:0.000635s ]
INFO: [ app_begin ] --END-- [ RunTime:0.000727s ]
SQL: SHOW COLUMNS FROM `user` [ RunTime:0.0137s ]
SQL: select work_id,password from user where work_id="2016214356" [ RunTime:0.0187s ]
NOTIC: [8] Use of undefined constant ture - assumed 'ture' F:\XAMPP\htdocs\dyl\ThinkPHP\Lab_dyl\Application\Admin\Model\UserModel.class.php 第 23 行.
INFO: [ app_end ] --START--
INFO: Run Behavior\ShowPageTraceBehavior [ RunTime:0.001347s ]
INFO: [ app_end ] --END-- [ RunTime:0.001413s ]

[ 2018-07-19T12:35:51+08:00 ] ::1 /ThinkPHP/lab_dyl/index.php/Admin/Labinfo/login
INFO: [ app_init ] --START--
INFO: Run Behavior\BuildLiteBehavior [ RunTime:0.000011s ]
INFO: [ app_init ] --END-- [ RunTime:0.000327s ]
INFO: [ app_begin ] --START--
INFO: Run Behavior\ReadHtmlCacheBehavior [ RunTime:0.000480s ]
INFO: [ app_begin ] --END-- [ RunTime:0.000502s ]
SQL: SHOW COLUMNS FROM `user` [ RunTime:0.0142s ]
SQL: select work_id,password from user where work_id="2016214356" [ RunTime:0.0171s ]
NOTIC: [8] Use of undefined constant ture - assumed 'ture' F:\XAMPP\htdocs\dyl\ThinkPHP\Lab_dyl\Application\Admin\Model\UserModel.class.php 第 23 行.
INFO: [ app_end ] --START--
INFO: Run Behavior\ShowPageTraceBehavior [ RunTime:0.000929s ]
INFO: [ app_end ] --END-- [ RunTime:0.000965s ]

[ 2018-07-19T12:36:55+08:00 ] ::1 /ThinkPHP/lab_dyl/index.php/Admin/Labinfo/login
INFO: [ app_init ] --START--
INFO: Run Behavior\BuildLiteBehavior [ RunTime:0.000012s ]
INFO: [ app_init ] --END-- [ RunTime:0.000288s ]
INFO: [ app_begin ] --START--
INFO: Run Behavior\ReadHtmlCacheBehavior [ RunTime:0.000480s ]
INFO: [ app_begin ] --END-- [ RunTime:0.000501s ]
SQL: SHOW COLUMNS FROM `user` [ RunTime:0.0121s ]
SQL: select work_id,password from user where work_id="2016214356" [ RunTime:0.0178s ]
NOTIC: [8] Use of undefined constant ture - assumed 'ture' F:\XAMPP\htdocs\dyl\ThinkPHP\Lab_dyl\Application\Admin\Model\UserModel.class.php 第 19 行.
INFO: [ app_end ] --START--
INFO: Run Behavior\ShowPageTraceBehavior [ RunTime:0.000493s ]
INFO: [ app_end ] --END-- [ RunTime:0.000510s ]

[ 2018-07-19T12:37:42+08:00 ] ::1 /ThinkPHP/lab_dyl/index.php/Admin/Labinfo/login
INFO: [ app_init ] --START--
INFO: Run Behavior\BuildLiteBehavior [ RunTime:0.000007s ]
INFO: [ app_init ] --END-- [ RunTime:0.000362s ]
INFO: [ app_begin ] --START--
INFO: Run Behavior\ReadHtmlCacheBehavior [ RunTime:0.000432s ]
INFO: [ app_begin ] --END-- [ RunTime:0.000456s ]
SQL: SHOW COLUMNS FROM `user` [ RunTime:0.0128s ]
SQL: select work_id,password from user where work_id="2016214356" [ RunTime:0.0079s ]
NOTIC: [8] Use of undefined constant ture - assumed 'ture' F:\XAMPP\htdocs\dyl\ThinkPHP\Lab_dyl\Application\Admin\Model\UserModel.class.php 第 19 行.
INFO: [ app_end ] --START--
INFO: Run Behavior\ShowPageTraceBehavior [ RunTime:0.000431s ]
INFO: [ app_end ] --END-- [ RunTime:0.000450s ]

[ 2018-07-19T12:38:10+08:00 ] ::1 /ThinkPHP/lab_dyl/index.php/Admin/Labinfo/login
INFO: [ app_init ] --START--
INFO: Run Behavior\BuildLiteBehavior [ RunTime:0.000007s ]
INFO: [ app_init ] --END-- [ RunTime:0.000299s ]
INFO: [ app_begin ] --START--
INFO: Run Behavior\ReadHtmlCacheBehavior [ RunTime:0.000308s ]
INFO: [ app_begin ] --END-- [ RunTime:0.000326s ]
SQL: SHOW COLUMNS FROM `user` [ RunTime:0.0210s ]
SQL: select password from user where work_id="2016214356" [ RunTime:0.0076s ]
NOTIC: [8] Use of undefined constant ture - assumed 'ture' F:\XAMPP\htdocs\dyl\ThinkPHP\Lab_dyl\Application\Admin\Model\UserModel.class.php 第 19 行.
INFO: [ app_end ] --START--
INFO: Run Behavior\ShowPageTraceBehavior [ RunTime:0.000408s ]
INFO: [ app_end ] --END-- [ RunTime:0.000427s ]

[ 2018-07-19T12:40:33+08:00 ] ::1 /ThinkPHP/lab_dyl/index.php/Admin/Labinfo/login
INFO: [ app_init ] --START--
INFO: Run Behavior\BuildLiteBehavior [ RunTime:0.000008s ]
INFO: [ app_init ] --END-- [ RunTime:0.000313s ]
INFO: [ app_begin ] --START--
INFO: Run Behavior\ReadHtmlCacheBehavior [ RunTime:0.000431s ]
INFO: [ app_begin ] --END-- [ RunTime:0.000452s ]
SQL: SHOW COLUMNS FROM `user` [ RunTime:0.0129s ]
ERR: 1054:Unknown column '$work_id' in 'field list'
 [ SQL语句 ] : select $work_id from user where work_id="20162144356"
ERR: 1054:Unknown column '$work_id' in 'field list'
 [ SQL语句 ] : select $work_id from user where work_id="20162144356"

[ 2018-07-19T12:42:42+08:00 ] ::1 /ThinkPHP/lab_dyl/index.php/Admin/Labinfo/login
INFO: [ app_init ] --START--
INFO: Run Behavior\BuildLiteBehavior [ RunTime:0.000013s ]
INFO: [ app_init ] --END-- [ RunTime:0.000491s ]
INFO: [ app_begin ] --START--
INFO: Run Behavior\ReadHtmlCacheBehavior [ RunTime:0.000667s ]
INFO: [ app_begin ] --END-- [ RunTime:0.000692s ]
SQL: SHOW COLUMNS FROM `user` [ RunTime:0.0203s ]
ERR: 1054:Unknown column '$work_id' in 'field list'
 [ SQL语句 ] : select $work_id from user where work_id="20162144356"
ERR: 1054:Unknown column '$work_id' in 'field list'
 [ SQL语句 ] : select $work_id from user where work_id="20162144356"

[ 2018-07-19T12:42:45+08:00 ] ::1 /ThinkPHP/lab_dyl/index.php/Admin/Labinfo/login
INFO: [ app_init ] --START--
INFO: Run Behavior\BuildLiteBehavior [ RunTime:0.000007s ]
INFO: [ app_init ] --END-- [ RunTime:0.000504s ]
INFO: [ app_begin ] --START--
INFO: Run Behavior\ReadHtmlCacheBehavior [ RunTime:0.000429s ]
INFO: [ app_begin ] --END-- [ RunTime:0.000465s ]
SQL: SHOW COLUMNS FROM `user` [ RunTime:0.0166s ]
ERR: 1054:Unknown column '$work_id' in 'field list'
 [ SQL语句 ] : select $work_id from user where work_id="20162144356"
ERR: 1054:Unknown column '$work_id' in 'field list'
 [ SQL语句 ] : select $work_id from user where work_id="20162144356"

[ 2018-07-19T12:42:57+08:00 ] ::1 /ThinkPHP/lab_dyl/index.php/Admin/Labinfo/login
INFO: [ app_init ] --START--
INFO: Run Behavior\BuildLiteBehavior [ RunTime:0.000010s ]
INFO: [ app_init ] --END-- [ RunTime:0.000545s ]
INFO: [ app_begin ] --START--
INFO: Run Behavior\ReadHtmlCacheBehavior [ RunTime:0.000795s ]
INFO: [ app_begin ] --END-- [ RunTime:0.000844s ]
SQL: SHOW COLUMNS FROM `user` [ RunTime:0.0171s ]
SQL: select password from user where work_id="20162144356" [ RunTime:0.0131s ]
NOTIC: [8] Undefined offset: 0 F:\XAMPP\htdocs\dyl\ThinkPHP\Lab_dyl\Application\Admin\Model\UserModel.class.php 第 15 行.
INFO: [ app_end ] --START--
INFO: Run Behavior\ShowPageTraceBehavior [ RunTime:0.000756s ]
INFO: [ app_end ] --END-- [ RunTime:0.000794s ]

[ 2018-07-19T12:43:12+08:00 ] ::1 /ThinkPHP/lab_dyl/index.php/Admin/Labinfo/login
INFO: [ app_init ] --START--
INFO: Run Behavior\BuildLiteBehavior [ RunTime:0.000026s ]
INFO: [ app_init ] --END-- [ RunTime:0.000450s ]
INFO: [ app_begin ] --START--
INFO: Run Behavior\ReadHtmlCacheBehavior [ RunTime:0.000525s ]
INFO: [ app_begin ] --END-- [ RunTime:0.000601s ]
SQL: SHOW COLUMNS FROM `user` [ RunTime:0.0123s ]
SQL: select password from user where work_id="20162144356" [ RunTime:0.0112s ]
NOTIC: [8] Undefined offset: 0 F:\XAMPP\htdocs\dyl\ThinkPHP\Lab_dyl\Application\Admin\Model\UserModel.class.php 第 15 行.
INFO: [ app_end ] --START--
INFO: Run Behavior\ShowPageTraceBehavior [ RunTime:0.001324s ]
INFO: [ app_end ] --END-- [ RunTime:0.001373s ]

[ 2018-07-19T12:43:46+08:00 ] ::1 /ThinkPHP/lab_dyl/index.php/Admin/Labinfo/login
INFO: [ app_init ] --START--
INFO: Run Behavior\BuildLiteBehavior [ RunTime:0.000010s ]
INFO: [ app_init ] --END-- [ RunTime:0.008231s ]
INFO: [ app_begin ] --START--
INFO: Run Behavior\ReadHtmlCacheBehavior [ RunTime:0.000363s ]
INFO: [ app_begin ] --END-- [ RunTime:0.000383s ]
SQL: SHOW COLUMNS FROM `user` [ RunTime:0.0205s ]
SQL: select password from user where work_id="20162144356" [ RunTime:0.0139s ]
NOTIC: [8] Undefined offset: 0 F:\XAMPP\htdocs\dyl\ThinkPHP\Lab_dyl\Application\Admin\Model\UserModel.class.php 第 15 行.
INFO: [ app_end ] --START--
INFO: Run Behavior\ShowPageTraceBehavior [ RunTime:0.000630s ]
INFO: [ app_end ] --END-- [ RunTime:0.000659s ]

[ 2018-07-19T12:43:59+08:00 ] ::1 /ThinkPHP/lab_dyl/index.php/Admin/Labinfo/login
INFO: [ app_init ] --START--
INFO: Run Behavior\BuildLiteBehavior [ RunTime:0.000011s ]
INFO: [ app_init ] --END-- [ RunTime:0.000420s ]
INFO: [ app_begin ] --START--
INFO: Run Behavior\ReadHtmlCacheBehavior [ RunTime:0.000645s ]
INFO: [ app_begin ] --END-- [ RunTime:0.000678s ]
SQL: SHOW COLUMNS FROM `user` [ RunTime:0.0220s ]
SQL: select password from user where work_id="20162144356" [ RunTime:0.0104s ]
NOTIC: [8] Undefined offset: 0 F:\XAMPP\htdocs\dyl\ThinkPHP\Lab_dyl\Application\Admin\Model\UserModel.class.php 第 15 行.
INFO: [ app_end ] --START--
INFO: Run Behavior\ShowPageTraceBehavior [ RunTime:0.000652s ]
INFO: [ app_end ] --END-- [ RunTime:0.000674s ]

[ 2018-07-19T12:44:02+08:00 ] ::1 /ThinkPHP/lab_dyl/index.php/Admin/Labinfo/login
INFO: [ app_init ] --START--
INFO: Run Behavior\BuildLiteBehavior [ RunTime:0.000014s ]
INFO: [ app_init ] --END-- [ RunTime:0.000518s ]
INFO: [ app_begin ] --START--
INFO: Run Behavior\ReadHtmlCacheBehavior [ RunTime:0.000632s ]
INFO: [ app_begin ] --END-- [ RunTime:0.000698s ]
SQL: SHOW COLUMNS FROM `user` [ RunTime:0.0119s ]
SQL: select password from user where work_id="20162144356" [ RunTime:0.0083s ]
NOTIC: [8] Undefined offset: 0 F:\XAMPP\htdocs\dyl\ThinkPHP\Lab_dyl\Application\Admin\Model\UserModel.class.php 第 15 行.
INFO: [ app_end ] --START--
INFO: Run Behavior\ShowPageTraceBehavior [ RunTime:0.000496s ]
INFO: [ app_end ] --END-- [ RunTime:0.000520s ]

[ 2018-07-19T12:46:32+08:00 ] ::1 /ThinkPHP/lab_dyl/index.php/Admin/Labinfo/login
INFO: [ app_init ] --START--
INFO: Run Behavior\BuildLiteBehavior [ RunTime:0.000044s ]
INFO: [ app_init ] --END-- [ RunTime:0.000435s ]
INFO: [ app_begin ] --START--
INFO: Run Behavior\ReadHtmlCacheBehavior [ RunTime:0.000624s ]
INFO: [ app_begin ] --END-- [ RunTime:0.000677s ]
SQL: SHOW COLUMNS FROM `user` [ RunTime:0.0141s ]
SQL: select work_id,password from user where work_id="20162144356" [ RunTime:0.0099s ]
NOTIC: [8] Undefined offset: 0 F:\XAMPP\htdocs\dyl\ThinkPHP\Lab_dyl\Application\Admin\Model\UserModel.class.php 第 17 行.
INFO: [ app_end ] --START--
INFO: Run Behavior\ShowPageTraceBehavior [ RunTime:0.000654s ]
INFO: [ app_end ] --END-- [ RunTime:0.000675s ]

[ 2018-07-19T12:46:33+08:00 ] ::1 /ThinkPHP/lab_dyl/index.php/Admin/Labinfo/login
INFO: [ app_init ] --START--
INFO: Run Behavior\BuildLiteBehavior [ RunTime:0.000006s ]
INFO: [ app_init ] --END-- [ RunTime:0.000235s ]
INFO: [ app_begin ] --START--
INFO: Run Behavior\ReadHtmlCacheBehavior [ RunTime:0.000343s ]
INFO: [ app_begin ] --END-- [ RunTime:0.000363s ]
SQL: SHOW COLUMNS FROM `user` [ RunTime:0.0055s ]
SQL: select work_id,password from user where work_id="20162144356" [ RunTime:0.0143s ]
NOTIC: [8] Undefined offset: 0 F:\XAMPP\htdocs\dyl\ThinkPHP\Lab_dyl\Application\Admin\Model\UserModel.class.php 第 17 行.
INFO: [ app_end ] --START--
INFO: Run Behavior\ShowPageTraceBehavior [ RunTime:0.000424s ]
INFO: [ app_end ] --END-- [ RunTime:0.000444s ]

[ 2018-07-19T12:46:44+08:00 ] ::1 /ThinkPHP/lab_dyl/index.php/Admin/Labinfo/login
INFO: [ app_init ] --START--
INFO: Run Behavior\BuildLiteBehavior [ RunTime:0.000012s ]
INFO: [ app_init ] --END-- [ RunTime:0.001904s ]
INFO: [ app_begin ] --START--
INFO: Run Behavior\ReadHtmlCacheBehavior [ RunTime:0.000457s ]
INFO: [ app_begin ] --END-- [ RunTime:0.000478s ]
SQL: SHOW COLUMNS FROM `user` [ RunTime:0.0152s ]
SQL: select work_id,password from user where work_id="2016214356" [ RunTime:0.0085s ]
NOTIC: [8] Use of undefined constant ture - assumed 'ture' F:\XAMPP\htdocs\dyl\ThinkPHP\Lab_dyl\Application\Admin\Model\UserModel.class.php 第 19 行.
INFO: [ app_end ] --START--
INFO: Run Behavior\ShowPageTraceBehavior [ RunTime:0.000537s ]
INFO: [ app_end ] --END-- [ RunTime:0.000556s ]

[ 2018-07-19T21:17:40+08:00 ] ::1 /ThinkPHP/lab_dyl/index.php/Admin/Labinfo/login
INFO: [ app_init ] --START--
INFO: Run Behavior\BuildLiteBehavior [ RunTime:0.000007s ]
INFO: [ app_init ] --END-- [ RunTime:0.000250s ]
INFO: [ app_begin ] --START--
INFO: Run Behavior\ReadHtmlCacheBehavior [ RunTime:0.000308s ]
INFO: [ app_begin ] --END-- [ RunTime:0.000328s ]
INFO: [ app_end ] --START--
INFO: Run Behavior\ShowPageTraceBehavior [ RunTime:0.000890s ]
INFO: [ app_end ] --END-- [ RunTime:0.000931s ]

[ 2018-07-19T21:17:41+08:00 ] ::1 /ThinkPHP/lab_dyl/index.php/Admin/Labinfo/login
INFO: [ app_init ] --START--
INFO: Run Behavior\BuildLiteBehavior [ RunTime:0.000010s ]
INFO: [ app_init ] --END-- [ RunTime:0.000494s ]
INFO: [ app_begin ] --START--
INFO: Run Behavior\ReadHtmlCacheBehavior [ RunTime:0.000503s ]
INFO: [ app_begin ] --END-- [ RunTime:0.000572s ]
INFO: [ app_end ] --START--
INFO: Run Behavior\ShowPageTraceBehavior [ RunTime:0.000413s ]
INFO: [ app_end ] --END-- [ RunTime:0.000436s ]

[ 2018-07-19T21:17:43+08:00 ] ::1 /ThinkPHP/lab_dyl/index.php/Admin/Labinfo/login
INFO: [ app_init ] --START--
INFO: Run Behavior\BuildLiteBehavior [ RunTime:0.000022s ]
INFO: [ app_init ] --END-- [ RunTime:0.001476s ]
INFO: [ app_begin ] --START--
INFO: Run Behavior\ReadHtmlCacheBehavior [ RunTime:0.000336s ]
INFO: [ app_begin ] --END-- [ RunTime:0.000360s ]
INFO: [ app_end ] --START--
INFO: Run Behavior\ShowPageTraceBehavior [ RunTime:0.000448s ]
INFO: [ app_end ] --END-- [ RunTime:0.000470s ]

[ 2018-07-19T21:17:43+08:00 ] ::1 /ThinkPHP/lab_dyl/index.php/Admin/Labinfo/login
INFO: [ app_init ] --START--
INFO: Run Behavior\BuildLiteBehavior [ RunTime:0.000006s ]
INFO: [ app_init ] --END-- [ RunTime:0.000237s ]
INFO: [ app_begin ] --START--
INFO: Run Behavior\ReadHtmlCacheBehavior [ RunTime:0.000316s ]
INFO: [ app_begin ] --END-- [ RunTime:0.000364s ]
INFO: [ app_end ] --START--
INFO: Run Behavior\ShowPageTraceBehavior [ RunTime:0.000326s ]
INFO: [ app_end ] --END-- [ RunTime:0.000346s ]

[ 2018-07-19T21:17:43+08:00 ] ::1 /ThinkPHP/lab_dyl/index.php/Admin/Labinfo/login
INFO: [ app_init ] --START--
INFO: Run Behavior\BuildLiteBehavior [ RunTime:0.000006s ]
INFO: [ app_init ] --END-- [ RunTime:0.000227s ]
INFO: [ app_begin ] --START--
INFO: Run Behavior\ReadHtmlCacheBehavior [ RunTime:0.000307s ]
INFO: [ app_begin ] --END-- [ RunTime:0.000326s ]
INFO: [ app_end ] --START--
INFO: Run Behavior\ShowPageTraceBehavior [ RunTime:0.000402s ]
INFO: [ app_end ] --END-- [ RunTime:0.000422s ]

[ 2018-07-19T21:17:43+08:00 ] ::1 /ThinkPHP/lab_dyl/index.php/Admin/Labinfo/login
INFO: [ app_init ] --START--
INFO: Run Behavior\BuildLiteBehavior [ RunTime:0.000006s ]
INFO: [ app_init ] --END-- [ RunTime:0.000232s ]
INFO: [ app_begin ] --START--
INFO: Run Behavior\ReadHtmlCacheBehavior [ RunTime:0.000406s ]
INFO: [ app_begin ] --END-- [ RunTime:0.000426s ]
INFO: [ app_end ] --START--
INFO: Run Behavior\ShowPageTraceBehavior [ RunTime:0.000488s ]
INFO: [ app_end ] --END-- [ RunTime:0.000540s ]

[ 2018-07-19T21:17:44+08:00 ] ::1 /ThinkPHP/lab_dyl/index.php/Admin/Labinfo/login
INFO: [ app_init ] --START--
INFO: Run Behavior\BuildLiteBehavior [ RunTime:0.000029s ]
INFO: [ app_init ] --END-- [ RunTime:0.000594s ]
INFO: [ app_begin ] --START--
INFO: Run Behavior\ReadHtmlCacheBehavior [ RunTime:0.000811s ]
INFO: [ app_begin ] --END-- [ RunTime:0.000854s ]
INFO: [ app_end ] --START--
INFO: Run Behavior\ShowPageTraceBehavior [ RunTime:0.000326s ]
INFO: [ app_end ] --END-- [ RunTime:0.000346s ]

[ 2018-07-19T21:18:34+08:00 ] ::1 /ThinkPHP/lab_dyl/index.php/Admin/Labinfo/login
INFO: [ app_init ] --START--
INFO: Run Behavior\BuildLiteBehavior [ RunTime:0.000044s ]
INFO: [ app_init ] --END-- [ RunTime:0.000502s ]
INFO: [ app_begin ] --START--
INFO: Run Behavior\ReadHtmlCacheBehavior [ RunTime:0.000486s ]
INFO: [ app_begin ] --END-- [ RunTime:0.000510s ]
INFO: [ app_end ] --START--
INFO: Run Behavior\ShowPageTraceBehavior [ RunTime:0.000466s ]
INFO: [ app_end ] --END-- [ RunTime:0.000487s ]

[ 2018-07-19T21:18:35+08:00 ] ::1 /ThinkPHP/lab_dyl/index.php/Admin/Labinfo/login
INFO: [ app_init ] --START--
INFO: Run Behavior\BuildLiteBehavior [ RunTime:0.000007s ]
INFO: [ app_init ] --END-- [ RunTime:0.000335s ]
INFO: [ app_begin ] --START--
INFO: Run Behavior\ReadHtmlCacheBehavior [ RunTime:0.000437s ]
INFO: [ app_begin ] --END-- [ RunTime:0.000464s ]
INFO: [ app_end ] --START--
INFO: Run Behavior\ShowPageTraceBehavior [ RunTime:0.000455s ]
INFO: [ app_end ] --END-- [ RunTime:0.000498s ]

[ 2018-07-19T21:18:36+08:00 ] ::1 /ThinkPHP/lab_dyl/index.php/Admin/Labinfo/login
INFO: [ app_init ] --START--
INFO: Run Behavior\BuildLiteBehavior [ RunTime:0.000007s ]
INFO: [ app_init ] --END-- [ RunTime:0.000363s ]
INFO: [ app_begin ] --START--
INFO: Run Behavior\ReadHtmlCacheBehavior [ RunTime:0.000348s ]
INFO: [ app_begin ] --END-- [ RunTime:0.000372s ]
INFO: [ app_end ] --START--
INFO: Run Behavior\ShowPageTraceBehavior [ RunTime:0.000373s ]
INFO: [ app_end ] --END-- [ RunTime:0.000428s ]

[ 2018-07-19T21:18:36+08:00 ] ::1 /ThinkPHP/lab_dyl/index.php/Admin/Labinfo/login
INFO: [ app_init ] --START--
INFO: Run Behavior\BuildLiteBehavior [ RunTime:0.000006s ]
INFO: [ app_init ] --END-- [ RunTime:0.000302s ]
INFO: [ app_begin ] --START--
INFO: Run Behavior\ReadHtmlCacheBehavior [ RunTime:0.000318s ]
INFO: [ app_begin ] --END-- [ RunTime:0.000337s ]
INFO: [ app_end ] --START--
INFO: Run Behavior\ShowPageTraceBehavior [ RunTime:0.000318s ]
INFO: [ app_end ] --END-- [ RunTime:0.000337s ]

[ 2018-07-19T21:18:36+08:00 ] ::1 /ThinkPHP/lab_dyl/index.php/Admin/Labinfo/login
INFO: [ app_init ] --START--
INFO: Run Behavior\BuildLiteBehavior [ RunTime:0.000007s ]
INFO: [ app_init ] --END-- [ RunTime:0.000244s ]
INFO: [ app_begin ] --START--
INFO: Run Behavior\ReadHtmlCacheBehavior [ RunTime:0.000578s ]
INFO: [ app_begin ] --END-- [ RunTime:0.000633s ]
INFO: [ app_end ] --START--
INFO: Run Behavior\ShowPageTraceBehavior [ RunTime:0.000422s ]
INFO: [ app_end ] --END-- [ RunTime:0.000449s ]

[ 2018-07-19T21:18:36+08:00 ] ::1 /ThinkPHP/lab_dyl/index.php/Admin/Labinfo/login
INFO: [ app_init ] --START--
INFO: Run Behavior\BuildLiteBehavior [ RunTime:0.000007s ]
INFO: [ app_init ] --END-- [ RunTime:0.000316s ]
INFO: [ app_begin ] --START--
INFO: Run Behavior\ReadHtmlCacheBehavior [ RunTime:0.000326s ]
INFO: [ app_begin ] --END-- [ RunTime:0.000349s ]
INFO: [ app_end ] --START--
INFO: Run Behavior\ShowPageTraceBehavior [ RunTime:0.000434s ]
INFO: [ app_end ] --END-- [ RunTime:0.000458s ]

[ 2018-07-19T21:18:36+08:00 ] ::1 /ThinkPHP/lab_dyl/index.php/Admin/Labinfo/login
INFO: [ app_init ] --START--
INFO: Run Behavior\BuildLiteBehavior [ RunTime:0.000006s ]
INFO: [ app_init ] --END-- [ RunTime:0.000243s ]
INFO: [ app_begin ] --START--
INFO: Run Behavior\ReadHtmlCacheBehavior [ RunTime:0.000400s ]
INFO: [ app_begin ] --END-- [ RunTime:0.000425s ]
INFO: [ app_end ] --START--
INFO: Run Behavior\ShowPageTraceBehavior [ RunTime:0.000481s ]
INFO: [ app_end ] --END-- [ RunTime:0.000526s ]

[ 2018-07-19T21:18:37+08:00 ] ::1 /ThinkPHP/lab_dyl/index.php/Admin/Labinfo/login
INFO: [ app_init ] --START--
INFO: Run Behavior\BuildLiteBehavior [ RunTime:0.000005s ]
INFO: [ app_init ] --END-- [ RunTime:0.000233s ]
INFO: [ app_begin ] --START--
INFO: Run Behavior\ReadHtmlCacheBehavior [ RunTime:0.000324s ]
INFO: [ app_begin ] --END-- [ RunTime:0.000374s ]
INFO: [ app_end ] --START--
INFO: Run Behavior\ShowPageTraceBehavior [ RunTime:0.000610s ]
INFO: [ app_end ] --END-- [ RunTime:0.000650s ]

[ 2018-07-19T21:18:37+08:00 ] ::1 /ThinkPHP/lab_dyl/index.php/Admin/Labinfo/login
INFO: [ app_init ] --START--
INFO: Run Behavior\BuildLiteBehavior [ RunTime:0.000007s ]
INFO: [ app_init ] --END-- [ RunTime:0.000252s ]
INFO: [ app_begin ] --START--
INFO: Run Behavior\ReadHtmlCacheBehavior [ RunTime:0.000465s ]
INFO: [ app_begin ] --END-- [ RunTime:0.000491s ]
INFO: [ app_end ] --START--
INFO: Run Behavior\ShowPageTraceBehavior [ RunTime:0.000341s ]
INFO: [ app_end ] --END-- [ RunTime:0.000362s ]

[ 2018-07-19T21:18:37+08:00 ] ::1 /ThinkPHP/lab_dyl/index.php/Admin/Labinfo/login
INFO: [ app_init ] --START--
INFO: Run Behavior\BuildLiteBehavior [ RunTime:0.000007s ]
INFO: [ app_init ] --END-- [ RunTime:0.000239s ]
INFO: [ app_begin ] --START--
INFO: Run Behavior\ReadHtmlCacheBehavior [ RunTime:0.000313s ]
INFO: [ app_begin ] --END-- [ RunTime:0.000333s ]
INFO: [ app_end ] --START--
INFO: Run Behavior\ShowPageTraceBehavior [ RunTime:0.000325s ]
INFO: [ app_end ] --END-- [ RunTime:0.000345s ]

[ 2018-07-19T21:18:37+08:00 ] ::1 /ThinkPHP/lab_dyl/index.php/Admin/Labinfo/login
INFO: [ app_init ] --START--
INFO: Run Behavior\BuildLiteBehavior [ RunTime:0.000007s ]
INFO: [ app_init ] --END-- [ RunTime:0.000279s ]
INFO: [ app_begin ] --START--
INFO: Run Behavior\ReadHtmlCacheBehavior [ RunTime:0.000349s ]
INFO: [ app_begin ] --END-- [ RunTime:0.000373s ]
INFO: [ app_end ] --START--
INFO: Run Behavior\ShowPageTraceBehavior [ RunTime:0.000559s ]
INFO: [ app_end ] --END-- [ RunTime:0.000597s ]

[ 2018-07-19T21:18:37+08:00 ] ::1 /ThinkPHP/lab_dyl/index.php/Admin/Labinfo/login
INFO: [ app_init ] --START--
INFO: Run Behavior\BuildLiteBehavior [ RunTime:0.000005s ]
INFO: [ app_init ] --END-- [ RunTime:0.000238s ]
INFO: [ app_begin ] --START--
INFO: Run Behavior\ReadHtmlCacheBehavior [ RunTime:0.000328s ]
INFO: [ app_begin ] --END-- [ RunTime:0.000349s ]
INFO: [ app_end ] --START--
INFO: Run Behavior\ShowPageTraceBehavior [ RunTime:0.000345s ]
INFO: [ app_end ] --END-- [ RunTime:0.000365s ]

[ 2018-07-19T21:19:47+08:00 ] ::1 /ThinkPHP/lab_dyl/index.php/Admin/Labinfo/login
INFO: [ app_init ] --START--
INFO: Run Behavior\BuildLiteBehavior [ RunTime:0.000014s ]
INFO: [ app_init ] --END-- [ RunTime:0.000308s ]
INFO: [ app_begin ] --START--
INFO: Run Behavior\ReadHtmlCacheBehavior [ RunTime:0.000720s ]
INFO: [ app_begin ] --END-- [ RunTime:0.000776s ]
INFO: [ app_end ] --START--
INFO: Run Behavior\ShowPageTraceBehavior [ RunTime:0.000832s ]
INFO: [ app_end ] --END-- [ RunTime:0.000935s ]

[ 2018-07-19T21:19:48+08:00 ] ::1 /ThinkPHP/lab_dyl/index.php/Admin/Labinfo/login
INFO: [ app_init ] --START--
INFO: Run Behavior\BuildLiteBehavior [ RunTime:0.000009s ]
INFO: [ app_init ] --END-- [ RunTime:0.000379s ]
INFO: [ app_begin ] --START--
INFO: Run Behavior\ReadHtmlCacheBehavior [ RunTime:0.000469s ]
INFO: [ app_begin ] --END-- [ RunTime:0.000552s ]
INFO: [ app_end ] --START--
INFO: Run Behavior\ShowPageTraceBehavior [ RunTime:0.000506s ]
INFO: [ app_end ] --END-- [ RunTime:0.000558s ]

[ 2018-07-19T21:19:59+08:00 ] ::1 /ThinkPHP/lab_dyl/index.php/Admin/Labinfo/login
INFO: [ app_init ] --START--
INFO: Run Behavior\BuildLiteBehavior [ RunTime:0.000011s ]
INFO: [ app_init ] --END-- [ RunTime:0.000328s ]
INFO: [ app_begin ] --START--
INFO: Run Behavior\ReadHtmlCacheBehavior [ RunTime:0.000447s ]
INFO: [ app_begin ] --END-- [ RunTime:0.000468s ]
INFO: [ app_end ] --START--
INFO: Run Behavior\ShowPageTraceBehavior [ RunTime:0.000453s ]
INFO: [ app_end ] --END-- [ RunTime:0.000474s ]

[ 2018-07-19T21:20:35+08:00 ] ::1 /ThinkPHP/lab_dyl/index.php/Admin/Labinfo/login
INFO: [ app_init ] --START--
INFO: Run Behavior\BuildLiteBehavior [ RunTime:0.000010s ]
INFO: [ app_init ] --END-- [ RunTime:0.000272s ]
INFO: [ app_begin ] --START--
INFO: Run Behavior\ReadHtmlCacheBehavior [ RunTime:0.000920s ]
INFO: [ app_begin ] --END-- [ RunTime:0.001013s ]
NOTIC: [8] Use of undefined constant password - assumed 'password' F:\XAMPP\htdocs\dyl\ThinkPHP\Lab_dyl\Application\Admin\Controller\LabinfoController.class.php 第 18 行.
SQL: SHOW COLUMNS FROM `user` [ RunTime:0.0149s ]
ERR: Think\Model:log_in方法不存在！

[ 2018-07-19T21:21:40+08:00 ] ::1 /ThinkPHP/lab_dyl/index.php/Admin/Labinfo/login
INFO: [ app_init ] --START--
INFO: Run Behavior\BuildLiteBehavior [ RunTime:0.000011s ]
INFO: [ app_init ] --END-- [ RunTime:0.000288s ]
INFO: [ app_begin ] --START--
INFO: Run Behavior\ReadHtmlCacheBehavior [ RunTime:0.000441s ]
INFO: [ app_begin ] --END-- [ RunTime:0.000462s ]
NOTIC: [8] Use of undefined constant password - assumed 'password' F:\XAMPP\htdocs\dyl\ThinkPHP\Lab_dyl\Application\Admin\Controller\LabinfoController.class.php 第 18 行.
SQL: SHOW COLUMNS FROM `user` [ RunTime:0.0150s ]
ERR: Think\Model:log_in方法不存在！

[ 2018-07-19T21:25:44+08:00 ] ::1 /ThinkPHP/lab_dyl/index.php/Admin/Labinfo/login
INFO: [ app_init ] --START--
INFO: Run Behavior\BuildLiteBehavior [ RunTime:0.000016s ]
INFO: [ app_init ] --END-- [ RunTime:0.000672s ]
INFO: [ app_begin ] --START--
INFO: Run Behavior\ReadHtmlCacheBehavior [ RunTime:0.000656s ]
INFO: [ app_begin ] --END-- [ RunTime:0.000718s ]
NOTIC: [8] Use of undefined constant password - assumed 'password' F:\XAMPP\htdocs\dyl\ThinkPHP\Lab_dyl\Application\Admin\Controller\LabinfoController.class.php 第 18 行.
SQL: SHOW COLUMNS FROM `user` [ RunTime:0.0233s ]
NOTIC: [8] Undefined variable: a F:\XAMPP\htdocs\dyl\ThinkPHP\Lab_dyl\Application\Admin\Controller\LabinfoController.class.php 第 22 行.
NOTIC: [8] Undefined variable: b F:\XAMPP\htdocs\dyl\ThinkPHP\Lab_dyl\Application\Admin\Controller\LabinfoController.class.php 第 22 行.
ERR: Think\Model:log_in方法不存在！

[ 2018-07-19T21:28:25+08:00 ] ::1 /ThinkPHP/lab_dyl/index.php/Admin/Labinfo/login
INFO: [ app_init ] --START--
INFO: Run Behavior\BuildLiteBehavior [ RunTime:0.000007s ]
INFO: [ app_init ] --END-- [ RunTime:0.000287s ]
INFO: [ app_begin ] --START--
INFO: Run Behavior\ReadHtmlCacheBehavior [ RunTime:0.000417s ]
INFO: [ app_begin ] --END-- [ RunTime:0.000437s ]
NOTIC: [8] Use of undefined constant password - assumed 'password' F:\XAMPP\htdocs\dyl\ThinkPHP\Lab_dyl\Application\Admin\Controller\LabinfoController.class.php 第 18 行.
SQL: SHOW COLUMNS FROM `user` [ RunTime:0.0170s ]
NOTIC: [8] Undefined variable: a F:\XAMPP\htdocs\dyl\ThinkPHP\Lab_dyl\Application\Admin\Controller\LabinfoController.class.php 第 22 行.
NOTIC: [8] Undefined variable: b F:\XAMPP\htdocs\dyl\ThinkPHP\Lab_dyl\Application\Admin\Controller\LabinfoController.class.php 第 22 行.
SQL: select password from user where work_id="" [ RunTime:0.0172s ]
NOTIC: [8] Undefined offset: 0 F:\XAMPP\htdocs\dyl\ThinkPHP\Lab_dyl\Application\Admin\Model\UserModel.class.php 第 17 行.
NOTIC: [8] Use of undefined constant ture - assumed 'ture' F:\XAMPP\htdocs\dyl\ThinkPHP\Lab_dyl\Application\Admin\Model\UserModel.class.php 第 19 行.
INFO: [ app_end ] --START--
INFO: Run Behavior\ShowPageTraceBehavior [ RunTime:0.001114s ]
INFO: [ app_end ] --END-- [ RunTime:0.001157s ]

[ 2018-07-19T21:37:09+08:00 ] ::1 /ThinkPHP/lab_dyl/index.php/Admin/Labinfo/login
INFO: [ app_init ] --START--
INFO: Run Behavior\BuildLiteBehavior [ RunTime:0.000007s ]
INFO: [ app_init ] --END-- [ RunTime:0.000363s ]
INFO: [ app_begin ] --START--
INFO: Run Behavior\ReadHtmlCacheBehavior [ RunTime:0.000402s ]
INFO: [ app_begin ] --END-- [ RunTime:0.000422s ]
NOTIC: [8] Use of undefined constant password - assumed 'password' F:\XAMPP\htdocs\dyl\ThinkPHP\Lab_dyl\Application\Admin\Controller\LabinfoController.class.php 第 18 行.
SQL: SHOW COLUMNS FROM `user` [ RunTime:0.0072s ]
NOTIC: [8] Undefined variable: a F:\XAMPP\htdocs\dyl\ThinkPHP\Lab_dyl\Application\Admin\Controller\LabinfoController.class.php 第 22 行.
NOTIC: [8] Undefined variable: b F:\XAMPP\htdocs\dyl\ThinkPHP\Lab_dyl\Application\Admin\Controller\LabinfoController.class.php 第 22 行.
SQL: select password from user where work_id="" [ RunTime:0.0102s ]
NOTIC: [8] Undefined offset: 0 F:\XAMPP\htdocs\dyl\ThinkPHP\Lab_dyl\Application\Admin\Model\UserModel.class.php 第 17 行.
NOTIC: [8] Use of undefined constant ture - assumed 'ture' F:\XAMPP\htdocs\dyl\ThinkPHP\Lab_dyl\Application\Admin\Model\UserModel.class.php 第 19 行.
INFO: [ app_end ] --START--
INFO: Run Behavior\ShowPageTraceBehavior [ RunTime:0.000778s ]
INFO: [ app_end ] --END-- [ RunTime:0.000807s ]

[ 2018-07-19T21:39:13+08:00 ] ::1 /ThinkPHP/lab_dyl/index.php/Admin/Labinfo/login
INFO: [ app_init ] --START--
INFO: Run Behavior\BuildLiteBehavior [ RunTime:0.000023s ]
INFO: [ app_init ] --END-- [ RunTime:0.000728s ]
INFO: [ app_begin ] --START--
INFO: Run Behavior\ReadHtmlCacheBehavior [ RunTime:0.000637s ]
INFO: [ app_begin ] --END-- [ RunTime:0.000670s ]
NOTIC: [8] Use of undefined constant password - assumed 'password' F:\XAMPP\htdocs\dyl\ThinkPHP\Lab_dyl\Application\Admin\Controller\LabinfoController.class.php 第 18 行.
SQL: SHOW COLUMNS FROM `user` [ RunTime:0.0134s ]
NOTIC: [8] Undefined variable: a F:\XAMPP\htdocs\dyl\ThinkPHP\Lab_dyl\Application\Admin\Controller\LabinfoController.class.php 第 22 行.
NOTIC: [8] Undefined variable: b F:\XAMPP\htdocs\dyl\ThinkPHP\Lab_dyl\Application\Admin\Controller\LabinfoController.class.php 第 22 行.
SQL: select password from user where work_id="" [ RunTime:0.0091s ]
NOTIC: [8] Undefined offset: 0 F:\XAMPP\htdocs\dyl\ThinkPHP\Lab_dyl\Application\Admin\Model\UserModel.class.php 第 17 行.
NOTIC: [8] Use of undefined constant ture - assumed 'ture' F:\XAMPP\htdocs\dyl\ThinkPHP\Lab_dyl\Application\Admin\Model\UserModel.class.php 第 19 行.
INFO: [ app_end ] --START--
INFO: Run Behavior\ShowPageTraceBehavior [ RunTime:0.000543s ]
INFO: [ app_end ] --END-- [ RunTime:0.000562s ]

