[ 2018-07-22T11:46:45+08:00 ] ::1 /ThinkPHP/lab_dyl/index.php/Admin/Index/hello
INFO: [ app_init ] --START--
INFO: Run Behavior\BuildLiteBehavior [ RunTime:0.000014s ]
INFO: [ app_init ] --END-- [ RunTime:0.014435s ]
INFO: [ app_begin ] --START--
INFO: Run Behavior\ReadHtmlCacheBehavior [ RunTime:0.017966s ]
INFO: [ app_begin ] --END-- [ RunTime:0.017997s ]
INFO: [ app_end ] --START--
INFO: Run Behavior\ShowPageTraceBehavior [ RunTime:0.008956s ]
INFO: [ app_end ] --END-- [ RunTime:0.008992s ]

[ 2018-07-22T11:48:48+08:00 ] ::1 /ThinkPHP/lab_dyl/index.php/Admin/User/login
INFO: [ app_init ] --START--
INFO: Run Behavior\BuildLiteBehavior [ RunTime:0.000015s ]
INFO: [ app_init ] --END-- [ RunTime:0.000334s ]
INFO: [ app_begin ] --START--
INFO: Run Behavior\ReadHtmlCacheBehavior [ RunTime:0.000490s ]
INFO: [ app_begin ] --END-- [ RunTime:0.000513s ]
ERR: syntax error, unexpected '?>', expecting function (T_FUNCTION) or const (T_CONST)

[ 2018-07-22T11:49:58+08:00 ] ::1 /ThinkPHP/lab_dyl/index.php/Admin/User/login
INFO: [ app_init ] --START--
INFO: Run Behavior\BuildLiteBehavior [ RunTime:0.000012s ]
INFO: [ app_init ] --END-- [ RunTime:0.000369s ]
INFO: [ app_begin ] --START--
INFO: Run Behavior\ReadHtmlCacheBehavior [ RunTime:0.000429s ]
INFO: [ app_begin ] --END-- [ RunTime:0.000450s ]
INFO: [ app_end ] --START--
INFO: Run Behavior\ShowPageTraceBehavior [ RunTime:0.000865s ]
INFO: [ app_end ] --END-- [ RunTime:0.000906s ]

[ 2018-07-22T11:49:58+08:00 ] ::1 /ThinkPHP/lab_dyl/index.php/Admin/User/login
INFO: [ app_init ] --START--
INFO: Run Behavior\BuildLiteBehavior [ RunTime:0.000037s ]
INFO: [ app_init ] --END-- [ RunTime:0.000297s ]
INFO: [ app_begin ] --START--
INFO: Run Behavior\ReadHtmlCacheBehavior [ RunTime:0.000369s ]
INFO: [ app_begin ] --END-- [ RunTime:0.000392s ]
INFO: [ app_end ] --START--
INFO: Run Behavior\ShowPageTraceBehavior [ RunTime:0.000333s ]
INFO: [ app_end ] --END-- [ RunTime:0.000353s ]

[ 2018-07-22T11:49:59+08:00 ] ::1 /ThinkPHP/lab_dyl/index.php/Admin/User/login
INFO: [ app_init ] --START--
INFO: Run Behavior\BuildLiteBehavior [ RunTime:0.000015s ]
INFO: [ app_init ] --END-- [ RunTime:0.000433s ]
INFO: [ app_begin ] --START--
INFO: Run Behavior\ReadHtmlCacheBehavior [ RunTime:0.000707s ]
INFO: [ app_begin ] --END-- [ RunTime:0.000779s ]
INFO: [ app_end ] --START--
INFO: Run Behavior\ShowPageTraceBehavior [ RunTime:0.000628s ]
INFO: [ app_end ] --END-- [ RunTime:0.000712s ]

[ 2018-07-22T11:50:53+08:00 ] ::1 /ThinkPHP/lab_dyl/index.php/Admin/User/login?account=2016214356&password=123456
INFO: [ app_init ] --START--
INFO: Run Behavior\BuildLiteBehavior [ RunTime:0.000014s ]
INFO: [ app_init ] --END-- [ RunTime:0.000341s ]
INFO: [ app_begin ] --START--
INFO: Run Behavior\ReadHtmlCacheBehavior [ RunTime:0.000523s ]
INFO: [ app_begin ] --END-- [ RunTime:0.000548s ]
INFO: [ app_end ] --START--
INFO: Run Behavior\ShowPageTraceBehavior [ RunTime:0.000424s ]
INFO: [ app_end ] --END-- [ RunTime:0.000446s ]

[ 2018-07-22T11:51:21+08:00 ] ::1 /ThinkPHP/lab_dyl/index.php/Admin/User/login?account=2016214356&password=123456
INFO: [ app_init ] --START--
INFO: Run Behavior\BuildLiteBehavior [ RunTime:0.000006s ]
INFO: [ app_init ] --END-- [ RunTime:0.000270s ]
INFO: [ app_begin ] --START--
INFO: Run Behavior\ReadHtmlCacheBehavior [ RunTime:0.000401s ]
INFO: [ app_begin ] --END-- [ RunTime:0.000421s ]
INFO: [ app_end ] --START--
INFO: Run Behavior\ShowPageTraceBehavior [ RunTime:0.000398s ]
INFO: [ app_end ] --END-- [ RunTime:0.000417s ]

[ 2018-07-22T11:51:22+08:00 ] ::1 /ThinkPHP/lab_dyl/index.php/Admin/User/login?account=2016214356&password=123456
INFO: [ app_init ] --START--
INFO: Run Behavior\BuildLiteBehavior [ RunTime:0.000032s ]
INFO: [ app_init ] --END-- [ RunTime:0.000676s ]
INFO: [ app_begin ] --START--
INFO: Run Behavior\ReadHtmlCacheBehavior [ RunTime:0.000680s ]
INFO: [ app_begin ] --END-- [ RunTime:0.000753s ]
INFO: [ app_end ] --START--
INFO: Run Behavior\ShowPageTraceBehavior [ RunTime:0.000384s ]
INFO: [ app_end ] --END-- [ RunTime:0.000405s ]

[ 2018-07-22T11:51:23+08:00 ] ::1 /ThinkPHP/lab_dyl/index.php/Admin/User/login?account=2016214356&password=123456
INFO: [ app_init ] --START--
INFO: Run Behavior\BuildLiteBehavior [ RunTime:0.000006s ]
INFO: [ app_init ] --END-- [ RunTime:0.000237s ]
INFO: [ app_begin ] --START--
INFO: Run Behavior\ReadHtmlCacheBehavior [ RunTime:0.000313s ]
INFO: [ app_begin ] --END-- [ RunTime:0.000332s ]
INFO: [ app_end ] --START--
INFO: Run Behavior\ShowPageTraceBehavior [ RunTime:0.000344s ]
INFO: [ app_end ] --END-- [ RunTime:0.000363s ]

[ 2018-07-22T11:52:37+08:00 ] ::1 /ThinkPHP/lab_dyl/index.php/Admin/User/login?account=2016214356&password=123456
INFO: [ app_init ] --START--
INFO: Run Behavior\BuildLiteBehavior [ RunTime:0.000010s ]
INFO: [ app_init ] --END-- [ RunTime:0.000438s ]
INFO: [ app_begin ] --START--
INFO: Run Behavior\ReadHtmlCacheBehavior [ RunTime:0.000452s ]
INFO: [ app_begin ] --END-- [ RunTime:0.000483s ]
INFO: [ app_end ] --START--
INFO: Run Behavior\ShowPageTraceBehavior [ RunTime:0.000663s ]
INFO: [ app_end ] --END-- [ RunTime:0.000694s ]

[ 2018-07-22T11:54:24+08:00 ] ::1 /ThinkPHP/lab_dyl/index.php/Admin/User/login?account=2016214356&password=123456
INFO: [ app_init ] --START--
INFO: Run Behavior\BuildLiteBehavior [ RunTime:0.000030s ]
INFO: [ app_init ] --END-- [ RunTime:0.000457s ]
INFO: [ app_begin ] --START--
INFO: Run Behavior\ReadHtmlCacheBehavior [ RunTime:0.000704s ]
INFO: [ app_begin ] --END-- [ RunTime:0.000744s ]
INFO: [ app_end ] --START--
INFO: Run Behavior\ShowPageTraceBehavior [ RunTime:0.000562s ]
INFO: [ app_end ] --END-- [ RunTime:0.000599s ]

[ 2018-07-22T11:55:39+08:00 ] ::1 /ThinkPHP/lab_dyl/index.php/Admin/User/login?account=2016214356&password=123456
INFO: [ app_init ] --START--
INFO: Run Behavior\BuildLiteBehavior [ RunTime:0.000011s ]
INFO: [ app_init ] --END-- [ RunTime:0.000335s ]
INFO: [ app_begin ] --START--
INFO: Run Behavior\ReadHtmlCacheBehavior [ RunTime:0.000472s ]
INFO: [ app_begin ] --END-- [ RunTime:0.000497s ]
INFO: [ app_end ] --START--
INFO: Run Behavior\ShowPageTraceBehavior [ RunTime:0.000474s ]
INFO: [ app_end ] --END-- [ RunTime:0.000498s ]

[ 2018-07-22T11:56:53+08:00 ] ::1 /ThinkPHP/lab_dyl/index.php/Admin/User/login?account=2016214356&password=123456
INFO: [ app_init ] --START--
INFO: Run Behavior\BuildLiteBehavior [ RunTime:0.000015s ]
INFO: [ app_init ] --END-- [ RunTime:0.000570s ]
INFO: [ app_begin ] --START--
INFO: Run Behavior\ReadHtmlCacheBehavior [ RunTime:0.000597s ]
INFO: [ app_begin ] --END-- [ RunTime:0.000627s ]
INFO: [ app_end ] --START--
INFO: Run Behavior\ShowPageTraceBehavior [ RunTime:0.000588s ]
INFO: [ app_end ] --END-- [ RunTime:0.000618s ]

[ 2018-07-22T11:57:13+08:00 ] ::1 /ThinkPHP/lab_dyl/index.php/Admin/User/login?account=2016214356&password=123456
INFO: [ app_init ] --START--
INFO: Run Behavior\BuildLiteBehavior [ RunTime:0.000011s ]
INFO: [ app_init ] --END-- [ RunTime:0.000267s ]
INFO: [ app_begin ] --START--
INFO: Run Behavior\ReadHtmlCacheBehavior [ RunTime:0.000350s ]
INFO: [ app_begin ] --END-- [ RunTime:0.000375s ]
INFO: [ app_end ] --START--
INFO: Run Behavior\ShowPageTraceBehavior [ RunTime:0.000380s ]
INFO: [ app_end ] --END-- [ RunTime:0.000401s ]

[ 2018-07-22T11:58:14+08:00 ] ::1 /ThinkPHP/lab_dyl/index.php/Admin/User/login?account=2016214356&password=123456
INFO: [ app_init ] --START--
INFO: Run Behavior\BuildLiteBehavior [ RunTime:0.000006s ]
INFO: [ app_init ] --END-- [ RunTime:0.000236s ]
INFO: [ app_begin ] --START--
INFO: Run Behavior\ReadHtmlCacheBehavior [ RunTime:0.000311s ]
INFO: [ app_begin ] --END-- [ RunTime:0.000331s ]
INFO: [ app_end ] --START--
INFO: Run Behavior\ShowPageTraceBehavior [ RunTime:0.000327s ]
INFO: [ app_end ] --END-- [ RunTime:0.000347s ]

[ 2018-07-22T11:58:53+08:00 ] ::1 /ThinkPHP/lab_dyl/index.php/Admin/User/login?account=2016214356&password=123456
INFO: [ app_init ] --START--
INFO: Run Behavior\BuildLiteBehavior [ RunTime:0.000006s ]
INFO: [ app_init ] --END-- [ RunTime:0.000281s ]
INFO: [ app_begin ] --START--
INFO: Run Behavior\ReadHtmlCacheBehavior [ RunTime:0.000505s ]
INFO: [ app_begin ] --END-- [ RunTime:0.000528s ]
INFO: [ app_end ] --START--
INFO: Run Behavior\ShowPageTraceBehavior [ RunTime:0.000475s ]
INFO: [ app_end ] --END-- [ RunTime:0.000495s ]

[ 2018-07-22T11:59:59+08:00 ] ::1 /ThinkPHP/lab_dyl/index.php/Admin/User/login?account=2016214356&password=123456
INFO: [ app_init ] --START--
INFO: Run Behavior\BuildLiteBehavior [ RunTime:0.000033s ]
INFO: [ app_init ] --END-- [ RunTime:0.000462s ]
INFO: [ app_begin ] --START--
INFO: Run Behavior\ReadHtmlCacheBehavior [ RunTime:0.000630s ]
INFO: [ app_begin ] --END-- [ RunTime:0.000656s ]
INFO: [ app_end ] --START--
INFO: Run Behavior\ShowPageTraceBehavior [ RunTime:0.000538s ]
INFO: [ app_end ] --END-- [ RunTime:0.000567s ]

[ 2018-07-22T12:00:24+08:00 ] ::1 /ThinkPHP/lab_dyl/index.php/Admin/User/login?account=2016214356&password=123456
INFO: [ app_init ] --START--
INFO: Run Behavior\BuildLiteBehavior [ RunTime:0.000007s ]
INFO: [ app_init ] --END-- [ RunTime:0.000369s ]
INFO: [ app_begin ] --START--
INFO: Run Behavior\ReadHtmlCacheBehavior [ RunTime:0.000408s ]
INFO: [ app_begin ] --END-- [ RunTime:0.000435s ]
INFO: [ app_end ] --START--
INFO: Run Behavior\ShowPageTraceBehavior [ RunTime:0.000355s ]
INFO: [ app_end ] --END-- [ RunTime:0.000379s ]

[ 2018-07-22T12:00:39+08:00 ] ::1 /ThinkPHP/lab_dyl/index.php/Admin/User/login?account=2016214356&password=123456
INFO: [ app_init ] --START--
INFO: Run Behavior\BuildLiteBehavior [ RunTime:0.000008s ]
INFO: [ app_init ] --END-- [ RunTime:0.000363s ]
INFO: [ app_begin ] --START--
INFO: Run Behavior\ReadHtmlCacheBehavior [ RunTime:0.000452s ]
INFO: [ app_begin ] --END-- [ RunTime:0.000495s ]
INFO: [ app_end ] --START--
INFO: Run Behavior\ShowPageTraceBehavior [ RunTime:0.000351s ]
INFO: [ app_end ] --END-- [ RunTime:0.000370s ]

[ 2018-07-22T12:00:55+08:00 ] ::1 /ThinkPHP/lab_dyl/index.php/Admin/User/login?account=2016214356&password=123456
INFO: [ app_init ] --START--
INFO: Run Behavior\BuildLiteBehavior [ RunTime:0.000034s ]
INFO: [ app_init ] --END-- [ RunTime:0.000439s ]
INFO: [ app_begin ] --START--
INFO: Run Behavior\ReadHtmlCacheBehavior [ RunTime:0.001490s ]
INFO: [ app_begin ] --END-- [ RunTime:0.001612s ]
INFO: [ app_end ] --START--
INFO: Run Behavior\ShowPageTraceBehavior [ RunTime:0.000508s ]
INFO: [ app_end ] --END-- [ RunTime:0.000552s ]

[ 2018-07-22T12:05:01+08:00 ] ::1 /ThinkPHP/lab_dyl/index.php/Admin/User/login?account=2016214356&password=123456
INFO: [ app_init ] --START--
INFO: Run Behavior\BuildLiteBehavior [ RunTime:0.000007s ]
INFO: [ app_init ] --END-- [ RunTime:0.000281s ]
INFO: [ app_begin ] --START--
INFO: Run Behavior\ReadHtmlCacheBehavior [ RunTime:0.000719s ]
INFO: [ app_begin ] --END-- [ RunTime:0.000746s ]
INFO: [ app_end ] --START--
INFO: Run Behavior\ShowPageTraceBehavior [ RunTime:0.000554s ]
INFO: [ app_end ] --END-- [ RunTime:0.000577s ]

[ 2018-07-22T12:09:06+08:00 ] ::1 /ThinkPHP/lab_dyl/index.php/Admin/User/login?account=2016214356&password=123456
INFO: [ app_init ] --START--
INFO: Run Behavior\BuildLiteBehavior [ RunTime:0.000007s ]
INFO: [ app_init ] --END-- [ RunTime:0.000299s ]
INFO: [ app_begin ] --START--
INFO: Run Behavior\ReadHtmlCacheBehavior [ RunTime:0.000423s ]
INFO: [ app_begin ] --END-- [ RunTime:0.000445s ]
INFO: [ app_end ] --START--
INFO: Run Behavior\ShowPageTraceBehavior [ RunTime:0.000519s ]
INFO: [ app_end ] --END-- [ RunTime:0.000558s ]

[ 2018-07-22T12:12:25+08:00 ] ::1 /ThinkPHP/lab_dyl/index.php/Admin/User/login?account=2016214356&password=123456
INFO: [ app_init ] --START--
INFO: Run Behavior\BuildLiteBehavior [ RunTime:0.000009s ]
INFO: [ app_init ] --END-- [ RunTime:0.000416s ]
INFO: [ app_begin ] --START--
INFO: Run Behavior\ReadHtmlCacheBehavior [ RunTime:0.000703s ]
INFO: [ app_begin ] --END-- [ RunTime:0.000772s ]
ERR: syntax error, unexpected '；' (T_STRING), expecting ',' or ';'

[ 2018-07-22T12:19:33+08:00 ] ::1 /ThinkPHP/lab_dyl/index.php/Admin/User/login?account=2016214356&password=123456
INFO: [ app_init ] --START--
INFO: Run Behavior\BuildLiteBehavior [ RunTime:0.000009s ]
INFO: [ app_init ] --END-- [ RunTime:0.000379s ]
INFO: [ app_begin ] --START--
INFO: Run Behavior\ReadHtmlCacheBehavior [ RunTime:0.000966s ]
INFO: [ app_begin ] --END-- [ RunTime:0.001045s ]
ERR: syntax error, unexpected '；' (T_STRING), expecting ',' or ';'

[ 2018-07-22T12:19:37+08:00 ] ::1 /ThinkPHP/lab_dyl/index.php/Admin/User/login?account=2016214356&password=123456
INFO: [ app_init ] --START--
INFO: Run Behavior\BuildLiteBehavior [ RunTime:0.000006s ]
INFO: [ app_init ] --END-- [ RunTime:0.000236s ]
INFO: [ app_begin ] --START--
INFO: Run Behavior\ReadHtmlCacheBehavior [ RunTime:0.000331s ]
INFO: [ app_begin ] --END-- [ RunTime:0.000354s ]
ERR: syntax error, unexpected '；' (T_STRING), expecting ',' or ';'

[ 2018-07-22T12:19:38+08:00 ] ::1 /ThinkPHP/lab_dyl/index.php/Admin/User/login?account=2016214356&password=123456
INFO: [ app_init ] --START--
INFO: Run Behavior\BuildLiteBehavior [ RunTime:0.000007s ]
INFO: [ app_init ] --END-- [ RunTime:0.000268s ]
INFO: [ app_begin ] --START--
INFO: Run Behavior\ReadHtmlCacheBehavior [ RunTime:0.000357s ]
INFO: [ app_begin ] --END-- [ RunTime:0.000410s ]
ERR: syntax error, unexpected '；' (T_STRING), expecting ',' or ';'

[ 2018-07-22T12:23:09+08:00 ] ::1 /ThinkPHP/lab_dyl/index.php/Admin/User/login?account=2016214356&password=123456
INFO: [ app_init ] --START--
INFO: Run Behavior\BuildLiteBehavior [ RunTime:0.000020s ]
INFO: [ app_init ] --END-- [ RunTime:0.000639s ]
INFO: [ app_begin ] --START--
INFO: Run Behavior\ReadHtmlCacheBehavior [ RunTime:0.000735s ]
INFO: [ app_begin ] --END-- [ RunTime:0.000785s ]
ERR: syntax error, unexpected '->' (T_OBJECT_OPERATOR)

[ 2018-07-22T12:24:25+08:00 ] ::1 /ThinkPHP/lab_dyl/index.php/Admin/User/login?account=2016214356&password=123456
INFO: [ app_init ] --START--
INFO: Run Behavior\BuildLiteBehavior [ RunTime:0.000048s ]
INFO: [ app_init ] --END-- [ RunTime:0.013448s ]
INFO: [ app_begin ] --START--
INFO: Run Behavior\ReadHtmlCacheBehavior [ RunTime:0.015747s ]
INFO: [ app_begin ] --END-- [ RunTime:0.015807s ]
ERR: syntax error, unexpected '->' (T_OBJECT_OPERATOR)

[ 2018-07-22T12:24:36+08:00 ] ::1 /ThinkPHP/lab_dyl/index.php/Admin/User/login?account=2016214356&password=123456
INFO: [ app_init ] --START--
INFO: Run Behavior\BuildLiteBehavior [ RunTime:0.000006s ]
INFO: [ app_init ] --END-- [ RunTime:0.000267s ]
INFO: [ app_begin ] --START--
INFO: Run Behavior\ReadHtmlCacheBehavior [ RunTime:0.000425s ]
INFO: [ app_begin ] --END-- [ RunTime:0.000447s ]
ERR: syntax error, unexpected '->' (T_OBJECT_OPERATOR)

[ 2018-07-22T12:25:16+08:00 ] ::1 /ThinkPHP/lab_dyl/index.php/Admin/User/login?account=2016214356&password=123456
INFO: [ app_init ] --START--
INFO: Run Behavior\BuildLiteBehavior [ RunTime:0.000011s ]
INFO: [ app_init ] --END-- [ RunTime:0.000426s ]
INFO: [ app_begin ] --START--
INFO: Run Behavior\ReadHtmlCacheBehavior [ RunTime:0.000479s ]
INFO: [ app_begin ] --END-- [ RunTime:0.000505s ]
ERR: syntax error, unexpected '->' (T_OBJECT_OPERATOR)

[ 2018-07-22T12:28:21+08:00 ] ::1 /ThinkPHP/lab_dyl/index.php/Admin/User/login?account=2016214356&password=123456
INFO: [ app_init ] --START--
INFO: Run Behavior\BuildLiteBehavior [ RunTime:0.000008s ]
INFO: [ app_init ] --END-- [ RunTime:0.000294s ]
INFO: [ app_begin ] --START--
INFO: Run Behavior\ReadHtmlCacheBehavior [ RunTime:0.000786s ]
INFO: [ app_begin ] --END-- [ RunTime:0.000815s ]
ERR: syntax error, unexpected '->' (T_OBJECT_OPERATOR)

[ 2018-07-22T12:35:46+08:00 ] ::1 /ThinkPHP/lab_dyl/index.php/Admin/User/login?account=2016214356&password=123456
INFO: [ app_init ] --START--
INFO: Run Behavior\BuildLiteBehavior [ RunTime:0.000017s ]
INFO: [ app_init ] --END-- [ RunTime:0.000452s ]
INFO: [ app_begin ] --START--
INFO: Run Behavior\ReadHtmlCacheBehavior [ RunTime:0.000825s ]
INFO: [ app_begin ] --END-- [ RunTime:0.000879s ]
ERR: syntax error, unexpected '->' (T_OBJECT_OPERATOR)

[ 2018-07-22T12:49:42+08:00 ] ::1 /ThinkPHP/lab_dyl/index.php/Admin/User/login?account=2016214356&password=123456
INFO: [ app_init ] --START--
INFO: Run Behavior\BuildLiteBehavior [ RunTime:0.000018s ]
INFO: [ app_init ] --END-- [ RunTime:0.000643s ]
INFO: [ app_begin ] --START--
INFO: Run Behavior\ReadHtmlCacheBehavior [ RunTime:0.000824s ]
INFO: [ app_begin ] --END-- [ RunTime:0.000890s ]
ERR: syntax error, unexpected '->' (T_OBJECT_OPERATOR)

[ 2018-07-22T12:50:09+08:00 ] ::1 /ThinkPHP/lab_dyl/index.php/Admin/User/login?account=2016214356&password=123456
INFO: [ app_init ] --START--
INFO: Run Behavior\BuildLiteBehavior [ RunTime:0.000008s ]
INFO: [ app_init ] --END-- [ RunTime:0.000316s ]
INFO: [ app_begin ] --START--
INFO: Run Behavior\ReadHtmlCacheBehavior [ RunTime:0.000583s ]
INFO: [ app_begin ] --END-- [ RunTime:0.000652s ]
ERR: syntax error, unexpected '->' (T_OBJECT_OPERATOR)

[ 2018-07-22T13:01:59+08:00 ] ::1 /ThinkPHP/lab_dyl/index.php/Admin/User/login?account=2016214356&password=123456
INFO: [ app_init ] --START--
INFO: Run Behavior\BuildLiteBehavior [ RunTime:0.000009s ]
INFO: [ app_init ] --END-- [ RunTime:0.000329s ]
INFO: [ app_begin ] --START--
INFO: Run Behavior\ReadHtmlCacheBehavior [ RunTime:0.000507s ]
INFO: [ app_begin ] --END-- [ RunTime:0.000532s ]
NOTIC: [8] Use of undefined constant password - assumed 'password' F:\XAMPP\htdocs\dyl\ThinkPHP\Lab_dyl\Application\Admin\Controller\UserController.class.php 第 16 行.
SQL: SHOW COLUMNS FROM `user` [ RunTime:0.0268s ]
NOTIC: [8] Undefined variable: x F:\XAMPP\htdocs\dyl\ThinkPHP\Lab_dyl\Application\Admin\Controller\UserController.class.php 第 20 行.
ERR: Call to a member function log_in() on null

[ 2018-07-22T13:02:21+08:00 ] ::1 /ThinkPHP/lab_dyl/index.php/Admin/User/login?account=2016214356&password=123456
INFO: [ app_init ] --START--
INFO: Run Behavior\BuildLiteBehavior [ RunTime:0.000008s ]
INFO: [ app_init ] --END-- [ RunTime:0.000421s ]
INFO: [ app_begin ] --START--
INFO: Run Behavior\ReadHtmlCacheBehavior [ RunTime:0.000550s ]
INFO: [ app_begin ] --END-- [ RunTime:0.000578s ]
NOTIC: [8] Use of undefined constant password - assumed 'password' F:\XAMPP\htdocs\dyl\ThinkPHP\Lab_dyl\Application\Admin\Controller\UserController.class.php 第 16 行.
SQL: SHOW COLUMNS FROM `user` [ RunTime:0.0137s ]
NOTIC: [8] Undefined variable: x F:\XAMPP\htdocs\dyl\ThinkPHP\Lab_dyl\Application\Admin\Controller\UserController.class.php 第 20 行.
ERR: Call to a member function log_in() on null

[ 2018-07-22T13:02:37+08:00 ] ::1 /ThinkPHP/lab_dyl/index.php/Admin/User/login?account=2016214356&password=123456
INFO: [ app_init ] --START--
INFO: Run Behavior\BuildLiteBehavior [ RunTime:0.000017s ]
INFO: [ app_init ] --END-- [ RunTime:0.000449s ]
INFO: [ app_begin ] --START--
INFO: Run Behavior\ReadHtmlCacheBehavior [ RunTime:0.000622s ]
INFO: [ app_begin ] --END-- [ RunTime:0.000664s ]
NOTIC: [8] Use of undefined constant password - assumed 'password' F:\XAMPP\htdocs\dyl\ThinkPHP\Lab_dyl\Application\Admin\Controller\UserController.class.php 第 16 行.
SQL: SHOW COLUMNS FROM `user` [ RunTime:0.0211s ]
SQL: select password from user where account="0" [ RunTime:0.0081s ]
NOTIC: [8] Undefined offset: 0 F:\XAMPP\htdocs\dyl\ThinkPHP\Lab_dyl\Application\Admin\Model\UserModel.class.php 第 11 行.
INFO: [ app_end ] --START--
INFO: Run Behavior\ShowPageTraceBehavior [ RunTime:0.011972s ]
INFO: [ app_end ] --END-- [ RunTime:0.012001s ]

[ 2018-07-22T13:02:48+08:00 ] ::1 /ThinkPHP/lab_dyl/index.php/Admin/User/login?account=2016214356&password=123456
INFO: [ app_init ] --START--
INFO: Run Behavior\BuildLiteBehavior [ RunTime:0.000008s ]
INFO: [ app_init ] --END-- [ RunTime:0.000569s ]
INFO: [ app_begin ] --START--
INFO: Run Behavior\ReadHtmlCacheBehavior [ RunTime:0.000563s ]
INFO: [ app_begin ] --END-- [ RunTime:0.000608s ]
NOTIC: [8] Use of undefined constant password - assumed 'password' F:\XAMPP\htdocs\dyl\ThinkPHP\Lab_dyl\Application\Admin\Controller\UserController.class.php 第 16 行.
SQL: SHOW COLUMNS FROM `user` [ RunTime:0.0258s ]
SQL: select password from user where account="0" [ RunTime:0.0089s ]
NOTIC: [8] Undefined offset: 0 F:\XAMPP\htdocs\dyl\ThinkPHP\Lab_dyl\Application\Admin\Model\UserModel.class.php 第 11 行.
INFO: [ app_end ] --START--
INFO: Run Behavior\ShowPageTraceBehavior [ RunTime:0.000446s ]
INFO: [ app_end ] --END-- [ RunTime:0.000464s ]

[ 2018-07-22T13:02:55+08:00 ] ::1 /ThinkPHP/lab_dyl/index.php/Admin/User/login?account=2016214356&password=123456
INFO: [ app_init ] --START--
INFO: Run Behavior\BuildLiteBehavior [ RunTime:0.000072s ]
INFO: [ app_init ] --END-- [ RunTime:0.002147s ]
INFO: [ app_begin ] --START--
INFO: Run Behavior\ReadHtmlCacheBehavior [ RunTime:0.000697s ]
INFO: [ app_begin ] --END-- [ RunTime:0.000756s ]
ERR: syntax error, unexpected '->' (T_OBJECT_OPERATOR)

[ 2018-07-22T14:03:42+08:00 ] ::1 /ThinkPHP/lab_dyl/index.php/Admin/User/login?account=2016214356&password=123456
INFO: [ app_init ] --START--
INFO: Run Behavior\BuildLiteBehavior [ RunTime:0.000068s ]
INFO: [ app_init ] --END-- [ RunTime:0.000573s ]
INFO: [ app_begin ] --START--
INFO: Run Behavior\ReadHtmlCacheBehavior [ RunTime:0.001080s ]
INFO: [ app_begin ] --END-- [ RunTime:0.001141s ]
ERR: syntax error, unexpected '->' (T_OBJECT_OPERATOR)

[ 2018-07-22T14:04:37+08:00 ] ::1 /ThinkPHP/lab_dyl/index.php/Admin/User/login?account=2016214356&password=123456
INFO: [ app_init ] --START--
INFO: Run Behavior\BuildLiteBehavior [ RunTime:0.000025s ]
INFO: [ app_init ] --END-- [ RunTime:0.000408s ]
INFO: [ app_begin ] --START--
INFO: Run Behavior\ReadHtmlCacheBehavior [ RunTime:0.001309s ]
INFO: [ app_begin ] --END-- [ RunTime:0.001332s ]
ERR: syntax error, unexpected '->' (T_OBJECT_OPERATOR)

[ 2018-07-22T14:04:40+08:00 ] ::1 /ThinkPHP/lab_dyl/index.php/Admin/User/login?account=2016214356&password=123456
INFO: [ app_init ] --START--
INFO: Run Behavior\BuildLiteBehavior [ RunTime:0.000009s ]
INFO: [ app_init ] --END-- [ RunTime:0.000596s ]
INFO: [ app_begin ] --START--
INFO: Run Behavior\ReadHtmlCacheBehavior [ RunTime:0.000580s ]
INFO: [ app_begin ] --END-- [ RunTime:0.000602s ]
ERR: syntax error, unexpected '->' (T_OBJECT_OPERATOR)

[ 2018-07-22T14:04:40+08:00 ] ::1 /ThinkPHP/lab_dyl/index.php/Admin/User/login?account=2016214356&password=123456
INFO: [ app_init ] --START--
INFO: Run Behavior\BuildLiteBehavior [ RunTime:0.000009s ]
INFO: [ app_init ] --END-- [ RunTime:0.000620s ]
INFO: [ app_begin ] --START--
INFO: Run Behavior\ReadHtmlCacheBehavior [ RunTime:0.000516s ]
INFO: [ app_begin ] --END-- [ RunTime:0.000560s ]
ERR: syntax error, unexpected '->' (T_OBJECT_OPERATOR)

[ 2018-07-22T14:04:40+08:00 ] ::1 /ThinkPHP/lab_dyl/index.php/Admin/User/login?account=2016214356&password=123456
INFO: [ app_init ] --START--
INFO: Run Behavior\BuildLiteBehavior [ RunTime:0.000027s ]
INFO: [ app_init ] --END-- [ RunTime:0.000447s ]
INFO: [ app_begin ] --START--
INFO: Run Behavior\ReadHtmlCacheBehavior [ RunTime:0.000561s ]
INFO: [ app_begin ] --END-- [ RunTime:0.000598s ]
ERR: syntax error, unexpected '->' (T_OBJECT_OPERATOR)

[ 2018-07-22T14:04:41+08:00 ] ::1 /ThinkPHP/lab_dyl/index.php/Admin/User/login?account=2016214356&password=123456
INFO: [ app_init ] --START--
INFO: Run Behavior\BuildLiteBehavior [ RunTime:0.000008s ]
INFO: [ app_init ] --END-- [ RunTime:0.000611s ]
INFO: [ app_begin ] --START--
INFO: Run Behavior\ReadHtmlCacheBehavior [ RunTime:0.000471s ]
INFO: [ app_begin ] --END-- [ RunTime:0.000511s ]
ERR: syntax error, unexpected '->' (T_OBJECT_OPERATOR)

[ 2018-07-22T14:04:41+08:00 ] ::1 /ThinkPHP/lab_dyl/index.php/Admin/User/login?account=2016214356&password=123456
INFO: [ app_init ] --START--
INFO: Run Behavior\BuildLiteBehavior [ RunTime:0.000010s ]
INFO: [ app_init ] --END-- [ RunTime:0.000435s ]
INFO: [ app_begin ] --START--
INFO: Run Behavior\ReadHtmlCacheBehavior [ RunTime:0.000601s ]
INFO: [ app_begin ] --END-- [ RunTime:0.000627s ]
ERR: syntax error, unexpected '->' (T_OBJECT_OPERATOR)

[ 2018-07-22T17:05:59+08:00 ] ::1 /ThinkPHP/lab_dyl/index.php/Admin/User/lregister?account=20201234&password=123456
INFO: [ app_init ] --START--
INFO: Run Behavior\BuildLiteBehavior [ RunTime:0.000012s ]
INFO: [ app_init ] --END-- [ RunTime:0.000346s ]
INFO: [ app_begin ] --START--
INFO: Run Behavior\ReadHtmlCacheBehavior [ RunTime:0.000617s ]
INFO: [ app_begin ] --END-- [ RunTime:0.000650s ]
ERR: syntax error, unexpected '->' (T_OBJECT_OPERATOR)

[ 2018-07-22T19:06:01+08:00 ] ::1 /ThinkPHP/lab_dyl/index.php/Admin/User/register?account=20201234&password=123456
INFO: [ app_init ] --START--
INFO: Run Behavior\BuildLiteBehavior [ RunTime:0.000014s ]
INFO: [ app_init ] --END-- [ RunTime:0.012843s ]
INFO: [ app_begin ] --START--
INFO: Run Behavior\ReadHtmlCacheBehavior [ RunTime:0.018273s ]
INFO: [ app_begin ] --END-- [ RunTime:0.018304s ]
ERR: syntax error, unexpected '->' (T_OBJECT_OPERATOR)

[ 2018-07-22T19:06:12+08:00 ] ::1 /ThinkPHP/lab_dyl/index.php/Admin/User/register?account=20201234&password=123456
INFO: [ app_init ] --START--
INFO: Run Behavior\BuildLiteBehavior [ RunTime:0.000007s ]
INFO: [ app_init ] --END-- [ RunTime:0.000372s ]
INFO: [ app_begin ] --START--
INFO: Run Behavior\ReadHtmlCacheBehavior [ RunTime:0.000981s ]
INFO: [ app_begin ] --END-- [ RunTime:0.001067s ]
ERR: syntax error, unexpected '->' (T_OBJECT_OPERATOR)

[ 2018-07-22T19:08:51+08:00 ] ::1 /ThinkPHP/lab_dyl/index.php/Admin/User/register
INFO: [ app_init ] --START--
INFO: Run Behavior\BuildLiteBehavior [ RunTime:0.000013s ]
INFO: [ app_init ] --END-- [ RunTime:0.000296s ]
INFO: [ app_begin ] --START--
INFO: Run Behavior\ReadHtmlCacheBehavior [ RunTime:0.000443s ]
INFO: [ app_begin ] --END-- [ RunTime:0.000464s ]
ERR: syntax error, unexpected '->' (T_OBJECT_OPERATOR)

[ 2018-07-22T19:09:22+08:00 ] ::1 /ThinkPHP/lab_dyl/index.php/Admin/User/register
INFO: [ app_init ] --START--
INFO: Run Behavior\BuildLiteBehavior [ RunTime:0.000053s ]
INFO: [ app_init ] --END-- [ RunTime:0.000589s ]
INFO: [ app_begin ] --START--
INFO: Run Behavior\ReadHtmlCacheBehavior [ RunTime:0.000756s ]
INFO: [ app_begin ] --END-- [ RunTime:0.000821s ]
ERR: syntax error, unexpected '，' (T_STRING), expecting ',' or ')'

[ 2018-07-22T19:09:39+08:00 ] ::1 /ThinkPHP/lab_dyl/index.php/Admin/User/register
INFO: [ app_init ] --START--
INFO: Run Behavior\BuildLiteBehavior [ RunTime:0.000007s ]
INFO: [ app_init ] --END-- [ RunTime:0.000273s ]
INFO: [ app_begin ] --START--
INFO: Run Behavior\ReadHtmlCacheBehavior [ RunTime:0.000467s ]
INFO: [ app_begin ] --END-- [ RunTime:0.000486s ]
NOTIC: [8] Use of undefined constant password - assumed 'password' F:\XAMPP\htdocs\dyl\ThinkPHP\Lab_dyl\Application\Admin\Controller\UserController.class.php 第 32 行.
ERR: syntax error, unexpected '',' (T_CONSTANT_ENCAPSED_STRING)

[ 2018-07-22T19:11:00+08:00 ] ::1 /ThinkPHP/lab_dyl/index.php/Admin/User/register
INFO: [ app_init ] --START--
INFO: Run Behavior\BuildLiteBehavior [ RunTime:0.000009s ]
INFO: [ app_init ] --END-- [ RunTime:0.000353s ]
INFO: [ app_begin ] --START--
INFO: Run Behavior\ReadHtmlCacheBehavior [ RunTime:0.000441s ]
INFO: [ app_begin ] --END-- [ RunTime:0.000470s ]
ERR: syntax error, unexpected '}'

[ 2018-07-22T19:12:30+08:00 ] ::1 /ThinkPHP/lab_dyl/index.php/Admin/User/register
INFO: [ app_init ] --START--
INFO: Run Behavior\BuildLiteBehavior [ RunTime:0.000007s ]
INFO: [ app_init ] --END-- [ RunTime:0.000284s ]
INFO: [ app_begin ] --START--
INFO: Run Behavior\ReadHtmlCacheBehavior [ RunTime:0.000439s ]
INFO: [ app_begin ] --END-- [ RunTime:0.000460s ]
ERR: syntax error, unexpected '}'

[ 2018-07-22T19:14:12+08:00 ] ::1 /ThinkPHP/lab_dyl/index.php/Admin/User/register
INFO: [ app_init ] --START--
INFO: Run Behavior\BuildLiteBehavior [ RunTime:0.000027s ]
INFO: [ app_init ] --END-- [ RunTime:0.000554s ]
INFO: [ app_begin ] --START--
INFO: Run Behavior\ReadHtmlCacheBehavior [ RunTime:0.000460s ]
INFO: [ app_begin ] --END-- [ RunTime:0.000504s ]
ERR: syntax error, unexpected '}'

[ 2018-07-22T19:14:13+08:00 ] ::1 /ThinkPHP/lab_dyl/index.php/Admin/User/register
INFO: [ app_init ] --START--
INFO: Run Behavior\BuildLiteBehavior [ RunTime:0.000028s ]
INFO: [ app_init ] --END-- [ RunTime:0.000330s ]
INFO: [ app_begin ] --START--
INFO: Run Behavior\ReadHtmlCacheBehavior [ RunTime:0.000714s ]
INFO: [ app_begin ] --END-- [ RunTime:0.000739s ]
ERR: syntax error, unexpected '}'

[ 2018-07-22T19:14:14+08:00 ] ::1 /ThinkPHP/lab_dyl/index.php/Admin/User/register
INFO: [ app_init ] --START--
INFO: Run Behavior\BuildLiteBehavior [ RunTime:0.000009s ]
INFO: [ app_init ] --END-- [ RunTime:0.000310s ]
INFO: [ app_begin ] --START--
INFO: Run Behavior\ReadHtmlCacheBehavior [ RunTime:0.000497s ]
INFO: [ app_begin ] --END-- [ RunTime:0.000566s ]
ERR: syntax error, unexpected '}'

[ 2018-07-22T19:14:14+08:00 ] ::1 /ThinkPHP/lab_dyl/index.php/Admin/User/register
INFO: [ app_init ] --START--
INFO: Run Behavior\BuildLiteBehavior [ RunTime:0.000007s ]
INFO: [ app_init ] --END-- [ RunTime:0.000249s ]
INFO: [ app_begin ] --START--
INFO: Run Behavior\ReadHtmlCacheBehavior [ RunTime:0.000321s ]
INFO: [ app_begin ] --END-- [ RunTime:0.000341s ]
ERR: syntax error, unexpected '}'

[ 2018-07-22T19:14:14+08:00 ] ::1 /ThinkPHP/lab_dyl/index.php/Admin/User/register
INFO: [ app_init ] --START--
INFO: Run Behavior\BuildLiteBehavior [ RunTime:0.000006s ]
INFO: [ app_init ] --END-- [ RunTime:0.000240s ]
INFO: [ app_begin ] --START--
INFO: Run Behavior\ReadHtmlCacheBehavior [ RunTime:0.000326s ]
INFO: [ app_begin ] --END-- [ RunTime:0.000346s ]
ERR: syntax error, unexpected '}'

[ 2018-07-22T19:14:15+08:00 ] ::1 /ThinkPHP/lab_dyl/index.php/Admin/User/register
INFO: [ app_init ] --START--
INFO: Run Behavior\BuildLiteBehavior [ RunTime:0.000006s ]
INFO: [ app_init ] --END-- [ RunTime:0.000239s ]
INFO: [ app_begin ] --START--
INFO: Run Behavior\ReadHtmlCacheBehavior [ RunTime:0.000319s ]
INFO: [ app_begin ] --END-- [ RunTime:0.000341s ]
ERR: syntax error, unexpected '}'

[ 2018-07-22T19:14:15+08:00 ] ::1 /ThinkPHP/lab_dyl/index.php/Admin/User/register
INFO: [ app_init ] --START--
INFO: Run Behavior\BuildLiteBehavior [ RunTime:0.000007s ]
INFO: [ app_init ] --END-- [ RunTime:0.000248s ]
INFO: [ app_begin ] --START--
INFO: Run Behavior\ReadHtmlCacheBehavior [ RunTime:0.000642s ]
INFO: [ app_begin ] --END-- [ RunTime:0.000684s ]
ERR: syntax error, unexpected '}'

[ 2018-07-22T19:14:15+08:00 ] ::1 /ThinkPHP/lab_dyl/index.php/Admin/User/register
INFO: [ app_init ] --START--
INFO: Run Behavior\BuildLiteBehavior [ RunTime:0.000005s ]
INFO: [ app_init ] --END-- [ RunTime:0.000235s ]
INFO: [ app_begin ] --START--
INFO: Run Behavior\ReadHtmlCacheBehavior [ RunTime:0.000314s ]
INFO: [ app_begin ] --END-- [ RunTime:0.000333s ]
ERR: syntax error, unexpected '}'

[ 2018-07-22T19:14:15+08:00 ] ::1 /ThinkPHP/lab_dyl/index.php/Admin/User/register
INFO: [ app_init ] --START--
INFO: Run Behavior\BuildLiteBehavior [ RunTime:0.000007s ]
INFO: [ app_init ] --END-- [ RunTime:0.000386s ]
INFO: [ app_begin ] --START--
INFO: Run Behavior\ReadHtmlCacheBehavior [ RunTime:0.000313s ]
INFO: [ app_begin ] --END-- [ RunTime:0.000334s ]
ERR: syntax error, unexpected '}'

[ 2018-07-22T19:14:15+08:00 ] ::1 /ThinkPHP/lab_dyl/index.php/Admin/User/register
INFO: [ app_init ] --START--
INFO: Run Behavior\BuildLiteBehavior [ RunTime:0.000007s ]
INFO: [ app_init ] --END-- [ RunTime:0.000258s ]
INFO: [ app_begin ] --START--
INFO: Run Behavior\ReadHtmlCacheBehavior [ RunTime:0.000327s ]
INFO: [ app_begin ] --END-- [ RunTime:0.000347s ]
ERR: syntax error, unexpected '}'

[ 2018-07-22T19:16:03+08:00 ] ::1 /ThinkPHP/lab_dyl/index.php/Admin/User/register
INFO: [ app_init ] --START--
INFO: Run Behavior\BuildLiteBehavior [ RunTime:0.000011s ]
INFO: [ app_init ] --END-- [ RunTime:0.000297s ]
INFO: [ app_begin ] --START--
INFO: Run Behavior\ReadHtmlCacheBehavior [ RunTime:0.000574s ]
INFO: [ app_begin ] --END-- [ RunTime:0.000608s ]
ERR: syntax error, unexpected '}'

[ 2018-07-22T19:16:04+08:00 ] ::1 /ThinkPHP/lab_dyl/index.php/Admin/User/register
INFO: [ app_init ] --START--
INFO: Run Behavior\BuildLiteBehavior [ RunTime:0.000007s ]
INFO: [ app_init ] --END-- [ RunTime:0.000240s ]
INFO: [ app_begin ] --START--
INFO: Run Behavior\ReadHtmlCacheBehavior [ RunTime:0.000331s ]
INFO: [ app_begin ] --END-- [ RunTime:0.000351s ]
ERR: syntax error, unexpected '}'

[ 2018-07-22T19:16:11+08:00 ] ::1 /ThinkPHP/lab_dyl/index.php/Admin/User/login
INFO: [ app_init ] --START--
INFO: Run Behavior\BuildLiteBehavior [ RunTime:0.000017s ]
INFO: [ app_init ] --END-- [ RunTime:0.001232s ]
INFO: [ app_begin ] --START--
INFO: Run Behavior\ReadHtmlCacheBehavior [ RunTime:0.000519s ]
INFO: [ app_begin ] --END-- [ RunTime:0.000542s ]
ERR: syntax error, unexpected '}'

[ 2018-07-22T19:16:17+08:00 ] ::1 /ThinkPHP/lab_dyl/index.php/Admin/User/register
INFO: [ app_init ] --START--
INFO: Run Behavior\BuildLiteBehavior [ RunTime:0.000007s ]
INFO: [ app_init ] --END-- [ RunTime:0.000308s ]
INFO: [ app_begin ] --START--
INFO: Run Behavior\ReadHtmlCacheBehavior [ RunTime:0.000497s ]
INFO: [ app_begin ] --END-- [ RunTime:0.000534s ]
ERR: syntax error, unexpected '}'

[ 2018-07-22T19:17:30+08:00 ] ::1 /ThinkPHP/lab_dyl/index.php/Admin/User/register
INFO: [ app_init ] --START--
INFO: Run Behavior\BuildLiteBehavior [ RunTime:0.000021s ]
INFO: [ app_init ] --END-- [ RunTime:0.000505s ]
INFO: [ app_begin ] --START--
INFO: Run Behavior\ReadHtmlCacheBehavior [ RunTime:0.000376s ]
INFO: [ app_begin ] --END-- [ RunTime:0.000403s ]
ERR: syntax error, unexpected '}'

[ 2018-07-22T19:17:31+08:00 ] ::1 /ThinkPHP/lab_dyl/index.php/Admin/User/register
INFO: [ app_init ] --START--
INFO: Run Behavior\BuildLiteBehavior [ RunTime:0.000007s ]
INFO: [ app_init ] --END-- [ RunTime:0.000333s ]
INFO: [ app_begin ] --START--
INFO: Run Behavior\ReadHtmlCacheBehavior [ RunTime:0.000416s ]
INFO: [ app_begin ] --END-- [ RunTime:0.000442s ]
ERR: syntax error, unexpected '}'

[ 2018-07-22T19:17:31+08:00 ] ::1 /ThinkPHP/lab_dyl/index.php/Admin/User/register
INFO: [ app_init ] --START--
INFO: Run Behavior\BuildLiteBehavior [ RunTime:0.000022s ]
INFO: [ app_init ] --END-- [ RunTime:0.000279s ]
INFO: [ app_begin ] --START--
INFO: Run Behavior\ReadHtmlCacheBehavior [ RunTime:0.000327s ]
INFO: [ app_begin ] --END-- [ RunTime:0.000347s ]
ERR: syntax error, unexpected '}'

[ 2018-07-22T19:17:32+08:00 ] ::1 /ThinkPHP/lab_dyl/index.php/Admin/User/register
INFO: [ app_init ] --START--
INFO: Run Behavior\BuildLiteBehavior [ RunTime:0.000017s ]
INFO: [ app_init ] --END-- [ RunTime:0.000905s ]
INFO: [ app_begin ] --START--
INFO: Run Behavior\ReadHtmlCacheBehavior [ RunTime:0.000513s ]
INFO: [ app_begin ] --END-- [ RunTime:0.000551s ]
ERR: syntax error, unexpected '}'

[ 2018-07-22T19:17:32+08:00 ] ::1 /ThinkPHP/lab_dyl/index.php/Admin/User/register
INFO: [ app_init ] --START--
INFO: Run Behavior\BuildLiteBehavior [ RunTime:0.000017s ]
INFO: [ app_init ] --END-- [ RunTime:0.000324s ]
INFO: [ app_begin ] --START--
INFO: Run Behavior\ReadHtmlCacheBehavior [ RunTime:0.000608s ]
INFO: [ app_begin ] --END-- [ RunTime:0.000644s ]
ERR: syntax error, unexpected '}'

[ 2018-07-22T19:17:32+08:00 ] ::1 /ThinkPHP/lab_dyl/index.php/Admin/User/register
INFO: [ app_init ] --START--
INFO: Run Behavior\BuildLiteBehavior [ RunTime:0.000013s ]
INFO: [ app_init ] --END-- [ RunTime:0.000517s ]
INFO: [ app_begin ] --START--
INFO: Run Behavior\ReadHtmlCacheBehavior [ RunTime:0.001045s ]
INFO: [ app_begin ] --END-- [ RunTime:0.001230s ]
ERR: syntax error, unexpected '}'

[ 2018-07-22T19:17:32+08:00 ] ::1 /ThinkPHP/lab_dyl/index.php/Admin/User/register
INFO: [ app_init ] --START--
INFO: Run Behavior\BuildLiteBehavior [ RunTime:0.000015s ]
INFO: [ app_init ] --END-- [ RunTime:0.000605s ]
INFO: [ app_begin ] --START--
INFO: Run Behavior\ReadHtmlCacheBehavior [ RunTime:0.000988s ]
INFO: [ app_begin ] --END-- [ RunTime:0.001079s ]
ERR: syntax error, unexpected '}'

[ 2018-07-22T19:17:33+08:00 ] ::1 /ThinkPHP/lab_dyl/index.php/Admin/User/register
INFO: [ app_init ] --START--
INFO: Run Behavior\BuildLiteBehavior [ RunTime:0.000006s ]
INFO: [ app_init ] --END-- [ RunTime:0.000317s ]
INFO: [ app_begin ] --START--
INFO: Run Behavior\ReadHtmlCacheBehavior [ RunTime:0.000363s ]
INFO: [ app_begin ] --END-- [ RunTime:0.000383s ]
ERR: syntax error, unexpected '}'

[ 2018-07-22T19:17:33+08:00 ] ::1 /ThinkPHP/lab_dyl/index.php/Admin/User/register
INFO: [ app_init ] --START--
INFO: Run Behavior\BuildLiteBehavior [ RunTime:0.000007s ]
INFO: [ app_init ] --END-- [ RunTime:0.000234s ]
INFO: [ app_begin ] --START--
INFO: Run Behavior\ReadHtmlCacheBehavior [ RunTime:0.001391s ]
INFO: [ app_begin ] --END-- [ RunTime:0.001547s ]
ERR: syntax error, unexpected '}'

[ 2018-07-22T19:17:33+08:00 ] ::1 /ThinkPHP/lab_dyl/index.php/Admin/User/register
INFO: [ app_init ] --START--
INFO: Run Behavior\BuildLiteBehavior [ RunTime:0.000007s ]
INFO: [ app_init ] --END-- [ RunTime:0.000247s ]
INFO: [ app_begin ] --START--
INFO: Run Behavior\ReadHtmlCacheBehavior [ RunTime:0.000322s ]
INFO: [ app_begin ] --END-- [ RunTime:0.000342s ]
ERR: syntax error, unexpected '}'

[ 2018-07-22T19:17:33+08:00 ] ::1 /ThinkPHP/lab_dyl/index.php/Admin/User/register
INFO: [ app_init ] --START--
INFO: Run Behavior\BuildLiteBehavior [ RunTime:0.000005s ]
INFO: [ app_init ] --END-- [ RunTime:0.000230s ]
INFO: [ app_begin ] --START--
INFO: Run Behavior\ReadHtmlCacheBehavior [ RunTime:0.000378s ]
INFO: [ app_begin ] --END-- [ RunTime:0.000404s ]
ERR: syntax error, unexpected '}'

[ 2018-07-22T19:17:33+08:00 ] ::1 /ThinkPHP/lab_dyl/index.php/Admin/User/register
INFO: [ app_init ] --START--
INFO: Run Behavior\BuildLiteBehavior [ RunTime:0.000006s ]
INFO: [ app_init ] --END-- [ RunTime:0.000242s ]
INFO: [ app_begin ] --START--
INFO: Run Behavior\ReadHtmlCacheBehavior [ RunTime:0.000317s ]
INFO: [ app_begin ] --END-- [ RunTime:0.000337s ]
ERR: syntax error, unexpected '}'

[ 2018-07-22T19:17:34+08:00 ] ::1 /ThinkPHP/lab_dyl/index.php/Admin/User/register
INFO: [ app_init ] --START--
INFO: Run Behavior\BuildLiteBehavior [ RunTime:0.000007s ]
INFO: [ app_init ] --END-- [ RunTime:0.000241s ]
INFO: [ app_begin ] --START--
INFO: Run Behavior\ReadHtmlCacheBehavior [ RunTime:0.000314s ]
INFO: [ app_begin ] --END-- [ RunTime:0.000334s ]
ERR: syntax error, unexpected '}'

[ 2018-07-22T19:17:34+08:00 ] ::1 /ThinkPHP/lab_dyl/index.php/Admin/User/register
INFO: [ app_init ] --START--
INFO: Run Behavior\BuildLiteBehavior [ RunTime:0.000032s ]
INFO: [ app_init ] --END-- [ RunTime:0.000678s ]
INFO: [ app_begin ] --START--
INFO: Run Behavior\ReadHtmlCacheBehavior [ RunTime:0.000646s ]
INFO: [ app_begin ] --END-- [ RunTime:0.000691s ]
ERR: syntax error, unexpected '}'

[ 2018-07-22T19:17:35+08:00 ] ::1 /ThinkPHP/lab_dyl/index.php/Admin/User/register
INFO: [ app_init ] --START--
INFO: Run Behavior\BuildLiteBehavior [ RunTime:0.000006s ]
INFO: [ app_init ] --END-- [ RunTime:0.000237s ]
INFO: [ app_begin ] --START--
INFO: Run Behavior\ReadHtmlCacheBehavior [ RunTime:0.000636s ]
INFO: [ app_begin ] --END-- [ RunTime:0.000666s ]
ERR: syntax error, unexpected '}'

[ 2018-07-22T19:19:24+08:00 ] ::1 /ThinkPHP/lab_dyl/index.php/Admin/User/register
INFO: [ app_init ] --START--
INFO: Run Behavior\BuildLiteBehavior [ RunTime:0.000018s ]
INFO: [ app_init ] --END-- [ RunTime:0.000495s ]
INFO: [ app_begin ] --START--
INFO: Run Behavior\ReadHtmlCacheBehavior [ RunTime:0.000695s ]
INFO: [ app_begin ] --END-- [ RunTime:0.000746s ]
ERR: syntax error, unexpected '}'

[ 2018-07-22T20:07:49+08:00 ] ::1 /ThinkPHP/lab_dyl/index.php/Admin/User/register
INFO: [ app_init ] --START--
INFO: Run Behavior\BuildLiteBehavior [ RunTime:0.000032s ]
INFO: [ app_init ] --END-- [ RunTime:0.000316s ]
INFO: [ app_begin ] --START--
INFO: Run Behavior\ReadHtmlCacheBehavior [ RunTime:0.000681s ]
INFO: [ app_begin ] --END-- [ RunTime:0.000705s ]
ERR: syntax error, unexpected '$password' (T_VARIABLE)

[ 2018-07-22T20:07:50+08:00 ] ::1 /ThinkPHP/lab_dyl/index.php/Admin/User/register
INFO: [ app_init ] --START--
INFO: Run Behavior\BuildLiteBehavior [ RunTime:0.000007s ]
INFO: [ app_init ] --END-- [ RunTime:0.000273s ]
INFO: [ app_begin ] --START--
INFO: Run Behavior\ReadHtmlCacheBehavior [ RunTime:0.000322s ]
INFO: [ app_begin ] --END-- [ RunTime:0.000341s ]
ERR: syntax error, unexpected '$password' (T_VARIABLE)

[ 2018-07-22T20:07:51+08:00 ] ::1 /ThinkPHP/lab_dyl/index.php/Admin/User/register
INFO: [ app_init ] --START--
INFO: Run Behavior\BuildLiteBehavior [ RunTime:0.000046s ]
INFO: [ app_init ] --END-- [ RunTime:0.000613s ]
INFO: [ app_begin ] --START--
INFO: Run Behavior\ReadHtmlCacheBehavior [ RunTime:0.000493s ]
INFO: [ app_begin ] --END-- [ RunTime:0.000516s ]
ERR: syntax error, unexpected '$password' (T_VARIABLE)

[ 2018-07-22T20:07:51+08:00 ] ::1 /ThinkPHP/lab_dyl/index.php/Admin/User/register
INFO: [ app_init ] --START--
INFO: Run Behavior\BuildLiteBehavior [ RunTime:0.000008s ]
INFO: [ app_init ] --END-- [ RunTime:0.000524s ]
INFO: [ app_begin ] --START--
INFO: Run Behavior\ReadHtmlCacheBehavior [ RunTime:0.000336s ]
INFO: [ app_begin ] --END-- [ RunTime:0.000356s ]
ERR: syntax error, unexpected '$password' (T_VARIABLE)

[ 2018-07-22T20:07:51+08:00 ] ::1 /ThinkPHP/lab_dyl/index.php/Admin/User/register
INFO: [ app_init ] --START--
INFO: Run Behavior\BuildLiteBehavior [ RunTime:0.000011s ]
INFO: [ app_init ] --END-- [ RunTime:0.000323s ]
INFO: [ app_begin ] --START--
INFO: Run Behavior\ReadHtmlCacheBehavior [ RunTime:0.000323s ]
INFO: [ app_begin ] --END-- [ RunTime:0.000342s ]
ERR: syntax error, unexpected '$password' (T_VARIABLE)

[ 2018-07-22T20:07:51+08:00 ] ::1 /ThinkPHP/lab_dyl/index.php/Admin/User/register
INFO: [ app_init ] --START--
INFO: Run Behavior\BuildLiteBehavior [ RunTime:0.000005s ]
INFO: [ app_init ] --END-- [ RunTime:0.000226s ]
INFO: [ app_begin ] --START--
INFO: Run Behavior\ReadHtmlCacheBehavior [ RunTime:0.000304s ]
INFO: [ app_begin ] --END-- [ RunTime:0.000323s ]
ERR: syntax error, unexpected '$password' (T_VARIABLE)

[ 2018-07-22T20:07:51+08:00 ] ::1 /ThinkPHP/lab_dyl/index.php/Admin/User/register
INFO: [ app_init ] --START--
INFO: Run Behavior\BuildLiteBehavior [ RunTime:0.000007s ]
INFO: [ app_init ] --END-- [ RunTime:0.000249s ]
INFO: [ app_begin ] --START--
INFO: Run Behavior\ReadHtmlCacheBehavior [ RunTime:0.000372s ]
INFO: [ app_begin ] --END-- [ RunTime:0.000394s ]
ERR: syntax error, unexpected '$password' (T_VARIABLE)

[ 2018-07-22T20:07:52+08:00 ] ::1 /ThinkPHP/lab_dyl/index.php/Admin/User/register
INFO: [ app_init ] --START--
INFO: Run Behavior\BuildLiteBehavior [ RunTime:0.000007s ]
INFO: [ app_init ] --END-- [ RunTime:0.000393s ]
INFO: [ app_begin ] --START--
INFO: Run Behavior\ReadHtmlCacheBehavior [ RunTime:0.000556s ]
INFO: [ app_begin ] --END-- [ RunTime:0.000587s ]
ERR: syntax error, unexpected '$password' (T_VARIABLE)

[ 2018-07-22T20:07:52+08:00 ] ::1 /ThinkPHP/lab_dyl/index.php/Admin/User/register
INFO: [ app_init ] --START--
INFO: Run Behavior\BuildLiteBehavior [ RunTime:0.000020s ]
INFO: [ app_init ] --END-- [ RunTime:0.000482s ]
INFO: [ app_begin ] --START--
INFO: Run Behavior\ReadHtmlCacheBehavior [ RunTime:0.000683s ]
INFO: [ app_begin ] --END-- [ RunTime:0.000721s ]
ERR: syntax error, unexpected '$password' (T_VARIABLE)

[ 2018-07-22T20:08:16+08:00 ] ::1 /ThinkPHP/lab_dyl/index.php/Admin/User/register
INFO: [ app_init ] --START--
INFO: Run Behavior\BuildLiteBehavior [ RunTime:0.000011s ]
INFO: [ app_init ] --END-- [ RunTime:0.000378s ]
INFO: [ app_begin ] --START--
INFO: Run Behavior\ReadHtmlCacheBehavior [ RunTime:0.000472s ]
INFO: [ app_begin ] --END-- [ RunTime:0.000496s ]
ERR: syntax error, unexpected '$password' (T_VARIABLE)

[ 2018-07-22T20:08:17+08:00 ] ::1 /ThinkPHP/lab_dyl/index.php/Admin/User/register
INFO: [ app_init ] --START--
INFO: Run Behavior\BuildLiteBehavior [ RunTime:0.000024s ]
INFO: [ app_init ] --END-- [ RunTime:0.000645s ]
INFO: [ app_begin ] --START--
INFO: Run Behavior\ReadHtmlCacheBehavior [ RunTime:0.000442s ]
INFO: [ app_begin ] --END-- [ RunTime:0.000470s ]
ERR: syntax error, unexpected '$password' (T_VARIABLE)

[ 2018-07-22T20:08:18+08:00 ] ::1 /ThinkPHP/lab_dyl/index.php/Admin/User/register
INFO: [ app_init ] --START--
INFO: Run Behavior\BuildLiteBehavior [ RunTime:0.000006s ]
INFO: [ app_init ] --END-- [ RunTime:0.000243s ]
INFO: [ app_begin ] --START--
INFO: Run Behavior\ReadHtmlCacheBehavior [ RunTime:0.000333s ]
INFO: [ app_begin ] --END-- [ RunTime:0.000356s ]
ERR: syntax error, unexpected '$password' (T_VARIABLE)

[ 2018-07-22T20:08:30+08:00 ] ::1 /ThinkPHP/lab_dyl/index.php/Admin/User/register
INFO: [ app_init ] --START--
INFO: Run Behavior\BuildLiteBehavior [ RunTime:0.000030s ]
INFO: [ app_init ] --END-- [ RunTime:0.000445s ]
INFO: [ app_begin ] --START--
INFO: Run Behavior\ReadHtmlCacheBehavior [ RunTime:0.000431s ]
INFO: [ app_begin ] --END-- [ RunTime:0.000452s ]
ERR: syntax error, unexpected '', '' (T_CONSTANT_ENCAPSED_STRING)

[ 2018-07-22T20:09:10+08:00 ] ::1 /ThinkPHP/lab_dyl/index.php/Admin/User/register
INFO: [ app_init ] --START--
INFO: Run Behavior\BuildLiteBehavior [ RunTime:0.000008s ]
INFO: [ app_init ] --END-- [ RunTime:0.000289s ]
INFO: [ app_begin ] --START--
INFO: Run Behavior\ReadHtmlCacheBehavior [ RunTime:0.000411s ]
INFO: [ app_begin ] --END-- [ RunTime:0.000449s ]
ERR: syntax error, unexpected '','' (T_CONSTANT_ENCAPSED_STRING)

[ 2018-07-22T20:09:11+08:00 ] ::1 /ThinkPHP/lab_dyl/index.php/Admin/User/register
INFO: [ app_init ] --START--
INFO: Run Behavior\BuildLiteBehavior [ RunTime:0.000011s ]
INFO: [ app_init ] --END-- [ RunTime:0.000486s ]
INFO: [ app_begin ] --START--
INFO: Run Behavior\ReadHtmlCacheBehavior [ RunTime:0.000682s ]
INFO: [ app_begin ] --END-- [ RunTime:0.000736s ]
ERR: syntax error, unexpected '','' (T_CONSTANT_ENCAPSED_STRING)

[ 2018-07-22T20:09:11+08:00 ] ::1 /ThinkPHP/lab_dyl/index.php/Admin/User/register
INFO: [ app_init ] --START--
INFO: Run Behavior\BuildLiteBehavior [ RunTime:0.000007s ]
INFO: [ app_init ] --END-- [ RunTime:0.000274s ]
INFO: [ app_begin ] --START--
INFO: Run Behavior\ReadHtmlCacheBehavior [ RunTime:0.000401s ]
INFO: [ app_begin ] --END-- [ RunTime:0.000430s ]
ERR: syntax error, unexpected '','' (T_CONSTANT_ENCAPSED_STRING)

[ 2018-07-22T20:09:41+08:00 ] ::1 /ThinkPHP/lab_dyl/index.php/Admin/User/register
INFO: [ app_init ] --START--
INFO: Run Behavior\BuildLiteBehavior [ RunTime:0.000007s ]
INFO: [ app_init ] --END-- [ RunTime:0.000258s ]
INFO: [ app_begin ] --START--
INFO: Run Behavior\ReadHtmlCacheBehavior [ RunTime:0.000326s ]
INFO: [ app_begin ] --END-- [ RunTime:0.000346s ]
ERR: syntax error, unexpected '','' (T_CONSTANT_ENCAPSED_STRING)

[ 2018-07-22T20:09:41+08:00 ] ::1 /ThinkPHP/lab_dyl/index.php/Admin/User/register
INFO: [ app_init ] --START--
INFO: Run Behavior\BuildLiteBehavior [ RunTime:0.000010s ]
INFO: [ app_init ] --END-- [ RunTime:0.000311s ]
INFO: [ app_begin ] --START--
INFO: Run Behavior\ReadHtmlCacheBehavior [ RunTime:0.000400s ]
INFO: [ app_begin ] --END-- [ RunTime:0.000422s ]
ERR: syntax error, unexpected '','' (T_CONSTANT_ENCAPSED_STRING)

[ 2018-07-22T20:09:41+08:00 ] ::1 /ThinkPHP/lab_dyl/index.php/Admin/User/register
INFO: [ app_init ] --START--
INFO: Run Behavior\BuildLiteBehavior [ RunTime:0.000010s ]
INFO: [ app_init ] --END-- [ RunTime:0.001022s ]
INFO: [ app_begin ] --START--
INFO: Run Behavior\ReadHtmlCacheBehavior [ RunTime:0.000379s ]
INFO: [ app_begin ] --END-- [ RunTime:0.000401s ]
ERR: syntax error, unexpected '','' (T_CONSTANT_ENCAPSED_STRING)

[ 2018-07-22T20:09:42+08:00 ] ::1 /ThinkPHP/lab_dyl/index.php/Admin/User/register
INFO: [ app_init ] --START--
INFO: Run Behavior\BuildLiteBehavior [ RunTime:0.000008s ]
INFO: [ app_init ] --END-- [ RunTime:0.000246s ]
INFO: [ app_begin ] --START--
INFO: Run Behavior\ReadHtmlCacheBehavior [ RunTime:0.000384s ]
INFO: [ app_begin ] --END-- [ RunTime:0.000427s ]
ERR: syntax error, unexpected '','' (T_CONSTANT_ENCAPSED_STRING)

[ 2018-07-22T20:14:53+08:00 ] ::1 /ThinkPHP/lab_dyl/index.php/Admin/User/register
INFO: [ app_init ] --START--
INFO: Run Behavior\BuildLiteBehavior [ RunTime:0.000012s ]
INFO: [ app_init ] --END-- [ RunTime:0.000551s ]
INFO: [ app_begin ] --START--
INFO: Run Behavior\ReadHtmlCacheBehavior [ RunTime:0.000544s ]
INFO: [ app_begin ] --END-- [ RunTime:0.000595s ]
ERR: syntax error, unexpected '=', expecting ')'

[ 2018-07-22T20:14:54+08:00 ] ::1 /ThinkPHP/lab_dyl/index.php/Admin/User/register
INFO: [ app_init ] --START--
INFO: Run Behavior\BuildLiteBehavior [ RunTime:0.000007s ]
INFO: [ app_init ] --END-- [ RunTime:0.000289s ]
INFO: [ app_begin ] --START--
INFO: Run Behavior\ReadHtmlCacheBehavior [ RunTime:0.000326s ]
INFO: [ app_begin ] --END-- [ RunTime:0.000346s ]
ERR: syntax error, unexpected '=', expecting ')'

[ 2018-07-22T20:14:54+08:00 ] ::1 /ThinkPHP/lab_dyl/index.php/Admin/User/register
INFO: [ app_init ] --START--
INFO: Run Behavior\BuildLiteBehavior [ RunTime:0.000008s ]
INFO: [ app_init ] --END-- [ RunTime:0.000256s ]
INFO: [ app_begin ] --START--
INFO: Run Behavior\ReadHtmlCacheBehavior [ RunTime:0.000364s ]
INFO: [ app_begin ] --END-- [ RunTime:0.000385s ]
ERR: syntax error, unexpected '=', expecting ')'

[ 2018-07-22T20:14:55+08:00 ] ::1 /ThinkPHP/lab_dyl/index.php/Admin/User/register
INFO: [ app_init ] --START--
INFO: Run Behavior\BuildLiteBehavior [ RunTime:0.000007s ]
INFO: [ app_init ] --END-- [ RunTime:0.000415s ]
INFO: [ app_begin ] --START--
INFO: Run Behavior\ReadHtmlCacheBehavior [ RunTime:0.000777s ]
INFO: [ app_begin ] --END-- [ RunTime:0.000826s ]
ERR: syntax error, unexpected '=', expecting ')'

[ 2018-07-22T20:17:47+08:00 ] ::1 /ThinkPHP/lab_dyl/index.php/Admin/User/register
INFO: [ app_init ] --START--
INFO: Run Behavior\BuildLiteBehavior [ RunTime:0.000006s ]
INFO: [ app_init ] --END-- [ RunTime:0.000268s ]
INFO: [ app_begin ] --START--
INFO: Run Behavior\ReadHtmlCacheBehavior [ RunTime:0.000406s ]
INFO: [ app_begin ] --END-- [ RunTime:0.000425s ]
ERR: syntax error, unexpected '=', expecting ')'

[ 2018-07-22T20:17:48+08:00 ] ::1 /ThinkPHP/lab_dyl/index.php/Admin/User/register
INFO: [ app_init ] --START--
INFO: Run Behavior\BuildLiteBehavior [ RunTime:0.000008s ]
INFO: [ app_init ] --END-- [ RunTime:0.000357s ]
INFO: [ app_begin ] --START--
INFO: Run Behavior\ReadHtmlCacheBehavior [ RunTime:0.000412s ]
INFO: [ app_begin ] --END-- [ RunTime:0.000436s ]
ERR: syntax error, unexpected '=', expecting ')'

[ 2018-07-22T20:17:49+08:00 ] ::1 /ThinkPHP/lab_dyl/index.php/Admin/User/register
INFO: [ app_init ] --START--
INFO: Run Behavior\BuildLiteBehavior [ RunTime:0.000008s ]
INFO: [ app_init ] --END-- [ RunTime:0.000493s ]
INFO: [ app_begin ] --START--
INFO: Run Behavior\ReadHtmlCacheBehavior [ RunTime:0.000449s ]
INFO: [ app_begin ] --END-- [ RunTime:0.000470s ]
ERR: syntax error, unexpected '=', expecting ')'

[ 2018-07-22T20:17:49+08:00 ] ::1 /ThinkPHP/lab_dyl/index.php/Admin/User/register
INFO: [ app_init ] --START--
INFO: Run Behavior\BuildLiteBehavior [ RunTime:0.000005s ]
INFO: [ app_init ] --END-- [ RunTime:0.000231s ]
INFO: [ app_begin ] --START--
INFO: Run Behavior\ReadHtmlCacheBehavior [ RunTime:0.000455s ]
INFO: [ app_begin ] --END-- [ RunTime:0.000477s ]
ERR: syntax error, unexpected '=', expecting ')'

[ 2018-07-22T20:17:49+08:00 ] ::1 /ThinkPHP/lab_dyl/index.php/Admin/User/register
INFO: [ app_init ] --START--
INFO: Run Behavior\BuildLiteBehavior [ RunTime:0.000007s ]
INFO: [ app_init ] --END-- [ RunTime:0.000368s ]
INFO: [ app_begin ] --START--
INFO: Run Behavior\ReadHtmlCacheBehavior [ RunTime:0.001942s ]
INFO: [ app_begin ] --END-- [ RunTime:0.001978s ]
ERR: syntax error, unexpected '=', expecting ')'

[ 2018-07-22T20:17:49+08:00 ] ::1 /ThinkPHP/lab_dyl/index.php/Admin/User/register
INFO: [ app_init ] --START--
INFO: Run Behavior\BuildLiteBehavior [ RunTime:0.000009s ]
INFO: [ app_init ] --END-- [ RunTime:0.000289s ]
INFO: [ app_begin ] --START--
INFO: Run Behavior\ReadHtmlCacheBehavior [ RunTime:0.000965s ]
INFO: [ app_begin ] --END-- [ RunTime:0.001077s ]
ERR: syntax error, unexpected '=', expecting ')'

[ 2018-07-22T20:18:13+08:00 ] ::1 /ThinkPHP/lab_dyl/index.php/Admin/User/register
INFO: [ app_init ] --START--
INFO: Run Behavior\BuildLiteBehavior [ RunTime:0.000008s ]
INFO: [ app_init ] --END-- [ RunTime:0.000424s ]
INFO: [ app_begin ] --START--
INFO: Run Behavior\ReadHtmlCacheBehavior [ RunTime:0.000638s ]
INFO: [ app_begin ] --END-- [ RunTime:0.000673s ]
ERR: syntax error, unexpected '->' (T_OBJECT_OPERATOR)

[ 2018-07-22T20:18:14+08:00 ] ::1 /ThinkPHP/lab_dyl/index.php/Admin/User/register
INFO: [ app_init ] --START--
INFO: Run Behavior\BuildLiteBehavior [ RunTime:0.000027s ]
INFO: [ app_init ] --END-- [ RunTime:0.000444s ]
INFO: [ app_begin ] --START--
INFO: Run Behavior\ReadHtmlCacheBehavior [ RunTime:0.000541s ]
INFO: [ app_begin ] --END-- [ RunTime:0.000581s ]
ERR: syntax error, unexpected '->' (T_OBJECT_OPERATOR)

[ 2018-07-22T20:18:15+08:00 ] ::1 /ThinkPHP/lab_dyl/index.php/Admin/User/register
INFO: [ app_init ] --START--
INFO: Run Behavior\BuildLiteBehavior [ RunTime:0.000008s ]
INFO: [ app_init ] --END-- [ RunTime:0.000664s ]
INFO: [ app_begin ] --START--
INFO: Run Behavior\ReadHtmlCacheBehavior [ RunTime:0.000601s ]
INFO: [ app_begin ] --END-- [ RunTime:0.000642s ]
ERR: syntax error, unexpected '->' (T_OBJECT_OPERATOR)

[ 2018-07-22T20:18:15+08:00 ] ::1 /ThinkPHP/lab_dyl/index.php/Admin/User/register
INFO: [ app_init ] --START--
INFO: Run Behavior\BuildLiteBehavior [ RunTime:0.000006s ]
INFO: [ app_init ] --END-- [ RunTime:0.000254s ]
INFO: [ app_begin ] --START--
INFO: Run Behavior\ReadHtmlCacheBehavior [ RunTime:0.000320s ]
INFO: [ app_begin ] --END-- [ RunTime:0.000340s ]
ERR: syntax error, unexpected '->' (T_OBJECT_OPERATOR)

[ 2018-07-22T20:18:53+08:00 ] ::1 /ThinkPHP/lab_dyl/index.php/Admin/User/register
INFO: [ app_init ] --START--
INFO: Run Behavior\BuildLiteBehavior [ RunTime:0.000006s ]
INFO: [ app_init ] --END-- [ RunTime:0.000234s ]
INFO: [ app_begin ] --START--
INFO: Run Behavior\ReadHtmlCacheBehavior [ RunTime:0.000323s ]
INFO: [ app_begin ] --END-- [ RunTime:0.000342s ]
NOTIC: [2] Declaration of Admin\Model\UserModel::check($account) should be compatible with Think\Model::check($value, $rule, $type = 'regex') F:\XAMPP\htdocs\dyl\ThinkPHP\Lab_dyl\Application\Admin\Model\UserModel.class.php 第 4 行.
SQL: SHOW COLUMNS FROM `user` [ RunTime:0.0100s ]
ERR: Call to undefined function Admin\Controller\check()

[ 2018-07-22T20:19:40+08:00 ] ::1 /ThinkPHP/lab_dyl/index.php/Admin/User/register
INFO: [ app_init ] --START--
INFO: Run Behavior\BuildLiteBehavior [ RunTime:0.000009s ]
INFO: [ app_init ] --END-- [ RunTime:0.000620s ]
INFO: [ app_begin ] --START--
INFO: Run Behavior\ReadHtmlCacheBehavior [ RunTime:0.000532s ]
INFO: [ app_begin ] --END-- [ RunTime:0.000556s ]
ERR: syntax error, unexpected '->' (T_OBJECT_OPERATOR)

[ 2018-07-22T20:19:52+08:00 ] ::1 /ThinkPHP/lab_dyl/index.php/Admin/User/register
INFO: [ app_init ] --START--
INFO: Run Behavior\BuildLiteBehavior [ RunTime:0.000007s ]
INFO: [ app_init ] --END-- [ RunTime:0.000287s ]
INFO: [ app_begin ] --START--
INFO: Run Behavior\ReadHtmlCacheBehavior [ RunTime:0.000428s ]
INFO: [ app_begin ] --END-- [ RunTime:0.000448s ]
NOTIC: [2] Declaration of Admin\Model\UserModel::check($account) should be compatible with Think\Model::check($value, $rule, $type = 'regex') F:\XAMPP\htdocs\dyl\ThinkPHP\Lab_dyl\Application\Admin\Model\UserModel.class.php 第 4 行.
SQL: SHOW COLUMNS FROM `user` [ RunTime:0.0130s ]
ERR: Call to undefined function Admin\Controller\check()

[ 2018-07-22T20:21:28+08:00 ] ::1 /ThinkPHP/lab_dyl/index.php/Admin/User/register
INFO: [ app_init ] --START--
INFO: Run Behavior\BuildLiteBehavior [ RunTime:0.000007s ]
INFO: [ app_init ] --END-- [ RunTime:0.000344s ]
INFO: [ app_begin ] --START--
INFO: Run Behavior\ReadHtmlCacheBehavior [ RunTime:0.000633s ]
INFO: [ app_begin ] --END-- [ RunTime:0.000713s ]
NOTIC: [2] Declaration of Admin\Model\UserModel::check($account) should be compatible with Think\Model::check($value, $rule, $type = 'regex') F:\XAMPP\htdocs\dyl\ThinkPHP\Lab_dyl\Application\Admin\Model\UserModel.class.php 第 4 行.
SQL: SHOW COLUMNS FROM `user` [ RunTime:0.0195s ]
ERR: Call to undefined function Admin\Controller\check()

[ 2018-07-22T20:21:58+08:00 ] ::1 /ThinkPHP/lab_dyl/index.php/Admin/User/register
INFO: [ app_init ] --START--
INFO: Run Behavior\BuildLiteBehavior [ RunTime:0.000014s ]
INFO: [ app_init ] --END-- [ RunTime:0.000721s ]
INFO: [ app_begin ] --START--
INFO: Run Behavior\ReadHtmlCacheBehavior [ RunTime:0.001111s ]
INFO: [ app_begin ] --END-- [ RunTime:0.001189s ]
ERR: syntax error, unexpected '->' (T_OBJECT_OPERATOR)

[ 2018-07-22T20:21:59+08:00 ] ::1 /ThinkPHP/lab_dyl/index.php/Admin/User/register
INFO: [ app_init ] --START--
INFO: Run Behavior\BuildLiteBehavior [ RunTime:0.000010s ]
INFO: [ app_init ] --END-- [ RunTime:0.000400s ]
INFO: [ app_begin ] --START--
INFO: Run Behavior\ReadHtmlCacheBehavior [ RunTime:0.000469s ]
INFO: [ app_begin ] --END-- [ RunTime:0.000507s ]
ERR: syntax error, unexpected '->' (T_OBJECT_OPERATOR)

[ 2018-07-22T20:22:00+08:00 ] ::1 /ThinkPHP/lab_dyl/index.php/Admin/User/register
INFO: [ app_init ] --START--
INFO: Run Behavior\BuildLiteBehavior [ RunTime:0.000008s ]
INFO: [ app_init ] --END-- [ RunTime:0.000287s ]
INFO: [ app_begin ] --START--
INFO: Run Behavior\ReadHtmlCacheBehavior [ RunTime:0.005457s ]
INFO: [ app_begin ] --END-- [ RunTime:0.005495s ]
ERR: syntax error, unexpected '->' (T_OBJECT_OPERATOR)

[ 2018-07-22T20:22:00+08:00 ] ::1 /ThinkPHP/lab_dyl/index.php/Admin/User/register
INFO: [ app_init ] --START--
INFO: Run Behavior\BuildLiteBehavior [ RunTime:0.000007s ]
INFO: [ app_init ] --END-- [ RunTime:0.000417s ]
INFO: [ app_begin ] --START--
INFO: Run Behavior\ReadHtmlCacheBehavior [ RunTime:0.000457s ]
INFO: [ app_begin ] --END-- [ RunTime:0.000484s ]
ERR: syntax error, unexpected '->' (T_OBJECT_OPERATOR)

[ 2018-07-22T20:22:01+08:00 ] ::1 /ThinkPHP/lab_dyl/index.php/Admin/User/register
INFO: [ app_init ] --START--
INFO: Run Behavior\BuildLiteBehavior [ RunTime:0.000050s ]
INFO: [ app_init ] --END-- [ RunTime:0.000497s ]
INFO: [ app_begin ] --START--
INFO: Run Behavior\ReadHtmlCacheBehavior [ RunTime:0.000612s ]
INFO: [ app_begin ] --END-- [ RunTime:0.000640s ]
ERR: syntax error, unexpected '->' (T_OBJECT_OPERATOR)

[ 2018-07-22T20:22:01+08:00 ] ::1 /ThinkPHP/lab_dyl/index.php/Admin/User/register
INFO: [ app_init ] --START--
INFO: Run Behavior\BuildLiteBehavior [ RunTime:0.000007s ]
INFO: [ app_init ] --END-- [ RunTime:0.000243s ]
INFO: [ app_begin ] --START--
INFO: Run Behavior\ReadHtmlCacheBehavior [ RunTime:0.000348s ]
INFO: [ app_begin ] --END-- [ RunTime:0.000368s ]
ERR: syntax error, unexpected '->' (T_OBJECT_OPERATOR)

[ 2018-07-22T20:22:01+08:00 ] ::1 /ThinkPHP/lab_dyl/index.php/Admin/User/register
INFO: [ app_init ] --START--
INFO: Run Behavior\BuildLiteBehavior [ RunTime:0.000006s ]
INFO: [ app_init ] --END-- [ RunTime:0.000232s ]
INFO: [ app_begin ] --START--
INFO: Run Behavior\ReadHtmlCacheBehavior [ RunTime:0.000316s ]
INFO: [ app_begin ] --END-- [ RunTime:0.000336s ]
ERR: syntax error, unexpected '->' (T_OBJECT_OPERATOR)

[ 2018-07-22T20:22:01+08:00 ] ::1 /ThinkPHP/lab_dyl/index.php/Admin/User/register
INFO: [ app_init ] --START--
INFO: Run Behavior\BuildLiteBehavior [ RunTime:0.000008s ]
INFO: [ app_init ] --END-- [ RunTime:0.000266s ]
INFO: [ app_begin ] --START--
INFO: Run Behavior\ReadHtmlCacheBehavior [ RunTime:0.000403s ]
INFO: [ app_begin ] --END-- [ RunTime:0.000429s ]
ERR: syntax error, unexpected '->' (T_OBJECT_OPERATOR)

[ 2018-07-22T20:22:02+08:00 ] ::1 /ThinkPHP/lab_dyl/index.php/Admin/User/register
INFO: [ app_init ] --START--
INFO: Run Behavior\BuildLiteBehavior [ RunTime:0.000006s ]
INFO: [ app_init ] --END-- [ RunTime:0.000237s ]
INFO: [ app_begin ] --START--
INFO: Run Behavior\ReadHtmlCacheBehavior [ RunTime:0.000319s ]
INFO: [ app_begin ] --END-- [ RunTime:0.000338s ]
ERR: syntax error, unexpected '->' (T_OBJECT_OPERATOR)

[ 2018-07-22T20:22:26+08:00 ] ::1 /ThinkPHP/lab_dyl/index.php/Admin/User/register
INFO: [ app_init ] --START--
INFO: Run Behavior\BuildLiteBehavior [ RunTime:0.000009s ]
INFO: [ app_init ] --END-- [ RunTime:0.000389s ]
INFO: [ app_begin ] --START--
INFO: Run Behavior\ReadHtmlCacheBehavior [ RunTime:0.014606s ]
INFO: [ app_begin ] --END-- [ RunTime:0.014641s ]
NOTIC: [2] Declaration of Admin\Model\UserModel::check($account) should be compatible with Think\Model::check($value, $rule, $type = 'regex') F:\XAMPP\htdocs\dyl\ThinkPHP\Lab_dyl\Application\Admin\Model\UserModel.class.php 第 4 行.
SQL: SHOW COLUMNS FROM `user` [ RunTime:0.0147s ]
ERR: 1064:You have an error in your SQL syntax; check the manual that corresponds to your MySQL server version for the right syntax to use near '' at line 1
 [ SQL语句 ] : select * from user where account=.$account.
ERR: 1064:You have an error in your SQL syntax; check the manual that corresponds to your MySQL server version for the right syntax to use near '' at line 1
 [ SQL语句 ] : select * from user where account=.$account.

[ 2018-07-22T20:24:11+08:00 ] ::1 /ThinkPHP/lab_dyl/index.php/Admin/User/register
INFO: [ app_init ] --START--
INFO: Run Behavior\BuildLiteBehavior [ RunTime:0.000007s ]
INFO: [ app_init ] --END-- [ RunTime:0.000269s ]
INFO: [ app_begin ] --START--
INFO: Run Behavior\ReadHtmlCacheBehavior [ RunTime:0.000445s ]
INFO: [ app_begin ] --END-- [ RunTime:0.000465s ]
NOTIC: [2] Declaration of Admin\Model\UserModel::check($account) should be compatible with Think\Model::check($value, $rule, $type = 'regex') F:\XAMPP\htdocs\dyl\ThinkPHP\Lab_dyl\Application\Admin\Model\UserModel.class.php 第 4 行.
SQL: SHOW COLUMNS FROM `user` [ RunTime:0.0136s ]
SQL: select * from user where account=2012 [ RunTime:0.0102s ]
SQL: INSERT INTO `user` (`id`,`role`,`account`,`job_id`,`name`,`telphone`,`email`,`password`) VALUES (NULL,'0','2012','0',' ',' ',' ','1234567') [ RunTime:0.0028s ]
ERR: Call to undefined function Admin\Controller\ajaxReturn()

[ 2018-07-22T20:29:28+08:00 ] ::1 /ThinkPHP/lab_dyl/index.php/Admin/User/register
INFO: [ app_init ] --START--
INFO: Run Behavior\BuildLiteBehavior [ RunTime:0.000008s ]
INFO: [ app_init ] --END-- [ RunTime:0.000402s ]
INFO: [ app_begin ] --START--
INFO: Run Behavior\ReadHtmlCacheBehavior [ RunTime:0.001427s ]
INFO: [ app_begin ] --END-- [ RunTime:0.001514s ]
NOTIC: [2] Declaration of Admin\Model\UserModel::check($account) should be compatible with Think\Model::check($value, $rule, $type = 'regex') F:\XAMPP\htdocs\dyl\ThinkPHP\Lab_dyl\Application\Admin\Model\UserModel.class.php 第 4 行.
SQL: SHOW COLUMNS FROM `user` [ RunTime:0.0061s ]
SQL: select * from user where account=2013 [ RunTime:0.0081s ]
SQL: INSERT INTO `user` (`id`,`role`,`account`,`job_id`,`name`,`telphone`,`email`,`password`) VALUES (NULL,'0','2013','0',' ',' ',' ','1234567') [ RunTime:0.0029s ]
ERR: Call to undefined function Admin\Controller\ajaxReturn()

[ 2018-07-22T20:37:15+08:00 ] ::1 /ThinkPHP/lab_dyl/index.php/Admin/User/register2
INFO: [ app_init ] --START--
INFO: Run Behavior\BuildLiteBehavior [ RunTime:0.000006s ]
INFO: [ app_init ] --END-- [ RunTime:0.000276s ]
INFO: [ app_begin ] --START--
INFO: Run Behavior\ReadHtmlCacheBehavior [ RunTime:0.000430s ]
INFO: [ app_begin ] --END-- [ RunTime:0.000451s ]
ERR: 非法操作:register2

[ 2018-07-22T20:37:47+08:00 ] ::1 /ThinkPHP/lab_dyl/index.php/Admin/User/register2
INFO: [ app_init ] --START--
INFO: Run Behavior\BuildLiteBehavior [ RunTime:0.000020s ]
INFO: [ app_init ] --END-- [ RunTime:0.000401s ]
INFO: [ app_begin ] --START--
INFO: Run Behavior\ReadHtmlCacheBehavior [ RunTime:0.000517s ]
INFO: [ app_begin ] --END-- [ RunTime:0.000554s ]
ERR: 非法操作:register2

[ 2018-07-22T20:37:48+08:00 ] ::1 /ThinkPHP/lab_dyl/index.php/Admin/User/register2
INFO: [ app_init ] --START--
INFO: Run Behavior\BuildLiteBehavior [ RunTime:0.000006s ]
INFO: [ app_init ] --END-- [ RunTime:0.000239s ]
INFO: [ app_begin ] --START--
INFO: Run Behavior\ReadHtmlCacheBehavior [ RunTime:0.000312s ]
INFO: [ app_begin ] --END-- [ RunTime:0.000331s ]
ERR: 非法操作:register2

[ 2018-07-22T20:37:48+08:00 ] ::1 /ThinkPHP/lab_dyl/index.php/Admin/User/register2
INFO: [ app_init ] --START--
INFO: Run Behavior\BuildLiteBehavior [ RunTime:0.000007s ]
INFO: [ app_init ] --END-- [ RunTime:0.000245s ]
INFO: [ app_begin ] --START--
INFO: Run Behavior\ReadHtmlCacheBehavior [ RunTime:0.000373s ]
INFO: [ app_begin ] --END-- [ RunTime:0.000393s ]
ERR: 非法操作:register2

[ 2018-07-22T20:37:48+08:00 ] ::1 /ThinkPHP/lab_dyl/index.php/Admin/User/register2
INFO: [ app_init ] --START--
INFO: Run Behavior\BuildLiteBehavior [ RunTime:0.000006s ]
INFO: [ app_init ] --END-- [ RunTime:0.000238s ]
INFO: [ app_begin ] --START--
INFO: Run Behavior\ReadHtmlCacheBehavior [ RunTime:0.000312s ]
INFO: [ app_begin ] --END-- [ RunTime:0.000332s ]
ERR: 非法操作:register2

[ 2018-07-22T20:37:48+08:00 ] ::1 /ThinkPHP/lab_dyl/index.php/Admin/User/register2
INFO: [ app_init ] --START--
INFO: Run Behavior\BuildLiteBehavior [ RunTime:0.000009s ]
INFO: [ app_init ] --END-- [ RunTime:0.000339s ]
INFO: [ app_begin ] --START--
INFO: Run Behavior\ReadHtmlCacheBehavior [ RunTime:0.000318s ]
INFO: [ app_begin ] --END-- [ RunTime:0.000338s ]
ERR: 非法操作:register2

[ 2018-07-22T20:37:49+08:00 ] ::1 /ThinkPHP/lab_dyl/index.php/Admin/User/register2
INFO: [ app_init ] --START--
INFO: Run Behavior\BuildLiteBehavior [ RunTime:0.000014s ]
INFO: [ app_init ] --END-- [ RunTime:0.000318s ]
INFO: [ app_begin ] --START--
INFO: Run Behavior\ReadHtmlCacheBehavior [ RunTime:0.000803s ]
INFO: [ app_begin ] --END-- [ RunTime:0.000923s ]
ERR: 非法操作:register2

[ 2018-07-22T20:37:49+08:00 ] ::1 /ThinkPHP/lab_dyl/index.php/Admin/User/register2
INFO: [ app_init ] --START--
INFO: Run Behavior\BuildLiteBehavior [ RunTime:0.000008s ]
INFO: [ app_init ] --END-- [ RunTime:0.000354s ]
INFO: [ app_begin ] --START--
INFO: Run Behavior\ReadHtmlCacheBehavior [ RunTime:0.000341s ]
INFO: [ app_begin ] --END-- [ RunTime:0.000384s ]
ERR: 非法操作:register2

[ 2018-07-22T20:37:49+08:00 ] ::1 /ThinkPHP/lab_dyl/index.php/Admin/User/register2
INFO: [ app_init ] --START--
INFO: Run Behavior\BuildLiteBehavior [ RunTime:0.000006s ]
INFO: [ app_init ] --END-- [ RunTime:0.000235s ]
INFO: [ app_begin ] --START--
INFO: Run Behavior\ReadHtmlCacheBehavior [ RunTime:0.000312s ]
INFO: [ app_begin ] --END-- [ RunTime:0.000331s ]
ERR: 非法操作:register2

[ 2018-07-22T20:37:49+08:00 ] ::1 /ThinkPHP/lab_dyl/index.php/Admin/User/register2
INFO: [ app_init ] --START--
INFO: Run Behavior\BuildLiteBehavior [ RunTime:0.000007s ]
INFO: [ app_init ] --END-- [ RunTime:0.000306s ]
INFO: [ app_begin ] --START--
INFO: Run Behavior\ReadHtmlCacheBehavior [ RunTime:0.000317s ]
INFO: [ app_begin ] --END-- [ RunTime:0.000337s ]
ERR: 非法操作:register2

[ 2018-07-22T20:37:49+08:00 ] ::1 /ThinkPHP/lab_dyl/index.php/Admin/User/register2
INFO: [ app_init ] --START--
INFO: Run Behavior\BuildLiteBehavior [ RunTime:0.000007s ]
INFO: [ app_init ] --END-- [ RunTime:0.000250s ]
INFO: [ app_begin ] --START--
INFO: Run Behavior\ReadHtmlCacheBehavior [ RunTime:0.000329s ]
INFO: [ app_begin ] --END-- [ RunTime:0.000349s ]
ERR: 非法操作:register2

[ 2018-07-22T20:37:50+08:00 ] ::1 /ThinkPHP/lab_dyl/index.php/Admin/User/register2
INFO: [ app_init ] --START--
INFO: Run Behavior\BuildLiteBehavior [ RunTime:0.000007s ]
INFO: [ app_init ] --END-- [ RunTime:0.000256s ]
INFO: [ app_begin ] --START--
INFO: Run Behavior\ReadHtmlCacheBehavior [ RunTime:0.000327s ]
INFO: [ app_begin ] --END-- [ RunTime:0.000347s ]
ERR: 非法操作:register2

[ 2018-07-22T20:37:50+08:00 ] ::1 /ThinkPHP/lab_dyl/index.php/Admin/User/register2
INFO: [ app_init ] --START--
INFO: Run Behavior\BuildLiteBehavior [ RunTime:0.000006s ]
INFO: [ app_init ] --END-- [ RunTime:0.000368s ]
INFO: [ app_begin ] --START--
INFO: Run Behavior\ReadHtmlCacheBehavior [ RunTime:0.000322s ]
INFO: [ app_begin ] --END-- [ RunTime:0.000342s ]
ERR: 非法操作:register2

[ 2018-07-22T20:37:50+08:00 ] ::1 /ThinkPHP/lab_dyl/index.php/Admin/User/register2
INFO: [ app_init ] --START--
INFO: Run Behavior\BuildLiteBehavior [ RunTime:0.000009s ]
INFO: [ app_init ] --END-- [ RunTime:0.002512s ]
INFO: [ app_begin ] --START--
INFO: Run Behavior\ReadHtmlCacheBehavior [ RunTime:0.000324s ]
INFO: [ app_begin ] --END-- [ RunTime:0.000344s ]
ERR: 非法操作:register2

[ 2018-07-22T20:37:50+08:00 ] ::1 /ThinkPHP/lab_dyl/index.php/Admin/User/register2
INFO: [ app_init ] --START--
INFO: Run Behavior\BuildLiteBehavior [ RunTime:0.000007s ]
INFO: [ app_init ] --END-- [ RunTime:0.000258s ]
INFO: [ app_begin ] --START--
INFO: Run Behavior\ReadHtmlCacheBehavior [ RunTime:0.000448s ]
INFO: [ app_begin ] --END-- [ RunTime:0.000468s ]
ERR: 非法操作:register2

[ 2018-07-22T20:37:51+08:00 ] ::1 /ThinkPHP/lab_dyl/index.php/Admin/User/register2
INFO: [ app_init ] --START--
INFO: Run Behavior\BuildLiteBehavior [ RunTime:0.000006s ]
INFO: [ app_init ] --END-- [ RunTime:0.000239s ]
INFO: [ app_begin ] --START--
INFO: Run Behavior\ReadHtmlCacheBehavior [ RunTime:0.000319s ]
INFO: [ app_begin ] --END-- [ RunTime:0.000339s ]
ERR: 非法操作:register2

[ 2018-07-22T20:37:51+08:00 ] ::1 /ThinkPHP/lab_dyl/index.php/Admin/User/register2
INFO: [ app_init ] --START--
INFO: Run Behavior\BuildLiteBehavior [ RunTime:0.000007s ]
INFO: [ app_init ] --END-- [ RunTime:0.000245s ]
INFO: [ app_begin ] --START--
INFO: Run Behavior\ReadHtmlCacheBehavior [ RunTime:0.000317s ]
INFO: [ app_begin ] --END-- [ RunTime:0.000337s ]
ERR: 非法操作:register2

[ 2018-07-22T20:37:51+08:00 ] ::1 /ThinkPHP/lab_dyl/index.php/Admin/User/register2
INFO: [ app_init ] --START--
INFO: Run Behavior\BuildLiteBehavior [ RunTime:0.000007s ]
INFO: [ app_init ] --END-- [ RunTime:0.000244s ]
INFO: [ app_begin ] --START--
INFO: Run Behavior\ReadHtmlCacheBehavior [ RunTime:0.000323s ]
INFO: [ app_begin ] --END-- [ RunTime:0.000344s ]
ERR: 非法操作:register2

[ 2018-07-22T20:37:53+08:00 ] ::1 /ThinkPHP/lab_dyl/index.php/Admin/User/register2
INFO: [ app_init ] --START--
INFO: Run Behavior\BuildLiteBehavior [ RunTime:0.000009s ]
INFO: [ app_init ] --END-- [ RunTime:0.000308s ]
INFO: [ app_begin ] --START--
INFO: Run Behavior\ReadHtmlCacheBehavior [ RunTime:0.001061s ]
INFO: [ app_begin ] --END-- [ RunTime:0.001166s ]
ERR: 非法操作:register2

[ 2018-07-22T20:37:54+08:00 ] ::1 /ThinkPHP/lab_dyl/index.php/Admin/User/register2
INFO: [ app_init ] --START--
INFO: Run Behavior\BuildLiteBehavior [ RunTime:0.000032s ]
INFO: [ app_init ] --END-- [ RunTime:0.000324s ]
INFO: [ app_begin ] --START--
INFO: Run Behavior\ReadHtmlCacheBehavior [ RunTime:0.000318s ]
INFO: [ app_begin ] --END-- [ RunTime:0.000338s ]
ERR: 非法操作:register2

[ 2018-07-22T20:37:54+08:00 ] ::1 /ThinkPHP/lab_dyl/index.php/Admin/User/register2
INFO: [ app_init ] --START--
INFO: Run Behavior\BuildLiteBehavior [ RunTime:0.000006s ]
INFO: [ app_init ] --END-- [ RunTime:0.000234s ]
INFO: [ app_begin ] --START--
INFO: Run Behavior\ReadHtmlCacheBehavior [ RunTime:0.000311s ]
INFO: [ app_begin ] --END-- [ RunTime:0.000332s ]
ERR: 非法操作:register2

[ 2018-07-22T20:37:54+08:00 ] ::1 /ThinkPHP/lab_dyl/index.php/Admin/User/register2
INFO: [ app_init ] --START--
INFO: Run Behavior\BuildLiteBehavior [ RunTime:0.000006s ]
INFO: [ app_init ] --END-- [ RunTime:0.000245s ]
INFO: [ app_begin ] --START--
INFO: Run Behavior\ReadHtmlCacheBehavior [ RunTime:0.000321s ]
INFO: [ app_begin ] --END-- [ RunTime:0.000341s ]
ERR: 非法操作:register2

[ 2018-07-22T20:37:54+08:00 ] ::1 /ThinkPHP/lab_dyl/index.php/Admin/User/register2
INFO: [ app_init ] --START--
INFO: Run Behavior\BuildLiteBehavior [ RunTime:0.000011s ]
INFO: [ app_init ] --END-- [ RunTime:0.000378s ]
INFO: [ app_begin ] --START--
INFO: Run Behavior\ReadHtmlCacheBehavior [ RunTime:0.000724s ]
INFO: [ app_begin ] --END-- [ RunTime:0.000887s ]
ERR: 非法操作:register2

[ 2018-07-22T20:37:54+08:00 ] ::1 /ThinkPHP/lab_dyl/index.php/Admin/User/register2
INFO: [ app_init ] --START--
INFO: Run Behavior\BuildLiteBehavior [ RunTime:0.000009s ]
INFO: [ app_init ] --END-- [ RunTime:0.000355s ]
INFO: [ app_begin ] --START--
INFO: Run Behavior\ReadHtmlCacheBehavior [ RunTime:0.000430s ]
INFO: [ app_begin ] --END-- [ RunTime:0.000457s ]
ERR: 非法操作:register2

[ 2018-07-22T20:37:57+08:00 ] ::1 /ThinkPHP/lab_dyl/index.php/Admin/User/register2
INFO: [ app_init ] --START--
INFO: Run Behavior\BuildLiteBehavior [ RunTime:0.000005s ]
INFO: [ app_init ] --END-- [ RunTime:0.000223s ]
INFO: [ app_begin ] --START--
INFO: Run Behavior\ReadHtmlCacheBehavior [ RunTime:0.000497s ]
INFO: [ app_begin ] --END-- [ RunTime:0.000520s ]
ERR: 非法操作:register2

[ 2018-07-22T20:37:57+08:00 ] ::1 /ThinkPHP/lab_dyl/index.php/Admin/User/register2
INFO: [ app_init ] --START--
INFO: Run Behavior\BuildLiteBehavior [ RunTime:0.000024s ]
INFO: [ app_init ] --END-- [ RunTime:0.000503s ]
INFO: [ app_begin ] --START--
INFO: Run Behavior\ReadHtmlCacheBehavior [ RunTime:0.000922s ]
INFO: [ app_begin ] --END-- [ RunTime:0.000978s ]
ERR: 非法操作:register2

[ 2018-07-22T20:38:21+08:00 ] ::1 /ThinkPHP/lab_dyl/index.php/Admin/User/register2
INFO: [ app_init ] --START--
INFO: Run Behavior\BuildLiteBehavior [ RunTime:0.000006s ]
INFO: [ app_init ] --END-- [ RunTime:0.000235s ]
INFO: [ app_begin ] --START--
INFO: Run Behavior\ReadHtmlCacheBehavior [ RunTime:0.000313s ]
INFO: [ app_begin ] --END-- [ RunTime:0.000333s ]
ERR: 非法操作:register2

[ 2018-07-22T20:38:22+08:00 ] ::1 /ThinkPHP/lab_dyl/index.php/Admin/User/register2
INFO: [ app_init ] --START--
INFO: Run Behavior\BuildLiteBehavior [ RunTime:0.000006s ]
INFO: [ app_init ] --END-- [ RunTime:0.000403s ]
INFO: [ app_begin ] --START--
INFO: Run Behavior\ReadHtmlCacheBehavior [ RunTime:0.000858s ]
INFO: [ app_begin ] --END-- [ RunTime:0.000918s ]
ERR: 非法操作:register2

[ 2018-07-22T20:38:22+08:00 ] ::1 /ThinkPHP/lab_dyl/index.php/Admin/User/register2
INFO: [ app_init ] --START--
INFO: Run Behavior\BuildLiteBehavior [ RunTime:0.000007s ]
INFO: [ app_init ] --END-- [ RunTime:0.000232s ]
INFO: [ app_begin ] --START--
INFO: Run Behavior\ReadHtmlCacheBehavior [ RunTime:0.000310s ]
INFO: [ app_begin ] --END-- [ RunTime:0.000330s ]
ERR: 非法操作:register2

[ 2018-07-22T20:38:22+08:00 ] ::1 /ThinkPHP/lab_dyl/index.php/Admin/User/register2
INFO: [ app_init ] --START--
INFO: Run Behavior\BuildLiteBehavior [ RunTime:0.000035s ]
INFO: [ app_init ] --END-- [ RunTime:0.000315s ]
INFO: [ app_begin ] --START--
INFO: Run Behavior\ReadHtmlCacheBehavior [ RunTime:0.000761s ]
INFO: [ app_begin ] --END-- [ RunTime:0.000805s ]
ERR: 非法操作:register2

[ 2018-07-22T20:38:22+08:00 ] ::1 /ThinkPHP/lab_dyl/index.php/Admin/User/register2
INFO: [ app_init ] --START--
INFO: Run Behavior\BuildLiteBehavior [ RunTime:0.000007s ]
INFO: [ app_init ] --END-- [ RunTime:0.000243s ]
INFO: [ app_begin ] --START--
INFO: Run Behavior\ReadHtmlCacheBehavior [ RunTime:0.000717s ]
INFO: [ app_begin ] --END-- [ RunTime:0.000737s ]
ERR: 非法操作:register2

[ 2018-07-22T20:38:22+08:00 ] ::1 /ThinkPHP/lab_dyl/index.php/Admin/User/register2
INFO: [ app_init ] --START--
INFO: Run Behavior\BuildLiteBehavior [ RunTime:0.000016s ]
INFO: [ app_init ] --END-- [ RunTime:0.000402s ]
INFO: [ app_begin ] --START--
INFO: Run Behavior\ReadHtmlCacheBehavior [ RunTime:0.000448s ]
INFO: [ app_begin ] --END-- [ RunTime:0.000515s ]
ERR: 非法操作:register2

[ 2018-07-22T20:38:58+08:00 ] ::1 /ThinkPHP/lab_dyl/index.php/Admin/User/register2
INFO: [ app_init ] --START--
INFO: Run Behavior\BuildLiteBehavior [ RunTime:0.000036s ]
INFO: [ app_init ] --END-- [ RunTime:0.012211s ]
INFO: [ app_begin ] --START--
INFO: Run Behavior\ReadHtmlCacheBehavior [ RunTime:0.001868s ]
INFO: [ app_begin ] --END-- [ RunTime:0.002042s ]
ERR: 非法操作:register2

[ 2018-07-22T20:38:58+08:00 ] ::1 /ThinkPHP/lab_dyl/index.php/Admin/User/register2
INFO: [ app_init ] --START--
INFO: Run Behavior\BuildLiteBehavior [ RunTime:0.000007s ]
INFO: [ app_init ] --END-- [ RunTime:0.000273s ]
INFO: [ app_begin ] --START--
INFO: Run Behavior\ReadHtmlCacheBehavior [ RunTime:0.000397s ]
INFO: [ app_begin ] --END-- [ RunTime:0.000421s ]
ERR: 非法操作:register2

[ 2018-07-22T20:41:17+08:00 ] ::1 /ThinkPHP/lab_dyl/index.php/Admin/User/register2
INFO: [ app_init ] --START--
INFO: Run Behavior\BuildLiteBehavior [ RunTime:0.000007s ]
INFO: [ app_init ] --END-- [ RunTime:0.000280s ]
INFO: [ app_begin ] --START--
INFO: Run Behavior\ReadHtmlCacheBehavior [ RunTime:0.000426s ]
INFO: [ app_begin ] --END-- [ RunTime:0.000445s ]
ERR: 非法操作:register2

[ 2018-07-22T20:41:19+08:00 ] ::1 /ThinkPHP/lab_dyl/index.php/Admin/User/register2
INFO: [ app_init ] --START--
INFO: Run Behavior\BuildLiteBehavior [ RunTime:0.000009s ]
INFO: [ app_init ] --END-- [ RunTime:0.000258s ]
INFO: [ app_begin ] --START--
INFO: Run Behavior\ReadHtmlCacheBehavior [ RunTime:0.000570s ]
INFO: [ app_begin ] --END-- [ RunTime:0.000602s ]
ERR: 非法操作:register2

[ 2018-07-22T20:41:19+08:00 ] ::1 /ThinkPHP/lab_dyl/index.php/Admin/User/register2
INFO: [ app_init ] --START--
INFO: Run Behavior\BuildLiteBehavior [ RunTime:0.000011s ]
INFO: [ app_init ] --END-- [ RunTime:0.000443s ]
INFO: [ app_begin ] --START--
INFO: Run Behavior\ReadHtmlCacheBehavior [ RunTime:0.000658s ]
INFO: [ app_begin ] --END-- [ RunTime:0.000703s ]
ERR: 非法操作:register2

[ 2018-07-22T20:41:20+08:00 ] ::1 /ThinkPHP/lab_dyl/index.php/Admin/User/register2
INFO: [ app_init ] --START--
INFO: Run Behavior\BuildLiteBehavior [ RunTime:0.000005s ]
INFO: [ app_init ] --END-- [ RunTime:0.000251s ]
INFO: [ app_begin ] --START--
INFO: Run Behavior\ReadHtmlCacheBehavior [ RunTime:0.000402s ]
INFO: [ app_begin ] --END-- [ RunTime:0.000427s ]
ERR: 非法操作:register2

[ 2018-07-22T20:41:20+08:00 ] ::1 /ThinkPHP/lab_dyl/index.php/Admin/User/register2
INFO: [ app_init ] --START--
INFO: Run Behavior\BuildLiteBehavior [ RunTime:0.000009s ]
INFO: [ app_init ] --END-- [ RunTime:0.000324s ]
INFO: [ app_begin ] --START--
INFO: Run Behavior\ReadHtmlCacheBehavior [ RunTime:0.000424s ]
INFO: [ app_begin ] --END-- [ RunTime:0.000446s ]
ERR: 非法操作:register2

[ 2018-07-22T20:43:08+08:00 ] ::1 /ThinkPHP/lab_dyl/index.php/Admin/User/register2
INFO: [ app_init ] --START--
INFO: Run Behavior\BuildLiteBehavior [ RunTime:0.000054s ]
INFO: [ app_init ] --END-- [ RunTime:0.000620s ]
INFO: [ app_begin ] --START--
INFO: Run Behavior\ReadHtmlCacheBehavior [ RunTime:0.000441s ]
INFO: [ app_begin ] --END-- [ RunTime:0.000461s ]
ERR: 非法操作:register2

[ 2018-07-22T20:43:09+08:00 ] ::1 /ThinkPHP/lab_dyl/index.php/Admin/User/register2
INFO: [ app_init ] --START--
INFO: Run Behavior\BuildLiteBehavior [ RunTime:0.000006s ]
INFO: [ app_init ] --END-- [ RunTime:0.000687s ]
INFO: [ app_begin ] --START--
INFO: Run Behavior\ReadHtmlCacheBehavior [ RunTime:0.000858s ]
INFO: [ app_begin ] --END-- [ RunTime:0.000900s ]
ERR: 非法操作:register2

[ 2018-07-22T20:43:09+08:00 ] ::1 /ThinkPHP/lab_dyl/index.php/Admin/User/register2
INFO: [ app_init ] --START--
INFO: Run Behavior\BuildLiteBehavior [ RunTime:0.000006s ]
INFO: [ app_init ] --END-- [ RunTime:0.000244s ]
INFO: [ app_begin ] --START--
INFO: Run Behavior\ReadHtmlCacheBehavior [ RunTime:0.000313s ]
INFO: [ app_begin ] --END-- [ RunTime:0.000332s ]
ERR: 非法操作:register2

[ 2018-07-22T20:43:09+08:00 ] ::1 /ThinkPHP/lab_dyl/index.php/Admin/User/register2
INFO: [ app_init ] --START--
INFO: Run Behavior\BuildLiteBehavior [ RunTime:0.000016s ]
INFO: [ app_init ] --END-- [ RunTime:0.000442s ]
INFO: [ app_begin ] --START--
INFO: Run Behavior\ReadHtmlCacheBehavior [ RunTime:0.000852s ]
INFO: [ app_begin ] --END-- [ RunTime:0.000945s ]
ERR: 非法操作:register2

[ 2018-07-22T20:43:09+08:00 ] ::1 /ThinkPHP/lab_dyl/index.php/Admin/User/register2
INFO: [ app_init ] --START--
INFO: Run Behavior\BuildLiteBehavior [ RunTime:0.000007s ]
INFO: [ app_init ] --END-- [ RunTime:0.000263s ]
INFO: [ app_begin ] --START--
INFO: Run Behavior\ReadHtmlCacheBehavior [ RunTime:0.000444s ]
INFO: [ app_begin ] --END-- [ RunTime:0.000468s ]
ERR: 非法操作:register2

[ 2018-07-22T20:43:09+08:00 ] ::1 /ThinkPHP/lab_dyl/index.php/Admin/User/register2
INFO: [ app_init ] --START--
INFO: Run Behavior\BuildLiteBehavior [ RunTime:0.000005s ]
INFO: [ app_init ] --END-- [ RunTime:0.000225s ]
INFO: [ app_begin ] --START--
INFO: Run Behavior\ReadHtmlCacheBehavior [ RunTime:0.000396s ]
INFO: [ app_begin ] --END-- [ RunTime:0.000416s ]
ERR: 非法操作:register2

[ 2018-07-22T20:43:10+08:00 ] ::1 /ThinkPHP/lab_dyl/index.php/Admin/User/register2
INFO: [ app_init ] --START--
INFO: Run Behavior\BuildLiteBehavior [ RunTime:0.000009s ]
INFO: [ app_init ] --END-- [ RunTime:0.000487s ]
INFO: [ app_begin ] --START--
INFO: Run Behavior\ReadHtmlCacheBehavior [ RunTime:0.000519s ]
INFO: [ app_begin ] --END-- [ RunTime:0.000543s ]
ERR: 非法操作:register2

[ 2018-07-22T20:43:10+08:00 ] ::1 /ThinkPHP/lab_dyl/index.php/Admin/User/register2
INFO: [ app_init ] --START--
INFO: Run Behavior\BuildLiteBehavior [ RunTime:0.000007s ]
INFO: [ app_init ] --END-- [ RunTime:0.000255s ]
INFO: [ app_begin ] --START--
INFO: Run Behavior\ReadHtmlCacheBehavior [ RunTime:0.000329s ]
INFO: [ app_begin ] --END-- [ RunTime:0.000349s ]
ERR: 非法操作:register2

[ 2018-07-22T20:43:10+08:00 ] ::1 /ThinkPHP/lab_dyl/index.php/Admin/User/register2
INFO: [ app_init ] --START--
INFO: Run Behavior\BuildLiteBehavior [ RunTime:0.000006s ]
INFO: [ app_init ] --END-- [ RunTime:0.000235s ]
INFO: [ app_begin ] --START--
INFO: Run Behavior\ReadHtmlCacheBehavior [ RunTime:0.000311s ]
INFO: [ app_begin ] --END-- [ RunTime:0.000330s ]
ERR: 非法操作:register2

[ 2018-07-22T20:43:10+08:00 ] ::1 /ThinkPHP/lab_dyl/index.php/Admin/User/register2
INFO: [ app_init ] --START--
INFO: Run Behavior\BuildLiteBehavior [ RunTime:0.000006s ]
INFO: [ app_init ] --END-- [ RunTime:0.000248s ]
INFO: [ app_begin ] --START--
INFO: Run Behavior\ReadHtmlCacheBehavior [ RunTime:0.000324s ]
INFO: [ app_begin ] --END-- [ RunTime:0.000344s ]
ERR: 非法操作:register2

[ 2018-07-22T20:43:10+08:00 ] ::1 /ThinkPHP/lab_dyl/index.php/Admin/User/register2
INFO: [ app_init ] --START--
INFO: Run Behavior\BuildLiteBehavior [ RunTime:0.000008s ]
INFO: [ app_init ] --END-- [ RunTime:0.000260s ]
INFO: [ app_begin ] --START--
INFO: Run Behavior\ReadHtmlCacheBehavior [ RunTime:0.001040s ]
INFO: [ app_begin ] --END-- [ RunTime:0.001073s ]
ERR: 非法操作:register2

[ 2018-07-22T20:43:11+08:00 ] ::1 /ThinkPHP/lab_dyl/index.php/Admin/User/register2
INFO: [ app_init ] --START--
INFO: Run Behavior\BuildLiteBehavior [ RunTime:0.000006s ]
INFO: [ app_init ] --END-- [ RunTime:0.000230s ]
INFO: [ app_begin ] --START--
INFO: Run Behavior\ReadHtmlCacheBehavior [ RunTime:0.000311s ]
INFO: [ app_begin ] --END-- [ RunTime:0.000332s ]
ERR: 非法操作:register2

[ 2018-07-22T20:43:11+08:00 ] ::1 /ThinkPHP/lab_dyl/index.php/Admin/User/register2
INFO: [ app_init ] --START--
INFO: Run Behavior\BuildLiteBehavior [ RunTime:0.000005s ]
INFO: [ app_init ] --END-- [ RunTime:0.000233s ]
INFO: [ app_begin ] --START--
INFO: Run Behavior\ReadHtmlCacheBehavior [ RunTime:0.000513s ]
INFO: [ app_begin ] --END-- [ RunTime:0.000534s ]
ERR: 非法操作:register2

[ 2018-07-22T20:43:11+08:00 ] ::1 /ThinkPHP/lab_dyl/index.php/Admin/User/register2
INFO: [ app_init ] --START--
INFO: Run Behavior\BuildLiteBehavior [ RunTime:0.000007s ]
INFO: [ app_init ] --END-- [ RunTime:0.000416s ]
INFO: [ app_begin ] --START--
INFO: Run Behavior\ReadHtmlCacheBehavior [ RunTime:0.000568s ]
INFO: [ app_begin ] --END-- [ RunTime:0.000609s ]
ERR: 非法操作:register2

[ 2018-07-22T20:43:11+08:00 ] ::1 /ThinkPHP/lab_dyl/index.php/Admin/User/register2
INFO: [ app_init ] --START--
INFO: Run Behavior\BuildLiteBehavior [ RunTime:0.000007s ]
INFO: [ app_init ] --END-- [ RunTime:0.000293s ]
INFO: [ app_begin ] --START--
INFO: Run Behavior\ReadHtmlCacheBehavior [ RunTime:0.000454s ]
INFO: [ app_begin ] --END-- [ RunTime:0.000491s ]
ERR: 非法操作:register2

[ 2018-07-22T20:43:14+08:00 ] ::1 /ThinkPHP/lab_dyl/index.php/Admin/User/register2
INFO: [ app_init ] --START--
INFO: Run Behavior\BuildLiteBehavior [ RunTime:0.000006s ]
INFO: [ app_init ] --END-- [ RunTime:0.000338s ]
INFO: [ app_begin ] --START--
INFO: Run Behavior\ReadHtmlCacheBehavior [ RunTime:0.002149s ]
INFO: [ app_begin ] --END-- [ RunTime:0.002208s ]
ERR: 非法操作:register2

[ 2018-07-22T20:44:35+08:00 ] ::1 /ThinkPHP/lab_dyl/index.php/Admin/User/register2
INFO: [ app_init ] --START--
INFO: Run Behavior\BuildLiteBehavior [ RunTime:0.000007s ]
INFO: [ app_init ] --END-- [ RunTime:0.000277s ]
INFO: [ app_begin ] --START--
INFO: Run Behavior\ReadHtmlCacheBehavior [ RunTime:0.000419s ]
INFO: [ app_begin ] --END-- [ RunTime:0.000440s ]
ERR: 非法操作:register2

[ 2018-07-22T20:46:46+08:00 ] ::1 /ThinkPHP/lab_dyl/index.php/Admin/User/register2
INFO: [ app_init ] --START--
INFO: Run Behavior\BuildLiteBehavior [ RunTime:0.000034s ]
INFO: [ app_init ] --END-- [ RunTime:0.001305s ]
INFO: [ app_begin ] --START--
INFO: Run Behavior\ReadHtmlCacheBehavior [ RunTime:0.000690s ]
INFO: [ app_begin ] --END-- [ RunTime:0.000751s ]
ERR: 非法操作:register2

[ 2018-07-22T20:46:47+08:00 ] ::1 /ThinkPHP/lab_dyl/index.php/Admin/User/register2
INFO: [ app_init ] --START--
INFO: Run Behavior\BuildLiteBehavior [ RunTime:0.000007s ]
INFO: [ app_init ] --END-- [ RunTime:0.000292s ]
INFO: [ app_begin ] --START--
INFO: Run Behavior\ReadHtmlCacheBehavior [ RunTime:0.000305s ]
INFO: [ app_begin ] --END-- [ RunTime:0.000324s ]
ERR: 非法操作:register2

[ 2018-07-22T20:46:47+08:00 ] ::1 /ThinkPHP/lab_dyl/index.php/Admin/User/register2
INFO: [ app_init ] --START--
INFO: Run Behavior\BuildLiteBehavior [ RunTime:0.000013s ]
INFO: [ app_init ] --END-- [ RunTime:0.000422s ]
INFO: [ app_begin ] --START--
INFO: Run Behavior\ReadHtmlCacheBehavior [ RunTime:0.000670s ]
INFO: [ app_begin ] --END-- [ RunTime:0.000725s ]
ERR: 非法操作:register2

[ 2018-07-22T20:46:47+08:00 ] ::1 /ThinkPHP/lab_dyl/index.php/Admin/User/register2
INFO: [ app_init ] --START--
INFO: Run Behavior\BuildLiteBehavior [ RunTime:0.000006s ]
INFO: [ app_init ] --END-- [ RunTime:0.000428s ]
INFO: [ app_begin ] --START--
INFO: Run Behavior\ReadHtmlCacheBehavior [ RunTime:0.000578s ]
INFO: [ app_begin ] --END-- [ RunTime:0.000603s ]
ERR: 非法操作:register2

[ 2018-07-22T20:46:47+08:00 ] ::1 /ThinkPHP/lab_dyl/index.php/Admin/User/register2
INFO: [ app_init ] --START--
INFO: Run Behavior\BuildLiteBehavior [ RunTime:0.000008s ]
INFO: [ app_init ] --END-- [ RunTime:0.000348s ]
INFO: [ app_begin ] --START--
INFO: Run Behavior\ReadHtmlCacheBehavior [ RunTime:0.000413s ]
INFO: [ app_begin ] --END-- [ RunTime:0.000435s ]
ERR: 非法操作:register2

[ 2018-07-22T20:50:44+08:00 ] ::1 /ThinkPHP/lab_dyl/index.php/Admin/User/register2
INFO: [ app_init ] --START--
INFO: Run Behavior\BuildLiteBehavior [ RunTime:0.000006s ]
INFO: [ app_init ] --END-- [ RunTime:0.000268s ]
INFO: [ app_begin ] --START--
INFO: Run Behavior\ReadHtmlCacheBehavior [ RunTime:0.000399s ]
INFO: [ app_begin ] --END-- [ RunTime:0.000418s ]
ERR: 非法操作:register2

[ 2018-07-22T20:50:44+08:00 ] ::1 /ThinkPHP/lab_dyl/index.php/Admin/User/register2
INFO: [ app_init ] --START--
INFO: Run Behavior\BuildLiteBehavior [ RunTime:0.000007s ]
INFO: [ app_init ] --END-- [ RunTime:0.000471s ]
INFO: [ app_begin ] --START--
INFO: Run Behavior\ReadHtmlCacheBehavior [ RunTime:0.000876s ]
INFO: [ app_begin ] --END-- [ RunTime:0.000925s ]
ERR: 非法操作:register2

[ 2018-07-22T20:50:45+08:00 ] ::1 /ThinkPHP/lab_dyl/index.php/Admin/User/register2
INFO: [ app_init ] --START--
INFO: Run Behavior\BuildLiteBehavior [ RunTime:0.000008s ]
INFO: [ app_init ] --END-- [ RunTime:0.000366s ]
INFO: [ app_begin ] --START--
INFO: Run Behavior\ReadHtmlCacheBehavior [ RunTime:0.000320s ]
INFO: [ app_begin ] --END-- [ RunTime:0.000341s ]
ERR: 非法操作:register2

[ 2018-07-22T20:50:45+08:00 ] ::1 /ThinkPHP/lab_dyl/index.php/Admin/User/register2
INFO: [ app_init ] --START--
INFO: Run Behavior\BuildLiteBehavior [ RunTime:0.000006s ]
INFO: [ app_init ] --END-- [ RunTime:0.000230s ]
INFO: [ app_begin ] --START--
INFO: Run Behavior\ReadHtmlCacheBehavior [ RunTime:0.000314s ]
INFO: [ app_begin ] --END-- [ RunTime:0.000333s ]
ERR: 非法操作:register2

[ 2018-07-22T20:50:45+08:00 ] ::1 /ThinkPHP/lab_dyl/index.php/Admin/User/register2
INFO: [ app_init ] --START--
INFO: Run Behavior\BuildLiteBehavior [ RunTime:0.000020s ]
INFO: [ app_init ] --END-- [ RunTime:0.000757s ]
INFO: [ app_begin ] --START--
INFO: Run Behavior\ReadHtmlCacheBehavior [ RunTime:0.000379s ]
INFO: [ app_begin ] --END-- [ RunTime:0.000399s ]
ERR: 非法操作:register2

[ 2018-07-22T20:50:57+08:00 ] ::1 /ThinkPHP/lab_dyl/index.php/Admin/User/register2
INFO: [ app_init ] --START--
INFO: Run Behavior\BuildLiteBehavior [ RunTime:0.000017s ]
INFO: [ app_init ] --END-- [ RunTime:0.000589s ]
INFO: [ app_begin ] --START--
INFO: Run Behavior\ReadHtmlCacheBehavior [ RunTime:0.001181s ]
INFO: [ app_begin ] --END-- [ RunTime:0.001304s ]
ERR: 非法操作:register2

[ 2018-07-22T20:50:59+08:00 ] ::1 /ThinkPHP/lab_dyl/index.php/Admin/User/register2
INFO: [ app_init ] --START--
INFO: Run Behavior\BuildLiteBehavior [ RunTime:0.000007s ]
INFO: [ app_init ] --END-- [ RunTime:0.000249s ]
INFO: [ app_begin ] --START--
INFO: Run Behavior\ReadHtmlCacheBehavior [ RunTime:0.000321s ]
INFO: [ app_begin ] --END-- [ RunTime:0.000340s ]
ERR: 非法操作:register2

[ 2018-07-22T20:50:59+08:00 ] ::1 /ThinkPHP/lab_dyl/index.php/Admin/User/register2
INFO: [ app_init ] --START--
INFO: Run Behavior\BuildLiteBehavior [ RunTime:0.000006s ]
INFO: [ app_init ] --END-- [ RunTime:0.000237s ]
INFO: [ app_begin ] --START--
INFO: Run Behavior\ReadHtmlCacheBehavior [ RunTime:0.000316s ]
INFO: [ app_begin ] --END-- [ RunTime:0.000335s ]
ERR: 非法操作:register2

[ 2018-07-22T20:50:59+08:00 ] ::1 /ThinkPHP/lab_dyl/index.php/Admin/User/register2
INFO: [ app_init ] --START--
INFO: Run Behavior\BuildLiteBehavior [ RunTime:0.000006s ]
INFO: [ app_init ] --END-- [ RunTime:0.000247s ]
INFO: [ app_begin ] --START--
INFO: Run Behavior\ReadHtmlCacheBehavior [ RunTime:0.000323s ]
INFO: [ app_begin ] --END-- [ RunTime:0.000343s ]
ERR: 非法操作:register2

[ 2018-07-22T20:50:59+08:00 ] ::1 /ThinkPHP/lab_dyl/index.php/Admin/User/register2
INFO: [ app_init ] --START--
INFO: Run Behavior\BuildLiteBehavior [ RunTime:0.000007s ]
INFO: [ app_init ] --END-- [ RunTime:0.000314s ]
INFO: [ app_begin ] --START--
INFO: Run Behavior\ReadHtmlCacheBehavior [ RunTime:0.000480s ]
INFO: [ app_begin ] --END-- [ RunTime:0.000525s ]
ERR: 非法操作:register2

[ 2018-07-22T20:51:02+08:00 ] ::1 /ThinkPHP/lab_dyl/index.php/Admin/User/registe
INFO: [ app_init ] --START--
INFO: Run Behavior\BuildLiteBehavior [ RunTime:0.000009s ]
INFO: [ app_init ] --END-- [ RunTime:0.000354s ]
INFO: [ app_begin ] --START--
INFO: Run Behavior\ReadHtmlCacheBehavior [ RunTime:0.000390s ]
INFO: [ app_begin ] --END-- [ RunTime:0.000417s ]
ERR: syntax error, unexpected '','' (T_CONSTANT_ENCAPSED_STRING)

[ 2018-07-22T20:56:34+08:00 ] ::1 /ThinkPHP/lab_dyl/index.php/Admin/User/registe
INFO: [ app_init ] --START--
INFO: Run Behavior\BuildLiteBehavior [ RunTime:0.000008s ]
INFO: [ app_init ] --END-- [ RunTime:0.000472s ]
INFO: [ app_begin ] --START--
INFO: Run Behavior\ReadHtmlCacheBehavior [ RunTime:0.001973s ]
INFO: [ app_begin ] --END-- [ RunTime:0.002299s ]
NOTIC: [2] Declaration of Admin\Model\UserModel::check($account) should be compatible with Think\Model::check($value, $rule, $type = 'regex') F:\XAMPP\htdocs\dyl\ThinkPHP\Lab_dyl\Application\Admin\Model\UserModel.class.php 第 4 行.
SQL: SHOW COLUMNS FROM `user` [ RunTime:0.0136s ]
ERR: 1264:Out of range value adjusted for column 'job_id' at row 1
 [ SQL语句 ] : insert into user values(null,0,
	     	201345,' ',' ',' ',' ','1234567')
ERR: 1264:Out of range value adjusted for column 'job_id' at row 1
 [ SQL语句 ] : insert into user values(null,0,
	     	201345,' ',' ',' ',' ','1234567')

[ 2018-07-22T20:58:07+08:00 ] ::1 /ThinkPHP/lab_dyl/index.php/Admin/User/registe
INFO: [ app_init ] --START--
INFO: Run Behavior\BuildLiteBehavior [ RunTime:0.000032s ]
INFO: [ app_init ] --END-- [ RunTime:0.000404s ]
INFO: [ app_begin ] --START--
INFO: Run Behavior\ReadHtmlCacheBehavior [ RunTime:0.001638s ]
INFO: [ app_begin ] --END-- [ RunTime:0.001785s ]
NOTIC: [2] Declaration of Admin\Model\UserModel::check($account) should be compatible with Think\Model::check($value, $rule, $type = 'regex') F:\XAMPP\htdocs\dyl\ThinkPHP\Lab_dyl\Application\Admin\Model\UserModel.class.php 第 4 行.
SQL: SHOW COLUMNS FROM `user` [ RunTime:0.0126s ]
SQL: insert into user values(null,0,
	     	201345,0,' ',' ',' ','1234567') [ RunTime:0.0104s ]
ERR: :
 [ SQL语句 ] : insert into user values(null,0,
	     	201345,0,' ',' ',' ','1234567')
ERR: :
 [ SQL语句 ] : insert into user values(null,0,
	     	201345,0,' ',' ',' ','1234567')

[ 2018-07-22T20:58:53+08:00 ] ::1 /ThinkPHP/lab_dyl/index.php/Admin/User/registe
INFO: [ app_init ] --START--
INFO: Run Behavior\BuildLiteBehavior [ RunTime:0.000007s ]
INFO: [ app_init ] --END-- [ RunTime:0.000316s ]
INFO: [ app_begin ] --START--
INFO: Run Behavior\ReadHtmlCacheBehavior [ RunTime:0.000551s ]
INFO: [ app_begin ] --END-- [ RunTime:0.000596s ]
NOTIC: [2] Declaration of Admin\Model\UserModel::check($account) should be compatible with Think\Model::check($value, $rule, $type = 'regex') F:\XAMPP\htdocs\dyl\ThinkPHP\Lab_dyl\Application\Admin\Model\UserModel.class.php 第 4 行.
SQL: SHOW COLUMNS FROM `user` [ RunTime:0.0133s ]
ERR: 1264:Out of range value adjusted for column 'job_id' at row 1
 [ SQL语句 ] : insert into user values(null,0,
	     	201345,' ',' ',' ',' ','1234567')
ERR: 1264:Out of range value adjusted for column 'job_id' at row 1
 [ SQL语句 ] : insert into user values(null,0,
	     	201345,' ',' ',' ',' ','1234567')

[ 2018-07-22T21:09:49+08:00 ] ::1 /ThinkPHP/lab_dyl/index.php/Admin/Index/hello
INFO: [ app_init ] --START--
INFO: Run Behavior\BuildLiteBehavior [ RunTime:0.000014s ]
INFO: [ app_init ] --END-- [ RunTime:0.000453s ]
INFO: [ app_begin ] --START--
INFO: Run Behavior\ReadHtmlCacheBehavior [ RunTime:0.000512s ]
INFO: [ app_begin ] --END-- [ RunTime:0.000540s ]
INFO: [ app_end ] --START--
INFO: Run Behavior\ShowPageTraceBehavior [ RunTime:0.000507s ]
INFO: [ app_end ] --END-- [ RunTime:0.000536s ]

[ 2018-07-22T21:09:52+08:00 ] ::1 /ThinkPHP/lab_dyl/index.php/Admin/Index/
INFO: [ app_init ] --START--
INFO: Run Behavior\BuildLiteBehavior [ RunTime:0.000012s ]
INFO: [ app_init ] --END-- [ RunTime:0.000840s ]
INFO: [ app_begin ] --START--
INFO: Run Behavior\ReadHtmlCacheBehavior [ RunTime:0.000600s ]
INFO: [ app_begin ] --END-- [ RunTime:0.000622s ]
INFO: [ view_parse ] --START--
INFO: Run Behavior\ParseTemplateBehavior [ RunTime:0.002603s ]
INFO: [ view_parse ] --END-- [ RunTime:0.002779s ]
INFO: [ view_filter ] --START--
INFO: Run Behavior\WriteHtmlCacheBehavior [ RunTime:0.001235s ]
INFO: [ view_filter ] --END-- [ RunTime:0.001298s ]
INFO: [ app_end ] --START--
INFO: Run Behavior\ShowPageTraceBehavior [ RunTime:0.000509s ]
INFO: [ app_end ] --END-- [ RunTime:0.000574s ]

[ 2018-07-22T21:21:09+08:00 ] ::1 /ThinkPHP/lab_dyl/index.php/Admin/Index/hello
INFO: [ app_init ] --START--
INFO: Run Behavior\BuildLiteBehavior [ RunTime:0.000032s ]
INFO: [ app_init ] --END-- [ RunTime:0.000606s ]
INFO: [ app_begin ] --START--
INFO: Run Behavior\ReadHtmlCacheBehavior [ RunTime:0.000482s ]
INFO: [ app_begin ] --END-- [ RunTime:0.000510s ]
INFO: [ app_end ] --START--
INFO: Run Behavior\ShowPageTraceBehavior [ RunTime:0.000981s ]
INFO: [ app_end ] --END-- [ RunTime:0.001032s ]

[ 2018-07-22T21:21:47+08:00 ] ::1 /ThinkPHP/lab_dyl/index.php/Admin/User/register
INFO: [ app_init ] --START--
INFO: Run Behavior\BuildLiteBehavior [ RunTime:0.000011s ]
INFO: [ app_init ] --END-- [ RunTime:0.000438s ]
INFO: [ app_begin ] --START--
INFO: Run Behavior\ReadHtmlCacheBehavior [ RunTime:0.001896s ]
INFO: [ app_begin ] --END-- [ RunTime:0.001996s ]
NOTIC: [8] Use of undefined constant password - assumed 'password' F:\XAMPP\htdocs\dyl\ThinkPHP\Lab_dyl\Application\Admin\Controller\UserController.class.php 第 61 行.
NOTIC: [2] Declaration of Admin\Model\UserModel::check($account) should be compatible with Think\Model::check($value, $rule, $type = 'regex') F:\XAMPP\htdocs\dyl\ThinkPHP\Lab_dyl\Application\Admin\Model\UserModel.class.php 第 4 行.
SQL: SHOW COLUMNS FROM `user` [ RunTime:0.0157s ]
SQL: select * from user where account=0 [ RunTime:0.0101s ]
ERR: 1264:Out of range value adjusted for column 'job_id' at row 1
 [ SQL语句 ] : insert into user values(null,0,
	     	0,' ',' ',' ',' ','5f4dcc3b5aa765d61d8327deb882cf99')
ERR: 1264:Out of range value adjusted for column 'job_id' at row 1
 [ SQL语句 ] : insert into user values(null,0,
	     	0,' ',' ',' ',' ','5f4dcc3b5aa765d61d8327deb882cf99')

[ 2018-07-22T21:22:17+08:00 ] ::1 /ThinkPHP/lab_dyl/index.php/Admin/User/register?account=2020123412&password=1234564
INFO: [ app_init ] --START--
INFO: Run Behavior\BuildLiteBehavior [ RunTime:0.000011s ]
INFO: [ app_init ] --END-- [ RunTime:0.000296s ]
INFO: [ app_begin ] --START--
INFO: Run Behavior\ReadHtmlCacheBehavior [ RunTime:0.000481s ]
INFO: [ app_begin ] --END-- [ RunTime:0.000502s ]
NOTIC: [8] Use of undefined constant password - assumed 'password' F:\XAMPP\htdocs\dyl\ThinkPHP\Lab_dyl\Application\Admin\Controller\UserController.class.php 第 61 行.
NOTIC: [2] Declaration of Admin\Model\UserModel::check($account) should be compatible with Think\Model::check($value, $rule, $type = 'regex') F:\XAMPP\htdocs\dyl\ThinkPHP\Lab_dyl\Application\Admin\Model\UserModel.class.php 第 4 行.
SQL: SHOW COLUMNS FROM `user` [ RunTime:0.0165s ]
SQL: select * from user where account=0 [ RunTime:0.0092s ]
ERR: 1264:Out of range value adjusted for column 'job_id' at row 1
 [ SQL语句 ] : insert into user values(null,0,
	     	0,' ',' ',' ',' ','5f4dcc3b5aa765d61d8327deb882cf99')
ERR: 1264:Out of range value adjusted for column 'job_id' at row 1
 [ SQL语句 ] : insert into user values(null,0,
	     	0,' ',' ',' ',' ','5f4dcc3b5aa765d61d8327deb882cf99')

