[ 2018-07-26T09:28:57+08:00 ] ::1 /lab/index.php/Admin/User/login
INFO: [ app_init ] --START--
INFO: Run Behavior\BuildLiteBehavior [ RunTime:0.000046s ]
INFO: [ app_init ] --END-- [ RunTime:0.016705s ]
INFO: [ app_begin ] --START--
INFO: Run Behavior\ReadHtmlCacheBehavior [ RunTime:0.002514s ]
INFO: [ app_begin ] --END-- [ RunTime:0.002580s ]
NOTIC: [2] Declaration of Admin\Model\UserModel::check($account) should be compatible with Think\Model::check($value, $rule, $type = 'regex') F:\XAMPP\htdocs\dyl\lab\Application\Admin\Model\UserModel.class.php 第 4 行.
SQL: SHOW COLUMNS FROM `user` [ RunTime:0.0177s ]
SQL: select id,password from user where account=2015 [ RunTime:0.0094s ]
NOTIC: [8] Use of undefined constant id - assumed 'id' F:\XAMPP\htdocs\dyl\lab\Application\Admin\Model\UserModel.class.php 第 13 行.
NOTIC: [8] Use of undefined constant ture - assumed 'ture' F:\XAMPP\htdocs\dyl\lab\Application\Admin\Model\UserModel.class.php 第 14 行.

[ 2018-07-26T09:29:10+08:00 ] ::1 /lab/index.php/Admin/User/login
INFO: [ app_init ] --START--
INFO: Run Behavior\BuildLiteBehavior [ RunTime:0.000017s ]
INFO: [ app_init ] --END-- [ RunTime:0.000440s ]
INFO: [ app_begin ] --START--
INFO: Run Behavior\ReadHtmlCacheBehavior [ RunTime:0.000551s ]
INFO: [ app_begin ] --END-- [ RunTime:0.000595s ]
NOTIC: [2] Declaration of Admin\Model\UserModel::check($account) should be compatible with Think\Model::check($value, $rule, $type = 'regex') F:\XAMPP\htdocs\dyl\lab\Application\Admin\Model\UserModel.class.php 第 4 行.
SQL: SHOW COLUMNS FROM `user` [ RunTime:0.0135s ]
SQL: select id,password from user where account=2015 [ RunTime:0.0076s ]
NOTIC: [8] Use of undefined constant id - assumed 'id' F:\XAMPP\htdocs\dyl\lab\Application\Admin\Model\UserModel.class.php 第 13 行.
NOTIC: [8] Use of undefined constant ture - assumed 'ture' F:\XAMPP\htdocs\dyl\lab\Application\Admin\Model\UserModel.class.php 第 14 行.
INFO: [ app_end ] --START--
INFO: Run Behavior\ShowPageTraceBehavior [ RunTime:0.012821s ]
INFO: [ app_end ] --END-- [ RunTime:0.012850s ]

[ 2018-07-26T09:29:23+08:00 ] ::1 /lab/index.php/Admin/User/login
INFO: [ app_init ] --START--
INFO: Run Behavior\BuildLiteBehavior [ RunTime:0.000013s ]
INFO: [ app_init ] --END-- [ RunTime:0.000480s ]
INFO: [ app_begin ] --START--
INFO: Run Behavior\ReadHtmlCacheBehavior [ RunTime:0.001384s ]
INFO: [ app_begin ] --END-- [ RunTime:0.001498s ]
NOTIC: [2] Declaration of Admin\Model\UserModel::check($account) should be compatible with Think\Model::check($value, $rule, $type = 'regex') F:\XAMPP\htdocs\dyl\lab\Application\Admin\Model\UserModel.class.php 第 4 行.
SQL: SHOW COLUMNS FROM `user` [ RunTime:0.0129s ]
SQL: select id,password from user where account=2015 [ RunTime:0.0082s ]
NOTIC: [8] Use of undefined constant id - assumed 'id' F:\XAMPP\htdocs\dyl\lab\Application\Admin\Model\UserModel.class.php 第 13 行.
NOTIC: [8] Use of undefined constant ture - assumed 'ture' F:\XAMPP\htdocs\dyl\lab\Application\Admin\Model\UserModel.class.php 第 14 行.

[ 2018-07-26T10:29:22+08:00 ] ::1 /lab/index.php/Admin/User/login
INFO: [ app_init ] --START--
INFO: Run Behavior\BuildLiteBehavior [ RunTime:0.000020s ]
INFO: [ app_init ] --END-- [ RunTime:0.000520s ]
INFO: [ app_begin ] --START--
INFO: Run Behavior\ReadHtmlCacheBehavior [ RunTime:0.000608s ]
INFO: [ app_begin ] --END-- [ RunTime:0.000668s ]
ERR: syntax error, unexpected '->' (T_OBJECT_OPERATOR)

[ 2018-07-26T10:29:54+08:00 ] ::1 /lab/index.php/Admin/User/login
INFO: [ app_init ] --START--
INFO: Run Behavior\BuildLiteBehavior [ RunTime:0.000011s ]
INFO: [ app_init ] --END-- [ RunTime:0.000382s ]
INFO: [ app_begin ] --START--
INFO: Run Behavior\ReadHtmlCacheBehavior [ RunTime:0.000520s ]
INFO: [ app_begin ] --END-- [ RunTime:0.000620s ]
ERR: syntax error, unexpected '->' (T_OBJECT_OPERATOR)

[ 2018-07-26T10:30:50+08:00 ] ::1 /lab/index.php/Admin/User/login
INFO: [ app_init ] --START--
INFO: Run Behavior\BuildLiteBehavior [ RunTime:0.000013s ]
INFO: [ app_init ] --END-- [ RunTime:0.000417s ]
INFO: [ app_begin ] --START--
INFO: Run Behavior\ReadHtmlCacheBehavior [ RunTime:0.000926s ]
INFO: [ app_begin ] --END-- [ RunTime:0.000974s ]
NOTIC: [2] Declaration of Admin\Model\UserModel::check($account) should be compatible with Think\Model::check($value, $rule, $type = 'regex') F:\XAMPP\htdocs\dyl\lab\Application\Admin\Model\UserModel.class.php 第 4 行.
SQL: SHOW COLUMNS FROM `user` [ RunTime:0.0286s ]
SQL: select id,password from user where account=2015 [ RunTime:0.0108s ]
NOTIC: [8] Use of undefined constant id - assumed 'id' F:\XAMPP\htdocs\dyl\lab\Application\Admin\Model\UserModel.class.php 第 14 行.
NOTIC: [8] Use of undefined constant ture - assumed 'ture' F:\XAMPP\htdocs\dyl\lab\Application\Admin\Model\UserModel.class.php 第 15 行.
ERR: Think\Controller:apiReturn方法不存在！

[ 2018-07-26T10:36:06+08:00 ] ::1 /lab/index.php/Admin/User/login
INFO: [ app_init ] --START--
INFO: Run Behavior\BuildLiteBehavior [ RunTime:0.000013s ]
INFO: [ app_init ] --END-- [ RunTime:0.000501s ]
INFO: [ app_begin ] --START--
INFO: Run Behavior\ReadHtmlCacheBehavior [ RunTime:0.000506s ]
INFO: [ app_begin ] --END-- [ RunTime:0.000569s ]

[ 2018-07-26T10:41:39+08:00 ] ::1 /lab/index.php/Admin/User/login
INFO: [ app_init ] --START--
INFO: Run Behavior\BuildLiteBehavior [ RunTime:0.000022s ]
INFO: [ app_init ] --END-- [ RunTime:0.000377s ]
INFO: [ app_begin ] --START--
INFO: Run Behavior\ReadHtmlCacheBehavior [ RunTime:0.000557s ]
INFO: [ app_begin ] --END-- [ RunTime:0.000599s ]

[ 2018-07-26T10:42:54+08:00 ] ::1 /lab/index.php/Admin/User/login
INFO: [ app_init ] --START--
INFO: Run Behavior\BuildLiteBehavior [ RunTime:0.000008s ]
INFO: [ app_init ] --END-- [ RunTime:0.000306s ]
INFO: [ app_begin ] --START--
INFO: Run Behavior\ReadHtmlCacheBehavior [ RunTime:0.000442s ]
INFO: [ app_begin ] --END-- [ RunTime:0.000465s ]
NOTIC: [2] Declaration of Admin\Model\UserModel::check($account) should be compatible with Think\Model::check($value, $rule, $type = 'regex') F:\XAMPP\htdocs\dyl\lab\Application\Admin\Model\UserModel.class.php 第 4 行.
SQL: SHOW COLUMNS FROM `user` [ RunTime:0.0144s ]
SQL: select id,password from user where account=2015 [ RunTime:0.0072s ]
NOTIC: [8] Use of undefined constant id - assumed 'id' F:\XAMPP\htdocs\dyl\lab\Application\Admin\Model\UserModel.class.php 第 14 行.
NOTIC: [8] Use of undefined constant ture - assumed 'ture' F:\XAMPP\htdocs\dyl\lab\Application\Admin\Model\UserModel.class.php 第 15 行.

[ 2018-07-26T10:43:26+08:00 ] ::1 /lab/index.php/Admin/User/lregister
INFO: [ app_init ] --START--
INFO: Run Behavior\BuildLiteBehavior [ RunTime:0.000013s ]
INFO: [ app_init ] --END-- [ RunTime:0.000291s ]
INFO: [ app_begin ] --START--
INFO: Run Behavior\ReadHtmlCacheBehavior [ RunTime:0.000398s ]
INFO: [ app_begin ] --END-- [ RunTime:0.000438s ]
ERR: 非法操作:lregister

[ 2018-07-26T10:43:36+08:00 ] ::1 /lab/index.php/Admin/User/register
INFO: [ app_init ] --START--
INFO: Run Behavior\BuildLiteBehavior [ RunTime:0.000008s ]
INFO: [ app_init ] --END-- [ RunTime:0.000268s ]
INFO: [ app_begin ] --START--
INFO: Run Behavior\ReadHtmlCacheBehavior [ RunTime:0.000431s ]
INFO: [ app_begin ] --END-- [ RunTime:0.000457s ]
NOTIC: [2] Declaration of Admin\Model\UserModel::check($account) should be compatible with Think\Model::check($value, $rule, $type = 'regex') F:\XAMPP\htdocs\dyl\lab\Application\Admin\Model\UserModel.class.php 第 4 行.
SQL: SHOW COLUMNS FROM `user` [ RunTime:0.0128s ]
SQL: select * from user where account=2015 [ RunTime:0.0100s ]
ERR: Call to a member function getError() on boolean

[ 2018-07-26T10:49:36+08:00 ] ::1 /lab/index.php/Admin/User/register
INFO: [ app_init ] --START--
INFO: Run Behavior\BuildLiteBehavior [ RunTime:0.000014s ]
INFO: [ app_init ] --END-- [ RunTime:0.000500s ]
INFO: [ app_begin ] --START--
INFO: Run Behavior\ReadHtmlCacheBehavior [ RunTime:0.000590s ]
INFO: [ app_begin ] --END-- [ RunTime:0.000622s ]
NOTIC: [2] Declaration of Admin\Model\UserModel::check($account) should be compatible with Think\Model::check($value, $rule, $type = 'regex') F:\XAMPP\htdocs\dyl\lab\Application\Admin\Model\UserModel.class.php 第 4 行.
SQL: SHOW COLUMNS FROM `user` [ RunTime:0.0076s ]
SQL: select * from user where account=2015 [ RunTime:0.0092s ]

[ 2018-07-26T10:50:02+08:00 ] ::1 /lab/index.php/Admin/User/login
INFO: [ app_init ] --START--
INFO: Run Behavior\BuildLiteBehavior [ RunTime:0.000006s ]
INFO: [ app_init ] --END-- [ RunTime:0.000278s ]
INFO: [ app_begin ] --START--
INFO: Run Behavior\ReadHtmlCacheBehavior [ RunTime:0.000530s ]
INFO: [ app_begin ] --END-- [ RunTime:0.000571s ]
NOTIC: [2] Declaration of Admin\Model\UserModel::check($account) should be compatible with Think\Model::check($value, $rule, $type = 'regex') F:\XAMPP\htdocs\dyl\lab\Application\Admin\Model\UserModel.class.php 第 4 行.
SQL: SHOW COLUMNS FROM `user` [ RunTime:0.0154s ]
SQL: select id,password from user where account=2015 [ RunTime:0.0105s ]
NOTIC: [8] Use of undefined constant id - assumed 'id' F:\XAMPP\htdocs\dyl\lab\Application\Admin\Model\UserModel.class.php 第 14 行.
NOTIC: [8] Use of undefined constant ture - assumed 'ture' F:\XAMPP\htdocs\dyl\lab\Application\Admin\Model\UserModel.class.php 第 15 行.

[ 2018-07-26T10:50:53+08:00 ] ::1 /lab/index.php/Admin/User/login
INFO: [ app_init ] --START--
INFO: Run Behavior\BuildLiteBehavior [ RunTime:0.000009s ]
INFO: [ app_init ] --END-- [ RunTime:0.000311s ]
INFO: [ app_begin ] --START--
INFO: Run Behavior\ReadHtmlCacheBehavior [ RunTime:0.000523s ]
INFO: [ app_begin ] --END-- [ RunTime:0.000566s ]
NOTIC: [2] Declaration of Admin\Model\UserModel::check($account) should be compatible with Think\Model::check($value, $rule, $type = 'regex') F:\XAMPP\htdocs\dyl\lab\Application\Admin\Model\UserModel.class.php 第 4 行.
SQL: SHOW COLUMNS FROM `user` [ RunTime:0.0134s ]
SQL: select id,password from user where account=2015 [ RunTime:0.0099s ]
ERR: Call to a member function getError() on boolean

[ 2018-07-26T10:51:18+08:00 ] ::1 /lab/index.php/Admin/User/login
INFO: [ app_init ] --START--
INFO: Run Behavior\BuildLiteBehavior [ RunTime:0.000008s ]
INFO: [ app_init ] --END-- [ RunTime:0.000289s ]
INFO: [ app_begin ] --START--
INFO: Run Behavior\ReadHtmlCacheBehavior [ RunTime:0.000398s ]
INFO: [ app_begin ] --END-- [ RunTime:0.000423s ]
NOTIC: [2] Declaration of Admin\Model\UserModel::check($account) should be compatible with Think\Model::check($value, $rule, $type = 'regex') F:\XAMPP\htdocs\dyl\lab\Application\Admin\Model\UserModel.class.php 第 4 行.
SQL: SHOW COLUMNS FROM `user` [ RunTime:0.0168s ]
SQL: select id,password from user where account=2015 [ RunTime:0.0091s ]

[ 2018-07-26T10:51:44+08:00 ] ::1 /lab/index.php/Admin/User/login
INFO: [ app_init ] --START--
INFO: Run Behavior\BuildLiteBehavior [ RunTime:0.000007s ]
INFO: [ app_init ] --END-- [ RunTime:0.000283s ]
INFO: [ app_begin ] --START--
INFO: Run Behavior\ReadHtmlCacheBehavior [ RunTime:0.000626s ]
INFO: [ app_begin ] --END-- [ RunTime:0.000650s ]
NOTIC: [2] Declaration of Admin\Model\UserModel::check($account) should be compatible with Think\Model::check($value, $rule, $type = 'regex') F:\XAMPP\htdocs\dyl\lab\Application\Admin\Model\UserModel.class.php 第 4 行.
SQL: SHOW COLUMNS FROM `user` [ RunTime:0.0141s ]
SQL: select id,password from user where account=2015 [ RunTime:0.0091s ]

[ 2018-07-26T10:52:24+08:00 ] ::1 /lab/index.php/Admin/User/login
INFO: [ app_init ] --START--
INFO: Run Behavior\BuildLiteBehavior [ RunTime:0.000007s ]
INFO: [ app_init ] --END-- [ RunTime:0.000363s ]
INFO: [ app_begin ] --START--
INFO: Run Behavior\ReadHtmlCacheBehavior [ RunTime:0.002270s ]
INFO: [ app_begin ] --END-- [ RunTime:0.002577s ]
NOTIC: [2] Declaration of Admin\Model\UserModel::check($account) should be compatible with Think\Model::check($value, $rule, $type = 'regex') F:\XAMPP\htdocs\dyl\lab\Application\Admin\Model\UserModel.class.php 第 4 行.
SQL: SHOW COLUMNS FROM `user` [ RunTime:0.0136s ]
SQL: select id,password from user where account=2015 [ RunTime:0.0103s ]
NOTIC: [8] Use of undefined constant id - assumed 'id' F:\XAMPP\htdocs\dyl\lab\Application\Admin\Model\UserModel.class.php 第 14 行.
NOTIC: [8] Use of undefined constant ture - assumed 'ture' F:\XAMPP\htdocs\dyl\lab\Application\Admin\Model\UserModel.class.php 第 15 行.

[ 2018-07-26T10:52:49+08:00 ] ::1 /lab/index.php/Admin/User/register
INFO: [ app_init ] --START--
INFO: Run Behavior\BuildLiteBehavior [ RunTime:0.000007s ]
INFO: [ app_init ] --END-- [ RunTime:0.000278s ]
INFO: [ app_begin ] --START--
INFO: Run Behavior\ReadHtmlCacheBehavior [ RunTime:0.000370s ]
INFO: [ app_begin ] --END-- [ RunTime:0.000393s ]
NOTIC: [2] Declaration of Admin\Model\UserModel::check($account) should be compatible with Think\Model::check($value, $rule, $type = 'regex') F:\XAMPP\htdocs\dyl\lab\Application\Admin\Model\UserModel.class.php 第 4 行.
SQL: SHOW COLUMNS FROM `user` [ RunTime:0.0147s ]
SQL: select * from user where account=2015 [ RunTime:0.0092s ]

[ 2018-07-26T10:53:41+08:00 ] ::1 /lab/index.php/Admin/User/register
INFO: [ app_init ] --START--
INFO: Run Behavior\BuildLiteBehavior [ RunTime:0.000007s ]
INFO: [ app_init ] --END-- [ RunTime:0.000239s ]
INFO: [ app_begin ] --START--
INFO: Run Behavior\ReadHtmlCacheBehavior [ RunTime:0.000313s ]
INFO: [ app_begin ] --END-- [ RunTime:0.000334s ]
NOTIC: [2] Declaration of Admin\Model\UserModel::check($account) should be compatible with Think\Model::check($value, $rule, $type = 'regex') F:\XAMPP\htdocs\dyl\lab\Application\Admin\Model\UserModel.class.php 第 4 行.
SQL: SHOW COLUMNS FROM `user` [ RunTime:0.0129s ]
SQL: select * from user where account=2015 [ RunTime:0.0085s ]

[ 2018-07-26T10:56:19+08:00 ] ::1 /lab/index.php/Admin/User/changeinfo
INFO: [ app_init ] --START--
INFO: Run Behavior\BuildLiteBehavior [ RunTime:0.000027s ]
INFO: [ app_init ] --END-- [ RunTime:0.000518s ]
INFO: [ app_begin ] --START--
INFO: Run Behavior\ReadHtmlCacheBehavior [ RunTime:0.000513s ]
INFO: [ app_begin ] --END-- [ RunTime:0.000538s ]
NOTIC: [2] Declaration of Admin\Model\UserModel::check($account) should be compatible with Think\Model::check($value, $rule, $type = 'regex') F:\XAMPP\htdocs\dyl\lab\Application\Admin\Model\UserModel.class.php 第 4 行.
SQL: SHOW COLUMNS FROM `user` [ RunTime:0.0137s ]
SQL: UPDATE `user` SET `job_id`='0',`name`='',`telphone`='',`email`='' WHERE `id` = 9 [ RunTime:0.0126s ]

[ 2018-07-26T10:56:53+08:00 ] ::1 /lab/index.php/Admin/User/changeinfo
INFO: [ app_init ] --START--
INFO: Run Behavior\BuildLiteBehavior [ RunTime:0.000008s ]
INFO: [ app_init ] --END-- [ RunTime:0.000309s ]
INFO: [ app_begin ] --START--
INFO: Run Behavior\ReadHtmlCacheBehavior [ RunTime:0.000530s ]
INFO: [ app_begin ] --END-- [ RunTime:0.000554s ]
NOTIC: [2] Declaration of Admin\Model\UserModel::check($account) should be compatible with Think\Model::check($value, $rule, $type = 'regex') F:\XAMPP\htdocs\dyl\lab\Application\Admin\Model\UserModel.class.php 第 4 行.
SQL: SHOW COLUMNS FROM `user` [ RunTime:0.0149s ]
SQL: UPDATE `user` SET `job_id`='2',`name`='测试人员',`telphone`='',`email`='' WHERE `id` = 9 [ RunTime:0.0100s ]

[ 2018-07-26T10:58:32+08:00 ] ::1 /lab/index.php/Admin/User/changeipass
INFO: [ app_init ] --START--
INFO: Run Behavior\BuildLiteBehavior [ RunTime:0.000007s ]
INFO: [ app_init ] --END-- [ RunTime:0.000386s ]
INFO: [ app_begin ] --START--
INFO: Run Behavior\ReadHtmlCacheBehavior [ RunTime:0.000632s ]
INFO: [ app_begin ] --END-- [ RunTime:0.000663s ]
ERR: 非法操作:changeipass

[ 2018-07-26T10:58:46+08:00 ] ::1 /lab/index.php/Admin/User/changepass
INFO: [ app_init ] --START--
INFO: Run Behavior\BuildLiteBehavior [ RunTime:0.000008s ]
INFO: [ app_init ] --END-- [ RunTime:0.000294s ]
INFO: [ app_begin ] --START--
INFO: Run Behavior\ReadHtmlCacheBehavior [ RunTime:0.000395s ]
INFO: [ app_begin ] --END-- [ RunTime:0.000418s ]
NOTIC: [2] Declaration of Admin\Model\UserModel::check($account) should be compatible with Think\Model::check($value, $rule, $type = 'regex') F:\XAMPP\htdocs\dyl\lab\Application\Admin\Model\UserModel.class.php 第 4 行.
SQL: SHOW COLUMNS FROM `user` [ RunTime:0.0135s ]
SQL: select password from user where id=9 [ RunTime:0.0180s ]

[ 2018-07-26T10:58:58+08:00 ] ::1 /lab/index.php/Admin/User/changepass
INFO: [ app_init ] --START--
INFO: Run Behavior\BuildLiteBehavior [ RunTime:0.000010s ]
INFO: [ app_init ] --END-- [ RunTime:0.000464s ]
INFO: [ app_begin ] --START--
INFO: Run Behavior\ReadHtmlCacheBehavior [ RunTime:0.000810s ]
INFO: [ app_begin ] --END-- [ RunTime:0.000878s ]
NOTIC: [2] Declaration of Admin\Model\UserModel::check($account) should be compatible with Think\Model::check($value, $rule, $type = 'regex') F:\XAMPP\htdocs\dyl\lab\Application\Admin\Model\UserModel.class.php 第 4 行.
SQL: SHOW COLUMNS FROM `user` [ RunTime:0.0152s ]
SQL: select password from user where id=9 [ RunTime:0.0109s ]
SQL: UPDATE `user` SET `password`='827ccb0eea8a706c4c34a16891f84e7b' WHERE `id` = 9 [ RunTime:0.0028s ]

[ 2018-07-26T10:59:22+08:00 ] ::1 /lab/index.php/Admin/User/showperson
INFO: [ app_init ] --START--
INFO: Run Behavior\BuildLiteBehavior [ RunTime:0.000007s ]
INFO: [ app_init ] --END-- [ RunTime:0.000334s ]
INFO: [ app_begin ] --START--
INFO: Run Behavior\ReadHtmlCacheBehavior [ RunTime:0.000532s ]
INFO: [ app_begin ] --END-- [ RunTime:0.000573s ]
NOTIC: [2] Declaration of Admin\Model\UserModel::check($account) should be compatible with Think\Model::check($value, $rule, $type = 'regex') F:\XAMPP\htdocs\dyl\lab\Application\Admin\Model\UserModel.class.php 第 4 行.
SQL: SHOW COLUMNS FROM `user` [ RunTime:0.0103s ]
SQL: 
			SELECT `name`, `telphone`,`job_name`,`email`
			FROM `user`,`job`
			where job.`id` = user.`job_id` [ RunTime:0.0110s ]

[ 2018-07-26T11:02:54+08:00 ] ::1 /lab/index.php/Admin/User/showperson
INFO: [ app_init ] --START--
INFO: Run Behavior\BuildLiteBehavior [ RunTime:0.000008s ]
INFO: [ app_init ] --END-- [ RunTime:0.000314s ]
INFO: [ app_begin ] --START--
INFO: Run Behavior\ReadHtmlCacheBehavior [ RunTime:0.000587s ]
INFO: [ app_begin ] --END-- [ RunTime:0.000631s ]
NOTIC: [2] Declaration of Admin\Model\UserModel::check($account) should be compatible with Think\Model::check($value, $rule, $type = 'regex') F:\XAMPP\htdocs\dyl\lab\Application\Admin\Model\UserModel.class.php 第 4 行.
SQL: SHOW COLUMNS FROM `user` [ RunTime:0.0151s ]
SQL: 
			SELECT `name`, `telphone`,`job_name`,`email`
			FROM `user`,`job`
			where job.`id` = user.`job_id` [ RunTime:0.0070s ]

[ 2018-07-26T11:03:27+08:00 ] ::1 /lab/index.php/Admin/User/showperson
INFO: [ app_init ] --START--
INFO: Run Behavior\BuildLiteBehavior [ RunTime:0.000007s ]
INFO: [ app_init ] --END-- [ RunTime:0.000421s ]
INFO: [ app_begin ] --START--
INFO: Run Behavior\ReadHtmlCacheBehavior [ RunTime:0.000555s ]
INFO: [ app_begin ] --END-- [ RunTime:0.000588s ]
NOTIC: [2] Declaration of Admin\Model\UserModel::check($account) should be compatible with Think\Model::check($value, $rule, $type = 'regex') F:\XAMPP\htdocs\dyl\lab\Application\Admin\Model\UserModel.class.php 第 4 行.
SQL: SHOW COLUMNS FROM `user` [ RunTime:0.0235s ]
SQL: 
			SELECT `name`, `telphone`,`job_name`,`email`
			FROM `user`,`job`
			where job.`id` = user.`job_id` [ RunTime:0.0148s ]

[ 2018-07-26T11:04:06+08:00 ] ::1 /lab/index.php/Admin/User/showperson
INFO: [ app_init ] --START--
INFO: Run Behavior\BuildLiteBehavior [ RunTime:0.000035s ]
INFO: [ app_init ] --END-- [ RunTime:0.000295s ]
INFO: [ app_begin ] --START--
INFO: Run Behavior\ReadHtmlCacheBehavior [ RunTime:0.000398s ]
INFO: [ app_begin ] --END-- [ RunTime:0.000433s ]
NOTIC: [2] Declaration of Admin\Model\UserModel::check($account) should be compatible with Think\Model::check($value, $rule, $type = 'regex') F:\XAMPP\htdocs\dyl\lab\Application\Admin\Model\UserModel.class.php 第 4 行.
SQL: SHOW COLUMNS FROM `user` [ RunTime:0.0080s ]
SQL: 
			SELECT `name`, `telphone`,`job_name`,`email`
			FROM `user`,`job`
			where job.`id` = user.`job_id` [ RunTime:0.0206s ]

[ 2018-07-26T11:05:34+08:00 ] ::1 /lab/index.php/Admin/Project/list
INFO: [ app_init ] --START--
INFO: Run Behavior\BuildLiteBehavior [ RunTime:0.000008s ]
INFO: [ app_init ] --END-- [ RunTime:0.000301s ]
INFO: [ app_begin ] --START--
INFO: Run Behavior\ReadHtmlCacheBehavior [ RunTime:0.000491s ]
INFO: [ app_begin ] --END-- [ RunTime:0.000516s ]
ERR: 无法加载控制器:Project

[ 2018-07-26T11:06:05+08:00 ] ::1 /lab/index.php/Admin/Pro/list
INFO: [ app_init ] --START--
INFO: Run Behavior\BuildLiteBehavior [ RunTime:0.000010s ]
INFO: [ app_init ] --END-- [ RunTime:0.000333s ]
INFO: [ app_begin ] --START--
INFO: Run Behavior\ReadHtmlCacheBehavior [ RunTime:0.000386s ]
INFO: [ app_begin ] --END-- [ RunTime:0.000407s ]
ERR: syntax error, unexpected '->' (T_OBJECT_OPERATOR)

[ 2018-07-26T11:06:55+08:00 ] ::1 /lab/index.php/Admin/Pro/list
INFO: [ app_init ] --START--
INFO: Run Behavior\BuildLiteBehavior [ RunTime:0.000011s ]
INFO: [ app_init ] --END-- [ RunTime:0.000431s ]
INFO: [ app_begin ] --START--
INFO: Run Behavior\ReadHtmlCacheBehavior [ RunTime:0.001551s ]
INFO: [ app_begin ] --END-- [ RunTime:0.001644s ]
ERR: 非法操作:list

[ 2018-07-26T11:07:11+08:00 ] ::1 /lab/index.php/Admin/Pro/showlist
INFO: [ app_init ] --START--
INFO: Run Behavior\BuildLiteBehavior [ RunTime:0.000010s ]
INFO: [ app_init ] --END-- [ RunTime:0.000376s ]
INFO: [ app_begin ] --START--
INFO: Run Behavior\ReadHtmlCacheBehavior [ RunTime:0.000471s ]
INFO: [ app_begin ] --END-- [ RunTime:0.000501s ]
SQL: SHOW COLUMNS FROM `project` [ RunTime:0.0134s ]
SQL: 
		SELECT `pno`, `photo`
		FROM `project`
		ORDER BY `id` DESC [ RunTime:0.0123s ]
ERR: Think\Controller:apiReturn方法不存在！

[ 2018-07-26T11:07:59+08:00 ] ::1 /lab/index.php/Admin/Pro/showlist
INFO: [ app_init ] --START--
INFO: Run Behavior\BuildLiteBehavior [ RunTime:0.000009s ]
INFO: [ app_init ] --END-- [ RunTime:0.000581s ]
INFO: [ app_begin ] --START--
INFO: Run Behavior\ReadHtmlCacheBehavior [ RunTime:0.000620s ]
INFO: [ app_begin ] --END-- [ RunTime:0.000684s ]
SQL: SHOW COLUMNS FROM `project` [ RunTime:0.0153s ]
SQL: 
		SELECT `pno`, `photo`
		FROM `project`
		ORDER BY `id` DESC [ RunTime:0.0109s ]
ERR: Think\Controller:apiReturn方法不存在！

[ 2018-07-26T11:08:22+08:00 ] ::1 /lab/index.php/Admin/Pro/showlist
INFO: [ app_init ] --START--
INFO: Run Behavior\BuildLiteBehavior [ RunTime:0.000008s ]
INFO: [ app_init ] --END-- [ RunTime:0.000321s ]
INFO: [ app_begin ] --START--
INFO: Run Behavior\ReadHtmlCacheBehavior [ RunTime:0.000473s ]
INFO: [ app_begin ] --END-- [ RunTime:0.000524s ]

[ 2018-07-26T11:08:54+08:00 ] ::1 /lab/index.php/Admin/Pro/showlist
INFO: [ app_init ] --START--
INFO: Run Behavior\BuildLiteBehavior [ RunTime:0.000026s ]
INFO: [ app_init ] --END-- [ RunTime:0.000396s ]
INFO: [ app_begin ] --START--
INFO: Run Behavior\ReadHtmlCacheBehavior [ RunTime:0.000567s ]
INFO: [ app_begin ] --END-- [ RunTime:0.000589s ]
SQL: SHOW COLUMNS FROM `project` [ RunTime:0.0211s ]
SQL: 
		SELECT `pno`, `photo`
		FROM `project`
		ORDER BY `id` DESC [ RunTime:0.0168s ]

[ 2018-07-26T11:10:01+08:00 ] ::1 /lab/index.php/Admin/Pro/proshow
INFO: [ app_init ] --START--
INFO: Run Behavior\BuildLiteBehavior [ RunTime:0.000009s ]
INFO: [ app_init ] --END-- [ RunTime:0.000402s ]
INFO: [ app_begin ] --START--
INFO: Run Behavior\ReadHtmlCacheBehavior [ RunTime:0.000483s ]
INFO: [ app_begin ] --END-- [ RunTime:0.000510s ]
SQL: SHOW COLUMNS FROM `project` [ RunTime:0.0136s ]
SQL: 
		SELECT `name`, `photo`,`content`
		FROM `project`
		where `pno`=0 [ RunTime:0.0089s ]
NOTIC: [8] Undefined offset: 0 F:\XAMPP\htdocs\dyl\lab\Application\Admin\Model\ProjectModel.class.php 第 23 行.
NOTIC: [8] Undefined offset: 0 F:\XAMPP\htdocs\dyl\lab\Application\Admin\Model\ProjectModel.class.php 第 24 行.
NOTIC: [8] Undefined offset: 0 F:\XAMPP\htdocs\dyl\lab\Application\Admin\Model\ProjectModel.class.php 第 25 行.

[ 2018-07-26T11:11:37+08:00 ] ::1 /lab/index.php/Admin/Pro/proshow
INFO: [ app_init ] --START--
INFO: Run Behavior\BuildLiteBehavior [ RunTime:0.000007s ]
INFO: [ app_init ] --END-- [ RunTime:0.000292s ]
INFO: [ app_begin ] --START--
INFO: Run Behavior\ReadHtmlCacheBehavior [ RunTime:0.000419s ]
INFO: [ app_begin ] --END-- [ RunTime:0.000440s ]
SQL: SHOW COLUMNS FROM `project` [ RunTime:0.0144s ]
SQL: 
		SELECT `name`, `photo`,`content`
		FROM `project`
		where `pno`=1 [ RunTime:0.0091s ]

[ 2018-07-26T11:12:18+08:00 ] ::1 /lab/index.php/Admin/Pro/promember
INFO: [ app_init ] --START--
INFO: Run Behavior\BuildLiteBehavior [ RunTime:0.000008s ]
INFO: [ app_init ] --END-- [ RunTime:0.000362s ]
INFO: [ app_begin ] --START--
INFO: Run Behavior\ReadHtmlCacheBehavior [ RunTime:0.000700s ]
INFO: [ app_begin ] --END-- [ RunTime:0.000724s ]
SQL: SHOW COLUMNS FROM `project` [ RunTime:0.0163s ]
SQL: 
		SELECT `u_id`, `duty`
		FROM `member`
		where `pno`=1
		order by `u_id` DESC [ RunTime:0.0136s ]

[ 2018-07-26T11:14:17+08:00 ] ::1 /lab/index.php/Admin/Pro/proshow
INFO: [ app_init ] --START--
INFO: Run Behavior\BuildLiteBehavior [ RunTime:0.000011s ]
INFO: [ app_init ] --END-- [ RunTime:0.000482s ]
INFO: [ app_begin ] --START--
INFO: Run Behavior\ReadHtmlCacheBehavior [ RunTime:0.000845s ]
INFO: [ app_begin ] --END-- [ RunTime:0.000969s ]
SQL: SHOW COLUMNS FROM `project` [ RunTime:0.0071s ]
SQL: 
		SELECT `name`, `photo`,`content`
		FROM `project`
		where `pno`=1 [ RunTime:0.0076s ]
SQL: 
		SELECT `u_id`, `duty`
		FROM `member`
		where `pno`=1
		order by `u_id` DESC [ RunTime:0.0003s ]

[ 2018-07-26T11:15:18+08:00 ] ::1 /lab/index.php/Admin/Pro/proshow
INFO: [ app_init ] --START--
INFO: Run Behavior\BuildLiteBehavior [ RunTime:0.000009s ]
INFO: [ app_init ] --END-- [ RunTime:0.000393s ]
INFO: [ app_begin ] --START--
INFO: Run Behavior\ReadHtmlCacheBehavior [ RunTime:0.000667s ]
INFO: [ app_begin ] --END-- [ RunTime:0.000723s ]
SQL: SHOW COLUMNS FROM `project` [ RunTime:0.0126s ]
SQL: 
		SELECT `name`, `photo`,`content`
		FROM `project`
		where `pno`=1 [ RunTime:0.0090s ]
SQL: 
		SELECT `u_id`, `duty`
		FROM `member`
		where `pno`=1
		order by `u_id` DESC [ RunTime:0.0003s ]

[ 2018-07-26T11:15:22+08:00 ] ::1 /lab/index.php/Admin/Pro/proshow
INFO: [ app_init ] --START--
INFO: Run Behavior\BuildLiteBehavior [ RunTime:0.000006s ]
INFO: [ app_init ] --END-- [ RunTime:0.000231s ]
INFO: [ app_begin ] --START--
INFO: Run Behavior\ReadHtmlCacheBehavior [ RunTime:0.000313s ]
INFO: [ app_begin ] --END-- [ RunTime:0.000333s ]
SQL: SHOW COLUMNS FROM `project` [ RunTime:0.0157s ]
SQL: 
		SELECT `name`, `photo`,`content`
		FROM `project`
		where `pno`=2 [ RunTime:0.0079s ]
SQL: 
		SELECT `u_id`, `duty`
		FROM `member`
		where `pno`=2
		order by `u_id` DESC [ RunTime:0.0002s ]

[ 2018-07-26T11:15:27+08:00 ] ::1 /lab/index.php/Admin/Pro/proshow
INFO: [ app_init ] --START--
INFO: Run Behavior\BuildLiteBehavior [ RunTime:0.000028s ]
INFO: [ app_init ] --END-- [ RunTime:0.000514s ]
INFO: [ app_begin ] --START--
INFO: Run Behavior\ReadHtmlCacheBehavior [ RunTime:0.000497s ]
INFO: [ app_begin ] --END-- [ RunTime:0.000525s ]
SQL: SHOW COLUMNS FROM `project` [ RunTime:0.0080s ]
SQL: 
		SELECT `name`, `photo`,`content`
		FROM `project`
		where `pno`=1 [ RunTime:0.0093s ]
SQL: 
		SELECT `u_id`, `duty`
		FROM `member`
		where `pno`=1
		order by `u_id` DESC [ RunTime:0.0002s ]

[ 2018-07-26T11:15:56+08:00 ] ::1 /lab/index.php/Admin/File/
INFO: [ app_init ] --START--
INFO: Run Behavior\BuildLiteBehavior [ RunTime:0.000006s ]
INFO: [ app_init ] --END-- [ RunTime:0.000289s ]
INFO: [ app_begin ] --START--
INFO: Run Behavior\ReadHtmlCacheBehavior [ RunTime:0.000317s ]
INFO: [ app_begin ] --END-- [ RunTime:0.000337s ]
ERR: 非法操作:index

[ 2018-07-26T11:16:11+08:00 ] ::1 /lab/index.php/Admin/File/upload
INFO: [ app_init ] --START--
INFO: Run Behavior\BuildLiteBehavior [ RunTime:0.000007s ]
INFO: [ app_init ] --END-- [ RunTime:0.000477s ]
INFO: [ app_begin ] --START--
INFO: Run Behavior\ReadHtmlCacheBehavior [ RunTime:0.000431s ]
INFO: [ app_begin ] --END-- [ RunTime:0.000453s ]
INFO: [ view_parse ] --START--
INFO: [ template_filter ] --START--
INFO: Run Behavior\ContentReplaceBehavior [ RunTime:0.000059s ]
INFO: [ template_filter ] --END-- [ RunTime:0.000091s ]
INFO: Run Behavior\ParseTemplateBehavior [ RunTime:0.162315s ]
INFO: [ view_parse ] --END-- [ RunTime:0.162362s ]
INFO: [ view_filter ] --START--
INFO: Run Behavior\WriteHtmlCacheBehavior [ RunTime:0.009885s ]
INFO: [ view_filter ] --END-- [ RunTime:0.009910s ]

[ 2018-07-26T11:17:29+08:00 ] ::1 /lab/index.php/Admin/File/upload
INFO: [ app_init ] --START--
INFO: Run Behavior\BuildLiteBehavior [ RunTime:0.000008s ]
INFO: [ app_init ] --END-- [ RunTime:0.000398s ]
INFO: [ app_begin ] --START--
INFO: Run Behavior\ReadHtmlCacheBehavior [ RunTime:0.000423s ]
INFO: [ app_begin ] --END-- [ RunTime:0.000445s ]
INFO: [ view_parse ] --START--
INFO: [ template_filter ] --START--
INFO: Run Behavior\ContentReplaceBehavior [ RunTime:0.000020s ]
INFO: [ template_filter ] --END-- [ RunTime:0.000041s ]
INFO: Run Behavior\ParseTemplateBehavior [ RunTime:0.004279s ]
INFO: [ view_parse ] --END-- [ RunTime:0.004305s ]
INFO: [ view_filter ] --START--
INFO: Run Behavior\WriteHtmlCacheBehavior [ RunTime:0.000186s ]
INFO: [ view_filter ] --END-- [ RunTime:0.000202s ]

[ 2018-07-26T11:17:44+08:00 ] ::1 /lab/index.php/Admin/View/upload
INFO: [ app_init ] --START--
INFO: Run Behavior\BuildLiteBehavior [ RunTime:0.000031s ]
INFO: [ app_init ] --END-- [ RunTime:0.000515s ]
INFO: [ app_begin ] --START--
INFO: Run Behavior\ReadHtmlCacheBehavior [ RunTime:0.000713s ]
INFO: [ app_begin ] --END-- [ RunTime:0.000741s ]
ERR: 无法加载控制器:View

[ 2018-07-26T11:18:41+08:00 ] ::1 /lab/index.php/Admin/File/upload
INFO: [ app_init ] --START--
INFO: Run Behavior\BuildLiteBehavior [ RunTime:0.000009s ]
INFO: [ app_init ] --END-- [ RunTime:0.000636s ]
INFO: [ app_begin ] --START--
INFO: Run Behavior\ReadHtmlCacheBehavior [ RunTime:0.000915s ]
INFO: [ app_begin ] --END-- [ RunTime:0.000988s ]
NOTIC: [2] finfo_file(): Empty filename or path F:\XAMPP\htdocs\dyl\lab\ThinkPHP\Library\Think\Upload.class.php 第 152 行.
INFO: [ view_parse ] --START--
INFO: [ template_filter ] --START--
INFO: Run Behavior\ContentReplaceBehavior [ RunTime:0.000026s ]
INFO: [ template_filter ] --END-- [ RunTime:0.000059s ]
INFO: Run Behavior\ParseTemplateBehavior [ RunTime:0.012677s ]
INFO: [ view_parse ] --END-- [ RunTime:0.012708s ]
INFO: [ view_filter ] --START--
INFO: Run Behavior\WriteHtmlCacheBehavior [ RunTime:0.000399s ]
INFO: [ view_filter ] --END-- [ RunTime:0.000417s ]

[ 2018-07-26T11:18:48+08:00 ] ::1 /lab/index.php/Admin/File/upload
INFO: [ app_init ] --START--
INFO: Run Behavior\BuildLiteBehavior [ RunTime:0.000010s ]
INFO: [ app_init ] --END-- [ RunTime:0.000504s ]
INFO: [ app_begin ] --START--
INFO: Run Behavior\ReadHtmlCacheBehavior [ RunTime:0.000574s ]
INFO: [ app_begin ] --END-- [ RunTime:0.000602s ]
NOTIC: [2] call_user_func() expects parameter 1 to be a valid callback, no array or string given F:\XAMPP\htdocs\dyl\lab\ThinkPHP\Library\Think\Upload.class.php 第 170 行.
NOTIC: [8] Undefined index: HTTP_REFERER F:\XAMPP\htdocs\dyl\lab\ThinkPHP\Library\Think\Controller.class.php 第 283 行.
INFO: [ view_parse ] --START--
INFO: [ template_filter ] --START--
INFO: Run Behavior\ContentReplaceBehavior [ RunTime:0.000025s ]
INFO: [ template_filter ] --END-- [ RunTime:0.000058s ]
INFO: Run Behavior\ParseTemplateBehavior [ RunTime:0.008745s ]
INFO: [ view_parse ] --END-- [ RunTime:0.008800s ]
INFO: [ view_filter ] --START--
INFO: Run Behavior\WriteHtmlCacheBehavior [ RunTime:0.000412s ]
INFO: [ view_filter ] --END-- [ RunTime:0.000433s ]
INFO: [ app_end ] --START--
INFO: Run Behavior\ShowPageTraceBehavior [ RunTime:0.000731s ]
INFO: [ app_end ] --END-- [ RunTime:0.000762s ]

[ 2018-07-26T11:18:49+08:00 ] ::1 /lab/index.php/Admin/File/upload
INFO: [ app_init ] --START--
INFO: Run Behavior\BuildLiteBehavior [ RunTime:0.000007s ]
INFO: [ app_init ] --END-- [ RunTime:0.000297s ]
INFO: [ app_begin ] --START--
INFO: Run Behavior\ReadHtmlCacheBehavior [ RunTime:0.000539s ]
INFO: [ app_begin ] --END-- [ RunTime:0.000578s ]
INFO: [ view_parse ] --START--
INFO: [ template_filter ] --START--
INFO: Run Behavior\ContentReplaceBehavior [ RunTime:0.000019s ]
INFO: [ template_filter ] --END-- [ RunTime:0.000042s ]
INFO: Run Behavior\ParseTemplateBehavior [ RunTime:0.004905s ]
INFO: [ view_parse ] --END-- [ RunTime:0.004940s ]
INFO: [ view_filter ] --START--
INFO: Run Behavior\WriteHtmlCacheBehavior [ RunTime:0.000353s ]
INFO: [ view_filter ] --END-- [ RunTime:0.000390s ]

