[ 2018-07-24T11:49:33+08:00 ] ::1 /ThinkPHP/lab_dyl/index.php/Admin/Pro/showlist
INFO: [ app_init ] --START--
INFO: Run Behavior\BuildLiteBehavior [ RunTime:0.000014s ]
INFO: [ app_init ] --END-- [ RunTime:0.013718s ]
INFO: [ app_begin ] --START--
INFO: Run Behavior\ReadHtmlCacheBehavior [ RunTime:0.020537s ]
INFO: [ app_begin ] --END-- [ RunTime:0.020590s ]
ERR: syntax error, unexpected '$data' (T_VARIABLE)

[ 2018-07-24T11:51:03+08:00 ] ::1 /ThinkPHP/lab_dyl/index.php/Admin/Pro/showlist
INFO: [ app_init ] --START--
INFO: Run Behavior\BuildLiteBehavior [ RunTime:0.000029s ]
INFO: [ app_init ] --END-- [ RunTime:0.000436s ]
INFO: [ app_begin ] --START--
INFO: Run Behavior\ReadHtmlCacheBehavior [ RunTime:0.000664s ]
INFO: [ app_begin ] --END-- [ RunTime:0.000700s ]
ERR: syntax error, unexpected '$data' (T_VARIABLE)

[ 2018-07-24T11:51:05+08:00 ] ::1 /ThinkPHP/lab_dyl/index.php/Admin/Pro/showlist
INFO: [ app_init ] --START--
INFO: Run Behavior\BuildLiteBehavior [ RunTime:0.000007s ]
INFO: [ app_init ] --END-- [ RunTime:0.000277s ]
INFO: [ app_begin ] --START--
INFO: Run Behavior\ReadHtmlCacheBehavior [ RunTime:0.000368s ]
INFO: [ app_begin ] --END-- [ RunTime:0.000416s ]
ERR: syntax error, unexpected '$data' (T_VARIABLE)

[ 2018-07-24T11:51:05+08:00 ] ::1 /ThinkPHP/lab_dyl/index.php/Admin/Pro/showlist
INFO: [ app_init ] --START--
INFO: Run Behavior\BuildLiteBehavior [ RunTime:0.000005s ]
INFO: [ app_init ] --END-- [ RunTime:0.000229s ]
INFO: [ app_begin ] --START--
INFO: Run Behavior\ReadHtmlCacheBehavior [ RunTime:0.000302s ]
INFO: [ app_begin ] --END-- [ RunTime:0.000321s ]
ERR: syntax error, unexpected '$data' (T_VARIABLE)

[ 2018-07-24T11:51:06+08:00 ] ::1 /ThinkPHP/lab_dyl/index.php/Admin/Pro/showlist
INFO: [ app_init ] --START--
INFO: Run Behavior\BuildLiteBehavior [ RunTime:0.000027s ]
INFO: [ app_init ] --END-- [ RunTime:0.000597s ]
INFO: [ app_begin ] --START--
INFO: Run Behavior\ReadHtmlCacheBehavior [ RunTime:0.000963s ]
INFO: [ app_begin ] --END-- [ RunTime:0.001012s ]
ERR: syntax error, unexpected '$data' (T_VARIABLE)

[ 2018-07-24T11:51:06+08:00 ] ::1 /ThinkPHP/lab_dyl/index.php/Admin/Pro/showlist
INFO: [ app_init ] --START--
INFO: Run Behavior\BuildLiteBehavior [ RunTime:0.000009s ]
INFO: [ app_init ] --END-- [ RunTime:0.000429s ]
INFO: [ app_begin ] --START--
INFO: Run Behavior\ReadHtmlCacheBehavior [ RunTime:0.000607s ]
INFO: [ app_begin ] --END-- [ RunTime:0.000642s ]
ERR: syntax error, unexpected '$data' (T_VARIABLE)

[ 2018-07-24T11:51:06+08:00 ] ::1 /ThinkPHP/lab_dyl/index.php/Admin/Pro/showlist
INFO: [ app_init ] --START--
INFO: Run Behavior\BuildLiteBehavior [ RunTime:0.000008s ]
INFO: [ app_init ] --END-- [ RunTime:0.000256s ]
INFO: [ app_begin ] --START--
INFO: Run Behavior\ReadHtmlCacheBehavior [ RunTime:0.000355s ]
INFO: [ app_begin ] --END-- [ RunTime:0.000379s ]
ERR: syntax error, unexpected '$data' (T_VARIABLE)

[ 2018-07-24T11:51:06+08:00 ] ::1 /ThinkPHP/lab_dyl/index.php/Admin/Pro/showlist
INFO: [ app_init ] --START--
INFO: Run Behavior\BuildLiteBehavior [ RunTime:0.000008s ]
INFO: [ app_init ] --END-- [ RunTime:0.000277s ]
INFO: [ app_begin ] --START--
INFO: Run Behavior\ReadHtmlCacheBehavior [ RunTime:0.000344s ]
INFO: [ app_begin ] --END-- [ RunTime:0.000368s ]
ERR: syntax error, unexpected '$data' (T_VARIABLE)

[ 2018-07-24T11:51:06+08:00 ] ::1 /ThinkPHP/lab_dyl/index.php/Admin/Pro/showlist
INFO: [ app_init ] --START--
INFO: Run Behavior\BuildLiteBehavior [ RunTime:0.000007s ]
INFO: [ app_init ] --END-- [ RunTime:0.000412s ]
INFO: [ app_begin ] --START--
INFO: Run Behavior\ReadHtmlCacheBehavior [ RunTime:0.000674s ]
INFO: [ app_begin ] --END-- [ RunTime:0.000701s ]
ERR: syntax error, unexpected '$data' (T_VARIABLE)

[ 2018-07-24T11:51:07+08:00 ] ::1 /ThinkPHP/lab_dyl/index.php/Admin/Pro/showlist
INFO: [ app_init ] --START--
INFO: Run Behavior\BuildLiteBehavior [ RunTime:0.000005s ]
INFO: [ app_init ] --END-- [ RunTime:0.000230s ]
INFO: [ app_begin ] --START--
INFO: Run Behavior\ReadHtmlCacheBehavior [ RunTime:0.000583s ]
INFO: [ app_begin ] --END-- [ RunTime:0.000606s ]
ERR: syntax error, unexpected '$data' (T_VARIABLE)

[ 2018-07-24T11:51:07+08:00 ] ::1 /ThinkPHP/lab_dyl/index.php/Admin/Pro/showlist
INFO: [ app_init ] --START--
INFO: Run Behavior\BuildLiteBehavior [ RunTime:0.000008s ]
INFO: [ app_init ] --END-- [ RunTime:0.000245s ]
INFO: [ app_begin ] --START--
INFO: Run Behavior\ReadHtmlCacheBehavior [ RunTime:0.000315s ]
INFO: [ app_begin ] --END-- [ RunTime:0.000335s ]
ERR: syntax error, unexpected '$data' (T_VARIABLE)

[ 2018-07-24T11:51:07+08:00 ] ::1 /ThinkPHP/lab_dyl/index.php/Admin/Pro/showlist
INFO: [ app_init ] --START--
INFO: Run Behavior\BuildLiteBehavior [ RunTime:0.000006s ]
INFO: [ app_init ] --END-- [ RunTime:0.000239s ]
INFO: [ app_begin ] --START--
INFO: Run Behavior\ReadHtmlCacheBehavior [ RunTime:0.000314s ]
INFO: [ app_begin ] --END-- [ RunTime:0.000335s ]
ERR: syntax error, unexpected '$data' (T_VARIABLE)

[ 2018-07-24T11:51:07+08:00 ] ::1 /ThinkPHP/lab_dyl/index.php/Admin/Pro/showlist
INFO: [ app_init ] --START--
INFO: Run Behavior\BuildLiteBehavior [ RunTime:0.000009s ]
INFO: [ app_init ] --END-- [ RunTime:0.000328s ]
INFO: [ app_begin ] --START--
INFO: Run Behavior\ReadHtmlCacheBehavior [ RunTime:0.000745s ]
INFO: [ app_begin ] --END-- [ RunTime:0.000822s ]
ERR: syntax error, unexpected '$data' (T_VARIABLE)

[ 2018-07-24T11:51:08+08:00 ] ::1 /ThinkPHP/lab_dyl/index.php/Admin/Pro/showlist
INFO: [ app_init ] --START--
INFO: Run Behavior\BuildLiteBehavior [ RunTime:0.000036s ]
INFO: [ app_init ] --END-- [ RunTime:0.000782s ]
INFO: [ app_begin ] --START--
INFO: Run Behavior\ReadHtmlCacheBehavior [ RunTime:0.000848s ]
INFO: [ app_begin ] --END-- [ RunTime:0.000885s ]
ERR: syntax error, unexpected '$data' (T_VARIABLE)

[ 2018-07-24T11:51:09+08:00 ] ::1 /ThinkPHP/lab_dyl/index.php/Admin/Pro/showlist
INFO: [ app_init ] --START--
INFO: Run Behavior\BuildLiteBehavior [ RunTime:0.000022s ]
INFO: [ app_init ] --END-- [ RunTime:0.000278s ]
INFO: [ app_begin ] --START--
INFO: Run Behavior\ReadHtmlCacheBehavior [ RunTime:0.000321s ]
INFO: [ app_begin ] --END-- [ RunTime:0.000346s ]
ERR: syntax error, unexpected '$data' (T_VARIABLE)

[ 2018-07-24T11:51:09+08:00 ] ::1 /ThinkPHP/lab_dyl/index.php/Admin/Pro/showlist
INFO: [ app_init ] --START--
INFO: Run Behavior\BuildLiteBehavior [ RunTime:0.000006s ]
INFO: [ app_init ] --END-- [ RunTime:0.000252s ]
INFO: [ app_begin ] --START--
INFO: Run Behavior\ReadHtmlCacheBehavior [ RunTime:0.000355s ]
INFO: [ app_begin ] --END-- [ RunTime:0.000376s ]
ERR: syntax error, unexpected '$data' (T_VARIABLE)

[ 2018-07-24T11:51:09+08:00 ] ::1 /ThinkPHP/lab_dyl/index.php/Admin/Pro/showlist
INFO: [ app_init ] --START--
INFO: Run Behavior\BuildLiteBehavior [ RunTime:0.000006s ]
INFO: [ app_init ] --END-- [ RunTime:0.000237s ]
INFO: [ app_begin ] --START--
INFO: Run Behavior\ReadHtmlCacheBehavior [ RunTime:0.000493s ]
INFO: [ app_begin ] --END-- [ RunTime:0.000536s ]
ERR: syntax error, unexpected '$data' (T_VARIABLE)

[ 2018-07-24T11:51:10+08:00 ] ::1 /ThinkPHP/lab_dyl/index.php/Admin/Pro/showlist
INFO: [ app_init ] --START--
INFO: Run Behavior\BuildLiteBehavior [ RunTime:0.000006s ]
INFO: [ app_init ] --END-- [ RunTime:0.000388s ]
INFO: [ app_begin ] --START--
INFO: Run Behavior\ReadHtmlCacheBehavior [ RunTime:0.000354s ]
INFO: [ app_begin ] --END-- [ RunTime:0.000378s ]
ERR: syntax error, unexpected '$data' (T_VARIABLE)

[ 2018-07-24T11:51:11+08:00 ] ::1 /ThinkPHP/lab_dyl/index.php/Admin/Pro/showlist
INFO: [ app_init ] --START--
INFO: Run Behavior\BuildLiteBehavior [ RunTime:0.000006s ]
INFO: [ app_init ] --END-- [ RunTime:0.000252s ]
INFO: [ app_begin ] --START--
INFO: Run Behavior\ReadHtmlCacheBehavior [ RunTime:0.000408s ]
INFO: [ app_begin ] --END-- [ RunTime:0.000441s ]
ERR: syntax error, unexpected '$data' (T_VARIABLE)

[ 2018-07-24T11:51:11+08:00 ] ::1 /ThinkPHP/lab_dyl/index.php/Admin/Pro/showlist
INFO: [ app_init ] --START--
INFO: Run Behavior\BuildLiteBehavior [ RunTime:0.000007s ]
INFO: [ app_init ] --END-- [ RunTime:0.000278s ]
INFO: [ app_begin ] --START--
INFO: Run Behavior\ReadHtmlCacheBehavior [ RunTime:0.000529s ]
INFO: [ app_begin ] --END-- [ RunTime:0.000591s ]
ERR: syntax error, unexpected '$data' (T_VARIABLE)

[ 2018-07-24T11:51:12+08:00 ] ::1 /ThinkPHP/lab_dyl/index.php/Admin/Pro/showlist
INFO: [ app_init ] --START--
INFO: Run Behavior\BuildLiteBehavior [ RunTime:0.000027s ]
INFO: [ app_init ] --END-- [ RunTime:0.000458s ]
INFO: [ app_begin ] --START--
INFO: Run Behavior\ReadHtmlCacheBehavior [ RunTime:0.000369s ]
INFO: [ app_begin ] --END-- [ RunTime:0.000397s ]
ERR: syntax error, unexpected '$data' (T_VARIABLE)

[ 2018-07-24T11:51:12+08:00 ] ::1 /ThinkPHP/lab_dyl/index.php/Admin/Pro/showlist
INFO: [ app_init ] --START--
INFO: Run Behavior\BuildLiteBehavior [ RunTime:0.000005s ]
INFO: [ app_init ] --END-- [ RunTime:0.000226s ]
INFO: [ app_begin ] --START--
INFO: Run Behavior\ReadHtmlCacheBehavior [ RunTime:0.000304s ]
INFO: [ app_begin ] --END-- [ RunTime:0.000323s ]
ERR: syntax error, unexpected '$data' (T_VARIABLE)

[ 2018-07-24T11:51:12+08:00 ] ::1 /ThinkPHP/lab_dyl/index.php/Admin/Pro/showlist
INFO: [ app_init ] --START--
INFO: Run Behavior\BuildLiteBehavior [ RunTime:0.000005s ]
INFO: [ app_init ] --END-- [ RunTime:0.000249s ]
INFO: [ app_begin ] --START--
INFO: Run Behavior\ReadHtmlCacheBehavior [ RunTime:0.000333s ]
INFO: [ app_begin ] --END-- [ RunTime:0.000357s ]
ERR: syntax error, unexpected '$data' (T_VARIABLE)

[ 2018-07-24T11:51:12+08:00 ] ::1 /ThinkPHP/lab_dyl/index.php/Admin/Pro/showlist
INFO: [ app_init ] --START--
INFO: Run Behavior\BuildLiteBehavior [ RunTime:0.000006s ]
INFO: [ app_init ] --END-- [ RunTime:0.000261s ]
INFO: [ app_begin ] --START--
INFO: Run Behavior\ReadHtmlCacheBehavior [ RunTime:0.000309s ]
INFO: [ app_begin ] --END-- [ RunTime:0.000329s ]
ERR: syntax error, unexpected '$data' (T_VARIABLE)

[ 2018-07-24T11:51:13+08:00 ] ::1 /ThinkPHP/lab_dyl/index.php/Admin/Pro/showlist
INFO: [ app_init ] --START--
INFO: Run Behavior\BuildLiteBehavior [ RunTime:0.000005s ]
INFO: [ app_init ] --END-- [ RunTime:0.000239s ]
INFO: [ app_begin ] --START--
INFO: Run Behavior\ReadHtmlCacheBehavior [ RunTime:0.000326s ]
INFO: [ app_begin ] --END-- [ RunTime:0.000347s ]
ERR: syntax error, unexpected '$data' (T_VARIABLE)

[ 2018-07-24T11:51:13+08:00 ] ::1 /ThinkPHP/lab_dyl/index.php/Admin/Pro/showlist
INFO: [ app_init ] --START--
INFO: Run Behavior\BuildLiteBehavior [ RunTime:0.000009s ]
INFO: [ app_init ] --END-- [ RunTime:0.000254s ]
INFO: [ app_begin ] --START--
INFO: Run Behavior\ReadHtmlCacheBehavior [ RunTime:0.000397s ]
INFO: [ app_begin ] --END-- [ RunTime:0.000424s ]
ERR: syntax error, unexpected '$data' (T_VARIABLE)

[ 2018-07-24T11:51:13+08:00 ] ::1 /ThinkPHP/lab_dyl/index.php/Admin/Pro/showlist
INFO: [ app_init ] --START--
INFO: Run Behavior\BuildLiteBehavior [ RunTime:0.000007s ]
INFO: [ app_init ] --END-- [ RunTime:0.000445s ]
INFO: [ app_begin ] --START--
INFO: Run Behavior\ReadHtmlCacheBehavior [ RunTime:0.000551s ]
INFO: [ app_begin ] --END-- [ RunTime:0.000624s ]
ERR: syntax error, unexpected '$data' (T_VARIABLE)

[ 2018-07-24T11:51:13+08:00 ] ::1 /ThinkPHP/lab_dyl/index.php/Admin/Pro/showlist
INFO: [ app_init ] --START--
INFO: Run Behavior\BuildLiteBehavior [ RunTime:0.000007s ]
INFO: [ app_init ] --END-- [ RunTime:0.000331s ]
INFO: [ app_begin ] --START--
INFO: Run Behavior\ReadHtmlCacheBehavior [ RunTime:0.000803s ]
INFO: [ app_begin ] --END-- [ RunTime:0.000925s ]
ERR: syntax error, unexpected '$data' (T_VARIABLE)

[ 2018-07-24T11:51:14+08:00 ] ::1 /ThinkPHP/lab_dyl/index.php/Admin/Pro/showlist
INFO: [ app_init ] --START--
INFO: Run Behavior\BuildLiteBehavior [ RunTime:0.000022s ]
INFO: [ app_init ] --END-- [ RunTime:0.000431s ]
INFO: [ app_begin ] --START--
INFO: Run Behavior\ReadHtmlCacheBehavior [ RunTime:0.000419s ]
INFO: [ app_begin ] --END-- [ RunTime:0.000443s ]
ERR: syntax error, unexpected '$data' (T_VARIABLE)

[ 2018-07-24T11:51:14+08:00 ] ::1 /ThinkPHP/lab_dyl/index.php/Admin/Pro/showlist
INFO: [ app_init ] --START--
INFO: Run Behavior\BuildLiteBehavior [ RunTime:0.000009s ]
INFO: [ app_init ] --END-- [ RunTime:0.000466s ]
INFO: [ app_begin ] --START--
INFO: Run Behavior\ReadHtmlCacheBehavior [ RunTime:0.000628s ]
INFO: [ app_begin ] --END-- [ RunTime:0.000676s ]
ERR: syntax error, unexpected '$data' (T_VARIABLE)

[ 2018-07-24T11:51:14+08:00 ] ::1 /ThinkPHP/lab_dyl/index.php/Admin/Pro/showlist
INFO: [ app_init ] --START--
INFO: Run Behavior\BuildLiteBehavior [ RunTime:0.000022s ]
INFO: [ app_init ] --END-- [ RunTime:0.000476s ]
INFO: [ app_begin ] --START--
INFO: Run Behavior\ReadHtmlCacheBehavior [ RunTime:0.000387s ]
INFO: [ app_begin ] --END-- [ RunTime:0.000450s ]
ERR: syntax error, unexpected '$data' (T_VARIABLE)

[ 2018-07-24T11:51:14+08:00 ] ::1 /ThinkPHP/lab_dyl/index.php/Admin/Pro/showlist
INFO: [ app_init ] --START--
INFO: Run Behavior\BuildLiteBehavior [ RunTime:0.000009s ]
INFO: [ app_init ] --END-- [ RunTime:0.000319s ]
INFO: [ app_begin ] --START--
INFO: Run Behavior\ReadHtmlCacheBehavior [ RunTime:0.001103s ]
INFO: [ app_begin ] --END-- [ RunTime:0.001151s ]
ERR: syntax error, unexpected '$data' (T_VARIABLE)

[ 2018-07-24T11:51:15+08:00 ] ::1 /ThinkPHP/lab_dyl/index.php/Admin/Pro/showlist
INFO: [ app_init ] --START--
INFO: Run Behavior\BuildLiteBehavior [ RunTime:0.000028s ]
INFO: [ app_init ] --END-- [ RunTime:0.000442s ]
INFO: [ app_begin ] --START--
INFO: Run Behavior\ReadHtmlCacheBehavior [ RunTime:0.000798s ]
INFO: [ app_begin ] --END-- [ RunTime:0.000929s ]
ERR: syntax error, unexpected '$data' (T_VARIABLE)

[ 2018-07-24T11:51:16+08:00 ] ::1 /ThinkPHP/lab_dyl/index.php/Admin/Pro/showlist
INFO: [ app_init ] --START--
INFO: Run Behavior\BuildLiteBehavior [ RunTime:0.000008s ]
INFO: [ app_init ] --END-- [ RunTime:0.000314s ]
INFO: [ app_begin ] --START--
INFO: Run Behavior\ReadHtmlCacheBehavior [ RunTime:0.000343s ]
INFO: [ app_begin ] --END-- [ RunTime:0.000365s ]
ERR: syntax error, unexpected '$data' (T_VARIABLE)

[ 2018-07-24T11:51:16+08:00 ] ::1 /ThinkPHP/lab_dyl/index.php/Admin/Pro/showlist
INFO: [ app_init ] --START--
INFO: Run Behavior\BuildLiteBehavior [ RunTime:0.000009s ]
INFO: [ app_init ] --END-- [ RunTime:0.000235s ]
INFO: [ app_begin ] --START--
INFO: Run Behavior\ReadHtmlCacheBehavior [ RunTime:0.000309s ]
INFO: [ app_begin ] --END-- [ RunTime:0.000328s ]
ERR: syntax error, unexpected '$data' (T_VARIABLE)

[ 2018-07-24T11:51:16+08:00 ] ::1 /ThinkPHP/lab_dyl/index.php/Admin/Pro/showlist
INFO: [ app_init ] --START--
INFO: Run Behavior\BuildLiteBehavior [ RunTime:0.000008s ]
INFO: [ app_init ] --END-- [ RunTime:0.000432s ]
INFO: [ app_begin ] --START--
INFO: Run Behavior\ReadHtmlCacheBehavior [ RunTime:0.000610s ]
INFO: [ app_begin ] --END-- [ RunTime:0.000654s ]
ERR: syntax error, unexpected '$data' (T_VARIABLE)

[ 2018-07-24T11:51:17+08:00 ] ::1 /ThinkPHP/lab_dyl/index.php/Admin/Pro/showlist
INFO: [ app_init ] --START--
INFO: Run Behavior\BuildLiteBehavior [ RunTime:0.000006s ]
INFO: [ app_init ] --END-- [ RunTime:0.000270s ]
INFO: [ app_begin ] --START--
INFO: Run Behavior\ReadHtmlCacheBehavior [ RunTime:0.000545s ]
INFO: [ app_begin ] --END-- [ RunTime:0.000591s ]
ERR: syntax error, unexpected '$data' (T_VARIABLE)

[ 2018-07-24T11:51:17+08:00 ] ::1 /ThinkPHP/lab_dyl/index.php/Admin/Pro/showlist
INFO: [ app_init ] --START--
INFO: Run Behavior\BuildLiteBehavior [ RunTime:0.000024s ]
INFO: [ app_init ] --END-- [ RunTime:0.000622s ]
INFO: [ app_begin ] --START--
INFO: Run Behavior\ReadHtmlCacheBehavior [ RunTime:0.000469s ]
INFO: [ app_begin ] --END-- [ RunTime:0.000504s ]
ERR: syntax error, unexpected '$data' (T_VARIABLE)

[ 2018-07-24T11:52:03+08:00 ] ::1 /ThinkPHP/lab_dyl/index.php/Admin/Pro/showlist
INFO: [ app_init ] --START--
INFO: Run Behavior\BuildLiteBehavior [ RunTime:0.000014s ]
INFO: [ app_init ] --END-- [ RunTime:0.000430s ]
INFO: [ app_begin ] --START--
INFO: Run Behavior\ReadHtmlCacheBehavior [ RunTime:0.000998s ]
INFO: [ app_begin ] --END-- [ RunTime:0.001080s ]
ERR: syntax error, unexpected 'public' (T_PUBLIC), expecting end of file

[ 2018-07-24T11:52:04+08:00 ] ::1 /ThinkPHP/lab_dyl/index.php/Admin/Pro/showlist
INFO: [ app_init ] --START--
INFO: Run Behavior\BuildLiteBehavior [ RunTime:0.000007s ]
INFO: [ app_init ] --END-- [ RunTime:0.000251s ]
INFO: [ app_begin ] --START--
INFO: Run Behavior\ReadHtmlCacheBehavior [ RunTime:0.014091s ]
INFO: [ app_begin ] --END-- [ RunTime:0.014122s ]
ERR: syntax error, unexpected 'public' (T_PUBLIC), expecting end of file

[ 2018-07-24T11:52:41+08:00 ] ::1 /ThinkPHP/lab_dyl/index.php/Admin/Pro/showlist
INFO: [ app_init ] --START--
INFO: Run Behavior\BuildLiteBehavior [ RunTime:0.000007s ]
INFO: [ app_init ] --END-- [ RunTime:0.000278s ]
INFO: [ app_begin ] --START--
INFO: Run Behavior\ReadHtmlCacheBehavior [ RunTime:0.000549s ]
INFO: [ app_begin ] --END-- [ RunTime:0.000571s ]
ERR: syntax error, unexpected 'public' (T_PUBLIC), expecting end of file

[ 2018-07-24T11:53:08+08:00 ] ::1 /ThinkPHP/lab_dyl/index.php/Admin/Pro/showlist
INFO: [ app_init ] --START--
INFO: Run Behavior\BuildLiteBehavior [ RunTime:0.000006s ]
INFO: [ app_init ] --END-- [ RunTime:0.000242s ]
INFO: [ app_begin ] --START--
INFO: Run Behavior\ReadHtmlCacheBehavior [ RunTime:0.000782s ]
INFO: [ app_begin ] --END-- [ RunTime:0.000822s ]
ERR: syntax error, unexpected 'public' (T_PUBLIC), expecting end of file

[ 2018-07-24T11:54:17+08:00 ] ::1 /ThinkPHP/lab_dyl/index.php/Admin/Pro/showlist
INFO: [ app_init ] --START--
INFO: Run Behavior\BuildLiteBehavior [ RunTime:0.000007s ]
INFO: [ app_init ] --END-- [ RunTime:0.000239s ]
INFO: [ app_begin ] --START--
INFO: Run Behavior\ReadHtmlCacheBehavior [ RunTime:0.000366s ]
INFO: [ app_begin ] --END-- [ RunTime:0.000394s ]
ERR: syntax error, unexpected 'public' (T_PUBLIC), expecting end of file

[ 2018-07-24T11:54:18+08:00 ] ::1 /ThinkPHP/lab_dyl/index.php/Admin/Pro/showlist
INFO: [ app_init ] --START--
INFO: Run Behavior\BuildLiteBehavior [ RunTime:0.000009s ]
INFO: [ app_init ] --END-- [ RunTime:0.000326s ]
INFO: [ app_begin ] --START--
INFO: Run Behavior\ReadHtmlCacheBehavior [ RunTime:0.001406s ]
INFO: [ app_begin ] --END-- [ RunTime:0.001483s ]
ERR: syntax error, unexpected 'public' (T_PUBLIC), expecting end of file

[ 2018-07-24T11:54:18+08:00 ] ::1 /ThinkPHP/lab_dyl/index.php/Admin/Pro/showlist
INFO: [ app_init ] --START--
INFO: Run Behavior\BuildLiteBehavior [ RunTime:0.000014s ]
INFO: [ app_init ] --END-- [ RunTime:0.000976s ]
INFO: [ app_begin ] --START--
INFO: Run Behavior\ReadHtmlCacheBehavior [ RunTime:0.000442s ]
INFO: [ app_begin ] --END-- [ RunTime:0.000476s ]
ERR: syntax error, unexpected 'public' (T_PUBLIC), expecting end of file

[ 2018-07-24T11:54:18+08:00 ] ::1 /ThinkPHP/lab_dyl/index.php/Admin/Pro/showlist
INFO: [ app_init ] --START--
INFO: Run Behavior\BuildLiteBehavior [ RunTime:0.000009s ]
INFO: [ app_init ] --END-- [ RunTime:0.000306s ]
INFO: [ app_begin ] --START--
INFO: Run Behavior\ReadHtmlCacheBehavior [ RunTime:0.000341s ]
INFO: [ app_begin ] --END-- [ RunTime:0.000361s ]
ERR: syntax error, unexpected 'public' (T_PUBLIC), expecting end of file

[ 2018-07-24T11:54:18+08:00 ] ::1 /ThinkPHP/lab_dyl/index.php/Admin/Pro/showlist
INFO: [ app_init ] --START--
INFO: Run Behavior\BuildLiteBehavior [ RunTime:0.000006s ]
INFO: [ app_init ] --END-- [ RunTime:0.000255s ]
INFO: [ app_begin ] --START--
INFO: Run Behavior\ReadHtmlCacheBehavior [ RunTime:0.000334s ]
INFO: [ app_begin ] --END-- [ RunTime:0.000355s ]
ERR: syntax error, unexpected 'public' (T_PUBLIC), expecting end of file

[ 2018-07-24T11:54:19+08:00 ] ::1 /ThinkPHP/lab_dyl/index.php/Admin/Pro/showlist
INFO: [ app_init ] --START--
INFO: Run Behavior\BuildLiteBehavior [ RunTime:0.000008s ]
INFO: [ app_init ] --END-- [ RunTime:0.000351s ]
INFO: [ app_begin ] --START--
INFO: Run Behavior\ReadHtmlCacheBehavior [ RunTime:0.001264s ]
INFO: [ app_begin ] --END-- [ RunTime:0.001399s ]
ERR: syntax error, unexpected 'public' (T_PUBLIC), expecting end of file

[ 2018-07-24T11:54:19+08:00 ] ::1 /ThinkPHP/lab_dyl/index.php/Admin/Pro/showlist
INFO: [ app_init ] --START--
INFO: Run Behavior\BuildLiteBehavior [ RunTime:0.000046s ]
INFO: [ app_init ] --END-- [ RunTime:0.000649s ]
INFO: [ app_begin ] --START--
INFO: Run Behavior\ReadHtmlCacheBehavior [ RunTime:0.000603s ]
INFO: [ app_begin ] --END-- [ RunTime:0.000654s ]
ERR: syntax error, unexpected 'public' (T_PUBLIC), expecting end of file

[ 2018-07-24T11:54:19+08:00 ] ::1 /ThinkPHP/lab_dyl/index.php/Admin/Pro/showlist
INFO: [ app_init ] --START--
INFO: Run Behavior\BuildLiteBehavior [ RunTime:0.000007s ]
INFO: [ app_init ] --END-- [ RunTime:0.000335s ]
INFO: [ app_begin ] --START--
INFO: Run Behavior\ReadHtmlCacheBehavior [ RunTime:0.000363s ]
INFO: [ app_begin ] --END-- [ RunTime:0.000394s ]
ERR: syntax error, unexpected 'public' (T_PUBLIC), expecting end of file

[ 2018-07-24T11:56:27+08:00 ] ::1 /ThinkPHP/lab_dyl/index.php/Admin/Pro/showlist
INFO: [ app_init ] --START--
INFO: Run Behavior\BuildLiteBehavior [ RunTime:0.000011s ]
INFO: [ app_init ] --END-- [ RunTime:0.000336s ]
INFO: [ app_begin ] --START--
INFO: Run Behavior\ReadHtmlCacheBehavior [ RunTime:0.001087s ]
INFO: [ app_begin ] --END-- [ RunTime:0.001155s ]
ERR: syntax error, unexpected 'public' (T_PUBLIC), expecting end of file

[ 2018-07-24T11:56:28+08:00 ] ::1 /ThinkPHP/lab_dyl/index.php/Admin/Pro/showlist
INFO: [ app_init ] --START--
INFO: Run Behavior\BuildLiteBehavior [ RunTime:0.000011s ]
INFO: [ app_init ] --END-- [ RunTime:0.000348s ]
INFO: [ app_begin ] --START--
INFO: Run Behavior\ReadHtmlCacheBehavior [ RunTime:0.000415s ]
INFO: [ app_begin ] --END-- [ RunTime:0.000449s ]
ERR: syntax error, unexpected 'public' (T_PUBLIC), expecting end of file

[ 2018-07-24T11:56:29+08:00 ] ::1 /ThinkPHP/lab_dyl/index.php/Admin/Pro/showlist
INFO: [ app_init ] --START--
INFO: Run Behavior\BuildLiteBehavior [ RunTime:0.000011s ]
INFO: [ app_init ] --END-- [ RunTime:0.000418s ]
INFO: [ app_begin ] --START--
INFO: Run Behavior\ReadHtmlCacheBehavior [ RunTime:0.000492s ]
INFO: [ app_begin ] --END-- [ RunTime:0.000514s ]
ERR: syntax error, unexpected 'public' (T_PUBLIC), expecting end of file

[ 2018-07-24T11:56:29+08:00 ] ::1 /ThinkPHP/lab_dyl/index.php/Admin/Pro/showlist
INFO: [ app_init ] --START--
INFO: Run Behavior\BuildLiteBehavior [ RunTime:0.000006s ]
INFO: [ app_init ] --END-- [ RunTime:0.000243s ]
INFO: [ app_begin ] --START--
INFO: Run Behavior\ReadHtmlCacheBehavior [ RunTime:0.000513s ]
INFO: [ app_begin ] --END-- [ RunTime:0.000536s ]
ERR: syntax error, unexpected 'public' (T_PUBLIC), expecting end of file

[ 2018-07-24T11:56:29+08:00 ] ::1 /ThinkPHP/lab_dyl/index.php/Admin/Pro/showlist
INFO: [ app_init ] --START--
INFO: Run Behavior\BuildLiteBehavior [ RunTime:0.000009s ]
INFO: [ app_init ] --END-- [ RunTime:0.000390s ]
INFO: [ app_begin ] --START--
INFO: Run Behavior\ReadHtmlCacheBehavior [ RunTime:0.000829s ]
INFO: [ app_begin ] --END-- [ RunTime:0.000900s ]
ERR: syntax error, unexpected 'public' (T_PUBLIC), expecting end of file

[ 2018-07-24T11:56:29+08:00 ] ::1 /ThinkPHP/lab_dyl/index.php/Admin/Pro/showlist
INFO: [ app_init ] --START--
INFO: Run Behavior\BuildLiteBehavior [ RunTime:0.000015s ]
INFO: [ app_init ] --END-- [ RunTime:0.000440s ]
INFO: [ app_begin ] --START--
INFO: Run Behavior\ReadHtmlCacheBehavior [ RunTime:0.001081s ]
INFO: [ app_begin ] --END-- [ RunTime:0.001117s ]
ERR: syntax error, unexpected 'public' (T_PUBLIC), expecting end of file

[ 2018-07-24T11:56:29+08:00 ] ::1 /ThinkPHP/lab_dyl/index.php/Admin/Pro/showlist
INFO: [ app_init ] --START--
INFO: Run Behavior\BuildLiteBehavior [ RunTime:0.000007s ]
INFO: [ app_init ] --END-- [ RunTime:0.000318s ]
INFO: [ app_begin ] --START--
INFO: Run Behavior\ReadHtmlCacheBehavior [ RunTime:0.000421s ]
INFO: [ app_begin ] --END-- [ RunTime:0.000441s ]
ERR: syntax error, unexpected 'public' (T_PUBLIC), expecting end of file

[ 2018-07-24T11:56:29+08:00 ] ::1 /ThinkPHP/lab_dyl/index.php/Admin/Pro/showlist
INFO: [ app_init ] --START--
INFO: Run Behavior\BuildLiteBehavior [ RunTime:0.000006s ]
INFO: [ app_init ] --END-- [ RunTime:0.000226s ]
INFO: [ app_begin ] --START--
INFO: Run Behavior\ReadHtmlCacheBehavior [ RunTime:0.000340s ]
INFO: [ app_begin ] --END-- [ RunTime:0.000359s ]
ERR: syntax error, unexpected 'public' (T_PUBLIC), expecting end of file

[ 2018-07-24T11:56:30+08:00 ] ::1 /ThinkPHP/lab_dyl/index.php/Admin/Pro/showlist
INFO: [ app_init ] --START--
INFO: Run Behavior\BuildLiteBehavior [ RunTime:0.000006s ]
INFO: [ app_init ] --END-- [ RunTime:0.000231s ]
INFO: [ app_begin ] --START--
INFO: Run Behavior\ReadHtmlCacheBehavior [ RunTime:0.000332s ]
INFO: [ app_begin ] --END-- [ RunTime:0.000354s ]
ERR: syntax error, unexpected 'public' (T_PUBLIC), expecting end of file

[ 2018-07-24T11:56:30+08:00 ] ::1 /ThinkPHP/lab_dyl/index.php/Admin/Pro/showlist
INFO: [ app_init ] --START--
INFO: Run Behavior\BuildLiteBehavior [ RunTime:0.000011s ]
INFO: [ app_init ] --END-- [ RunTime:0.000543s ]
INFO: [ app_begin ] --START--
INFO: Run Behavior\ReadHtmlCacheBehavior [ RunTime:0.000336s ]
INFO: [ app_begin ] --END-- [ RunTime:0.000355s ]
ERR: syntax error, unexpected 'public' (T_PUBLIC), expecting end of file

[ 2018-07-24T11:56:30+08:00 ] ::1 /ThinkPHP/lab_dyl/index.php/Admin/Pro/showlist
INFO: [ app_init ] --START--
INFO: Run Behavior\BuildLiteBehavior [ RunTime:0.000040s ]
INFO: [ app_init ] --END-- [ RunTime:0.000588s ]
INFO: [ app_begin ] --START--
INFO: Run Behavior\ReadHtmlCacheBehavior [ RunTime:0.000707s ]
INFO: [ app_begin ] --END-- [ RunTime:0.000752s ]
ERR: syntax error, unexpected 'public' (T_PUBLIC), expecting end of file

[ 2018-07-24T11:56:30+08:00 ] ::1 /ThinkPHP/lab_dyl/index.php/Admin/Pro/showlist
INFO: [ app_init ] --START--
INFO: Run Behavior\BuildLiteBehavior [ RunTime:0.000010s ]
INFO: [ app_init ] --END-- [ RunTime:0.000516s ]
INFO: [ app_begin ] --START--
INFO: Run Behavior\ReadHtmlCacheBehavior [ RunTime:0.000470s ]
INFO: [ app_begin ] --END-- [ RunTime:0.000490s ]
ERR: syntax error, unexpected 'public' (T_PUBLIC), expecting end of file

[ 2018-07-24T11:56:30+08:00 ] ::1 /ThinkPHP/lab_dyl/index.php/Admin/Pro/showlist
INFO: [ app_init ] --START--
INFO: Run Behavior\BuildLiteBehavior [ RunTime:0.000006s ]
INFO: [ app_init ] --END-- [ RunTime:0.000287s ]
INFO: [ app_begin ] --START--
INFO: Run Behavior\ReadHtmlCacheBehavior [ RunTime:0.000384s ]
INFO: [ app_begin ] --END-- [ RunTime:0.000405s ]
ERR: syntax error, unexpected 'public' (T_PUBLIC), expecting end of file

[ 2018-07-24T11:56:30+08:00 ] ::1 /ThinkPHP/lab_dyl/index.php/Admin/Pro/showlist
INFO: [ app_init ] --START--
INFO: Run Behavior\BuildLiteBehavior [ RunTime:0.000024s ]
INFO: [ app_init ] --END-- [ RunTime:0.000504s ]
INFO: [ app_begin ] --START--
INFO: Run Behavior\ReadHtmlCacheBehavior [ RunTime:0.000793s ]
INFO: [ app_begin ] --END-- [ RunTime:0.000863s ]
ERR: syntax error, unexpected 'public' (T_PUBLIC), expecting end of file

[ 2018-07-24T11:57:31+08:00 ] ::1 /ThinkPHP/lab_dyl/index.php/Admin/Pro/showlist
INFO: [ app_init ] --START--
INFO: Run Behavior\BuildLiteBehavior [ RunTime:0.000009s ]
INFO: [ app_init ] --END-- [ RunTime:0.000446s ]
INFO: [ app_begin ] --START--
INFO: Run Behavior\ReadHtmlCacheBehavior [ RunTime:0.000421s ]
INFO: [ app_begin ] --END-- [ RunTime:0.000442s ]
ERR: syntax error, unexpected 'public' (T_PUBLIC), expecting end of file

[ 2018-07-24T11:57:32+08:00 ] ::1 /ThinkPHP/lab_dyl/index.php/Admin/Pro/showlist
INFO: [ app_init ] --START--
INFO: Run Behavior\BuildLiteBehavior [ RunTime:0.000006s ]
INFO: [ app_init ] --END-- [ RunTime:0.000243s ]
INFO: [ app_begin ] --START--
INFO: Run Behavior\ReadHtmlCacheBehavior [ RunTime:0.000458s ]
INFO: [ app_begin ] --END-- [ RunTime:0.000479s ]
ERR: syntax error, unexpected 'public' (T_PUBLIC), expecting end of file

[ 2018-07-24T11:57:32+08:00 ] ::1 /ThinkPHP/lab_dyl/index.php/Admin/Pro/showlist
INFO: [ app_init ] --START--
INFO: Run Behavior\BuildLiteBehavior [ RunTime:0.000006s ]
INFO: [ app_init ] --END-- [ RunTime:0.000227s ]
INFO: [ app_begin ] --START--
INFO: Run Behavior\ReadHtmlCacheBehavior [ RunTime:0.000302s ]
INFO: [ app_begin ] --END-- [ RunTime:0.000321s ]
ERR: syntax error, unexpected 'public' (T_PUBLIC), expecting end of file

[ 2018-07-24T11:57:32+08:00 ] ::1 /ThinkPHP/lab_dyl/index.php/Admin/Pro/showlist
INFO: [ app_init ] --START--
INFO: Run Behavior\BuildLiteBehavior [ RunTime:0.000007s ]
INFO: [ app_init ] --END-- [ RunTime:0.000320s ]
INFO: [ app_begin ] --START--
INFO: Run Behavior\ReadHtmlCacheBehavior [ RunTime:0.000328s ]
INFO: [ app_begin ] --END-- [ RunTime:0.000361s ]
ERR: syntax error, unexpected 'public' (T_PUBLIC), expecting end of file

[ 2018-07-24T11:57:33+08:00 ] ::1 /ThinkPHP/lab_dyl/index.php/Admin/Pro/showlist
INFO: [ app_init ] --START--
INFO: Run Behavior\BuildLiteBehavior [ RunTime:0.000024s ]
INFO: [ app_init ] --END-- [ RunTime:0.000342s ]
INFO: [ app_begin ] --START--
INFO: Run Behavior\ReadHtmlCacheBehavior [ RunTime:0.000713s ]
INFO: [ app_begin ] --END-- [ RunTime:0.000820s ]
ERR: syntax error, unexpected 'public' (T_PUBLIC), expecting end of file

[ 2018-07-24T11:57:33+08:00 ] ::1 /ThinkPHP/lab_dyl/index.php/Admin/Pro/showlist
INFO: [ app_init ] --START--
INFO: Run Behavior\BuildLiteBehavior [ RunTime:0.000008s ]
INFO: [ app_init ] --END-- [ RunTime:0.000380s ]
INFO: [ app_begin ] --START--
INFO: Run Behavior\ReadHtmlCacheBehavior [ RunTime:0.000407s ]
INFO: [ app_begin ] --END-- [ RunTime:0.000463s ]
ERR: syntax error, unexpected 'public' (T_PUBLIC), expecting end of file

[ 2018-07-24T11:57:33+08:00 ] ::1 /ThinkPHP/lab_dyl/index.php/Admin/Pro/showlist
INFO: [ app_init ] --START--
INFO: Run Behavior\BuildLiteBehavior [ RunTime:0.000007s ]
INFO: [ app_init ] --END-- [ RunTime:0.000385s ]
INFO: [ app_begin ] --START--
INFO: Run Behavior\ReadHtmlCacheBehavior [ RunTime:0.000457s ]
INFO: [ app_begin ] --END-- [ RunTime:0.000483s ]
ERR: syntax error, unexpected 'public' (T_PUBLIC), expecting end of file

[ 2018-07-24T11:57:33+08:00 ] ::1 /ThinkPHP/lab_dyl/index.php/Admin/Pro/showlist
INFO: [ app_init ] --START--
INFO: Run Behavior\BuildLiteBehavior [ RunTime:0.000006s ]
INFO: [ app_init ] --END-- [ RunTime:0.000232s ]
INFO: [ app_begin ] --START--
INFO: Run Behavior\ReadHtmlCacheBehavior [ RunTime:0.000322s ]
INFO: [ app_begin ] --END-- [ RunTime:0.000342s ]
ERR: syntax error, unexpected 'public' (T_PUBLIC), expecting end of file

[ 2018-07-24T11:57:33+08:00 ] ::1 /ThinkPHP/lab_dyl/index.php/Admin/Pro/showlist
INFO: [ app_init ] --START--
INFO: Run Behavior\BuildLiteBehavior [ RunTime:0.000005s ]
INFO: [ app_init ] --END-- [ RunTime:0.000238s ]
INFO: [ app_begin ] --START--
INFO: Run Behavior\ReadHtmlCacheBehavior [ RunTime:0.000314s ]
INFO: [ app_begin ] --END-- [ RunTime:0.000334s ]
ERR: syntax error, unexpected 'public' (T_PUBLIC), expecting end of file

[ 2018-07-24T11:57:34+08:00 ] ::1 /ThinkPHP/lab_dyl/index.php/Admin/Pro/showlist
INFO: [ app_init ] --START--
INFO: Run Behavior\BuildLiteBehavior [ RunTime:0.000041s ]
INFO: [ app_init ] --END-- [ RunTime:0.000720s ]
INFO: [ app_begin ] --START--
INFO: Run Behavior\ReadHtmlCacheBehavior [ RunTime:0.000544s ]
INFO: [ app_begin ] --END-- [ RunTime:0.000574s ]
ERR: syntax error, unexpected 'public' (T_PUBLIC), expecting end of file

[ 2018-07-24T11:57:34+08:00 ] ::1 /ThinkPHP/lab_dyl/index.php/Admin/Pro/showlist
INFO: [ app_init ] --START--
INFO: Run Behavior\BuildLiteBehavior [ RunTime:0.000006s ]
INFO: [ app_init ] --END-- [ RunTime:0.000251s ]
INFO: [ app_begin ] --START--
INFO: Run Behavior\ReadHtmlCacheBehavior [ RunTime:0.001189s ]
INFO: [ app_begin ] --END-- [ RunTime:0.001326s ]
ERR: syntax error, unexpected 'public' (T_PUBLIC), expecting end of file

[ 2018-07-24T11:58:02+08:00 ] ::1 /ThinkPHP/lab_dyl/index.php/Admin/Pro/showlist
INFO: [ app_init ] --START--
INFO: Run Behavior\BuildLiteBehavior [ RunTime:0.000009s ]
INFO: [ app_init ] --END-- [ RunTime:0.000493s ]
INFO: [ app_begin ] --START--
INFO: Run Behavior\ReadHtmlCacheBehavior [ RunTime:0.000438s ]
INFO: [ app_begin ] --END-- [ RunTime:0.000461s ]
ERR: syntax error, unexpected 'protected' (T_PROTECTED)

[ 2018-07-24T11:58:03+08:00 ] ::1 /ThinkPHP/lab_dyl/index.php/Admin/Pro/showlist
INFO: [ app_init ] --START--
INFO: Run Behavior\BuildLiteBehavior [ RunTime:0.000006s ]
INFO: [ app_init ] --END-- [ RunTime:0.000247s ]
INFO: [ app_begin ] --START--
INFO: Run Behavior\ReadHtmlCacheBehavior [ RunTime:0.000335s ]
INFO: [ app_begin ] --END-- [ RunTime:0.000354s ]
ERR: syntax error, unexpected 'protected' (T_PROTECTED)

[ 2018-07-24T11:58:03+08:00 ] ::1 /ThinkPHP/lab_dyl/index.php/Admin/Pro/showlist
INFO: [ app_init ] --START--
INFO: Run Behavior\BuildLiteBehavior [ RunTime:0.000027s ]
INFO: [ app_init ] --END-- [ RunTime:0.000613s ]
INFO: [ app_begin ] --START--
INFO: Run Behavior\ReadHtmlCacheBehavior [ RunTime:0.000668s ]
INFO: [ app_begin ] --END-- [ RunTime:0.000737s ]
ERR: syntax error, unexpected 'protected' (T_PROTECTED)

[ 2018-07-24T11:58:03+08:00 ] ::1 /ThinkPHP/lab_dyl/index.php/Admin/Pro/showlist
INFO: [ app_init ] --START--
INFO: Run Behavior\BuildLiteBehavior [ RunTime:0.000010s ]
INFO: [ app_init ] --END-- [ RunTime:0.000372s ]
INFO: [ app_begin ] --START--
INFO: Run Behavior\ReadHtmlCacheBehavior [ RunTime:0.000594s ]
INFO: [ app_begin ] --END-- [ RunTime:0.000641s ]
ERR: syntax error, unexpected 'protected' (T_PROTECTED)

[ 2018-07-24T11:58:03+08:00 ] ::1 /ThinkPHP/lab_dyl/index.php/Admin/Pro/showlist
INFO: [ app_init ] --START--
INFO: Run Behavior\BuildLiteBehavior [ RunTime:0.000007s ]
INFO: [ app_init ] --END-- [ RunTime:0.000252s ]
INFO: [ app_begin ] --START--
INFO: Run Behavior\ReadHtmlCacheBehavior [ RunTime:0.000309s ]
INFO: [ app_begin ] --END-- [ RunTime:0.000329s ]
ERR: syntax error, unexpected 'protected' (T_PROTECTED)

[ 2018-07-24T11:58:03+08:00 ] ::1 /ThinkPHP/lab_dyl/index.php/Admin/Pro/showlist
INFO: [ app_init ] --START--
INFO: Run Behavior\BuildLiteBehavior [ RunTime:0.000006s ]
INFO: [ app_init ] --END-- [ RunTime:0.000237s ]
INFO: [ app_begin ] --START--
INFO: Run Behavior\ReadHtmlCacheBehavior [ RunTime:0.000316s ]
INFO: [ app_begin ] --END-- [ RunTime:0.000335s ]
ERR: syntax error, unexpected 'protected' (T_PROTECTED)

[ 2018-07-24T11:58:04+08:00 ] ::1 /ThinkPHP/lab_dyl/index.php/Admin/Pro/showlist
INFO: [ app_init ] --START--
INFO: Run Behavior\BuildLiteBehavior [ RunTime:0.000006s ]
INFO: [ app_init ] --END-- [ RunTime:0.000482s ]
INFO: [ app_begin ] --START--
INFO: Run Behavior\ReadHtmlCacheBehavior [ RunTime:0.000371s ]
INFO: [ app_begin ] --END-- [ RunTime:0.000393s ]
ERR: syntax error, unexpected 'protected' (T_PROTECTED)

[ 2018-07-24T11:58:04+08:00 ] ::1 /ThinkPHP/lab_dyl/index.php/Admin/Pro/showlist
INFO: [ app_init ] --START--
INFO: Run Behavior\BuildLiteBehavior [ RunTime:0.000012s ]
INFO: [ app_init ] --END-- [ RunTime:0.000360s ]
INFO: [ app_begin ] --START--
INFO: Run Behavior\ReadHtmlCacheBehavior [ RunTime:0.000456s ]
INFO: [ app_begin ] --END-- [ RunTime:0.000496s ]
ERR: syntax error, unexpected 'protected' (T_PROTECTED)

[ 2018-07-24T11:58:04+08:00 ] ::1 /ThinkPHP/lab_dyl/index.php/Admin/Pro/showlist
INFO: [ app_init ] --START--
INFO: Run Behavior\BuildLiteBehavior [ RunTime:0.000038s ]
INFO: [ app_init ] --END-- [ RunTime:0.000996s ]
INFO: [ app_begin ] --START--
INFO: Run Behavior\ReadHtmlCacheBehavior [ RunTime:0.000675s ]
INFO: [ app_begin ] --END-- [ RunTime:0.000757s ]
ERR: syntax error, unexpected 'protected' (T_PROTECTED)

[ 2018-07-24T11:58:04+08:00 ] ::1 /ThinkPHP/lab_dyl/index.php/Admin/Pro/showlist
INFO: [ app_init ] --START--
INFO: Run Behavior\BuildLiteBehavior [ RunTime:0.000006s ]
INFO: [ app_init ] --END-- [ RunTime:0.000224s ]
INFO: [ app_begin ] --START--
INFO: Run Behavior\ReadHtmlCacheBehavior [ RunTime:0.000332s ]
INFO: [ app_begin ] --END-- [ RunTime:0.000351s ]
ERR: syntax error, unexpected 'protected' (T_PROTECTED)

[ 2018-07-24T11:58:18+08:00 ] ::1 /ThinkPHP/lab_dyl/index.php/Admin/Pro/showlist
INFO: [ app_init ] --START--
INFO: Run Behavior\BuildLiteBehavior [ RunTime:0.000006s ]
INFO: [ app_init ] --END-- [ RunTime:0.000290s ]
INFO: [ app_begin ] --START--
INFO: Run Behavior\ReadHtmlCacheBehavior [ RunTime:0.000407s ]
INFO: [ app_begin ] --END-- [ RunTime:0.000460s ]
SQL: SHOW COLUMNS FROM `project` [ RunTime:0.0063s ]
SQL: select *from project [ RunTime:0.0208s ]
NOTIC: [8] Use of undefined constant data - assumed 'data' F:\XAMPP\htdocs\dyl\ThinkPHP\Lab_dyl\Application\Admin\Model\ProjectModel.class.php 第 12 行.
INFO: [ app_end ] --START--
INFO: Run Behavior\ShowPageTraceBehavior [ RunTime:0.011422s ]
INFO: [ app_end ] --END-- [ RunTime:0.011451s ]

[ 2018-07-24T11:58:28+08:00 ] ::1 /ThinkPHP/lab_dyl/index.php/Admin/Pro/showlist
INFO: [ app_init ] --START--
INFO: Run Behavior\BuildLiteBehavior [ RunTime:0.000008s ]
INFO: [ app_init ] --END-- [ RunTime:0.000289s ]
INFO: [ app_begin ] --START--
INFO: Run Behavior\ReadHtmlCacheBehavior [ RunTime:0.000415s ]
INFO: [ app_begin ] --END-- [ RunTime:0.000434s ]
SQL: SHOW COLUMNS FROM `project` [ RunTime:0.0141s ]
SQL: select *from project [ RunTime:0.0117s ]
INFO: [ app_end ] --START--
INFO: Run Behavior\ShowPageTraceBehavior [ RunTime:0.000798s ]
INFO: [ app_end ] --END-- [ RunTime:0.000818s ]

[ 2018-07-24T13:01:56+08:00 ] ::1 /ThinkPHP/lab_dyl/index.php/Admin/Pro/showlist
INFO: [ app_init ] --START--
INFO: Run Behavior\BuildLiteBehavior [ RunTime:0.000064s ]
INFO: [ app_init ] --END-- [ RunTime:0.000998s ]
INFO: [ app_begin ] --START--
INFO: Run Behavior\ReadHtmlCacheBehavior [ RunTime:0.000938s ]
INFO: [ app_begin ] --END-- [ RunTime:0.000985s ]
SQL: SHOW COLUMNS FROM `project` [ RunTime:0.0124s ]
SQL: select *from project [ RunTime:0.0069s ]
NOTIC: [8] Undefined index: pno F:\XAMPP\htdocs\dyl\ThinkPHP\Lab_dyl\Application\Admin\Controller\ProController.class.php 第 10 行.
INFO: [ app_end ] --START--
INFO: Run Behavior\ShowPageTraceBehavior [ RunTime:0.000503s ]
INFO: [ app_end ] --END-- [ RunTime:0.000523s ]

[ 2018-07-24T13:01:59+08:00 ] ::1 /ThinkPHP/lab_dyl/index.php/Admin/Pro/showlist
INFO: [ app_init ] --START--
INFO: Run Behavior\BuildLiteBehavior [ RunTime:0.000007s ]
INFO: [ app_init ] --END-- [ RunTime:0.000386s ]
INFO: [ app_begin ] --START--
INFO: Run Behavior\ReadHtmlCacheBehavior [ RunTime:0.000378s ]
INFO: [ app_begin ] --END-- [ RunTime:0.000403s ]
SQL: SHOW COLUMNS FROM `project` [ RunTime:0.0126s ]
SQL: select *from project [ RunTime:0.0111s ]
NOTIC: [8] Undefined index: pno F:\XAMPP\htdocs\dyl\ThinkPHP\Lab_dyl\Application\Admin\Controller\ProController.class.php 第 10 行.
INFO: [ app_end ] --START--
INFO: Run Behavior\ShowPageTraceBehavior [ RunTime:0.000414s ]
INFO: [ app_end ] --END-- [ RunTime:0.000434s ]

[ 2018-07-24T13:16:08+08:00 ] ::1 /ThinkPHP/lab_dyl/index.php/Admin/Pro/showlist
INFO: [ app_init ] --START--
INFO: Run Behavior\BuildLiteBehavior [ RunTime:0.000007s ]
INFO: [ app_init ] --END-- [ RunTime:0.000297s ]
INFO: [ app_begin ] --START--
INFO: Run Behavior\ReadHtmlCacheBehavior [ RunTime:0.000425s ]
INFO: [ app_begin ] --END-- [ RunTime:0.000467s ]
SQL: SHOW COLUMNS FROM `project` [ RunTime:0.0128s ]
SQL: select * from project [ RunTime:0.0071s ]
NOTIC: [8] Undefined index: pno F:\XAMPP\htdocs\dyl\ThinkPHP\Lab_dyl\Application\Admin\Controller\ProController.class.php 第 10 行.
INFO: [ app_end ] --START--
INFO: Run Behavior\ShowPageTraceBehavior [ RunTime:0.000512s ]
INFO: [ app_end ] --END-- [ RunTime:0.000530s ]

[ 2018-07-24T14:37:41+08:00 ] 127.0.0.1 /Admin/Pro/showlist
INFO: [ app_init ] --START--
INFO: Run Behavior\BuildLiteBehavior [ RunTime:0.000015s ]
INFO: [ app_init ] --END-- [ RunTime:0.011646s ]
INFO: [ app_begin ] --START--
INFO: Run Behavior\ReadHtmlCacheBehavior [ RunTime:0.018727s ]
INFO: [ app_begin ] --END-- [ RunTime:0.018763s ]
SQL: SHOW COLUMNS FROM `project` [ RunTime:0.0261s ]
INFO: [ app_end ] --START--
INFO: Run Behavior\ShowPageTraceBehavior [ RunTime:0.012500s ]
INFO: [ app_end ] --END-- [ RunTime:0.012537s ]

[ 2018-07-24T14:38:26+08:00 ] 127.0.0.1 /Admin/Pro/showlist
INFO: [ app_init ] --START--
INFO: Run Behavior\BuildLiteBehavior [ RunTime:0.000007s ]
INFO: [ app_init ] --END-- [ RunTime:0.000240s ]
INFO: [ app_begin ] --START--
INFO: Run Behavior\ReadHtmlCacheBehavior [ RunTime:0.000428s ]
INFO: [ app_begin ] --END-- [ RunTime:0.000465s ]
SQL: SHOW COLUMNS FROM `project` [ RunTime:0.0227s ]
INFO: [ app_end ] --START--
INFO: Run Behavior\ShowPageTraceBehavior [ RunTime:0.001472s ]
INFO: [ app_end ] --END-- [ RunTime:0.001547s ]

[ 2018-07-24T14:38:44+08:00 ] 127.0.0.1 /Admin/User/register
INFO: [ app_init ] --START--
INFO: Run Behavior\BuildLiteBehavior [ RunTime:0.000006s ]
INFO: [ app_init ] --END-- [ RunTime:0.000619s ]
INFO: [ app_begin ] --START--
INFO: Run Behavior\ReadHtmlCacheBehavior [ RunTime:0.000466s ]
INFO: [ app_begin ] --END-- [ RunTime:0.000486s ]
NOTIC: [2] Declaration of Admin\Model\UserModel::check($account) should be compatible with Think\Model::check($value, $rule, $type = 'regex') F:\XAMPP\htdocs\dyl\ThinkPHP\Lab_dyl\Application\Admin\Model\UserModel.class.php 第 4 行.
SQL: SHOW COLUMNS FROM `user` [ RunTime:0.0199s ]
SQL: select * from user where account=0 [ RunTime:0.0080s ]
SQL: INSERT INTO `user` (`account`,`password`,`role`,`job_id`,`telphone`,`email`,`name`) VALUES ('0','d41d8cd98f00b204e9800998ecf8427e','0','0',' ',' ',' ') [ RunTime:0.0032s ]
SQL: select id from user where account=0 [ RunTime:0.0003s ]
NOTIC: [8] Use of undefined constant id - assumed 'id' F:\XAMPP\htdocs\dyl\ThinkPHP\Lab_dyl\Application\Admin\Model\UserModel.class.php 第 42 行.
INFO: [ app_end ] --START--
INFO: Run Behavior\ShowPageTraceBehavior [ RunTime:0.001071s ]
INFO: [ app_end ] --END-- [ RunTime:0.001146s ]

[ 2018-07-24T15:38:10+08:00 ] ::1 /ThinkPHP/lab_dyl/index.php/Admin/Pro/showlist
INFO: [ app_init ] --START--
INFO: Run Behavior\BuildLiteBehavior [ RunTime:0.000017s ]
INFO: [ app_init ] --END-- [ RunTime:0.000900s ]
INFO: [ app_begin ] --START--
INFO: Run Behavior\ReadHtmlCacheBehavior [ RunTime:0.000486s ]
INFO: [ app_begin ] --END-- [ RunTime:0.000513s ]
ERR: syntax error, unexpected '$pro_arr' (T_VARIABLE)

[ 2018-07-24T15:42:34+08:00 ] ::1 /ThinkPHP/lab_dyl/index.php/Admin/Pro/showlist
INFO: [ app_init ] --START--
INFO: Run Behavior\BuildLiteBehavior [ RunTime:0.000011s ]
INFO: [ app_init ] --END-- [ RunTime:0.000312s ]
INFO: [ app_begin ] --START--
INFO: Run Behavior\ReadHtmlCacheBehavior [ RunTime:0.000460s ]
INFO: [ app_begin ] --END-- [ RunTime:0.000481s ]
ERR: syntax error, unexpected ';', expecting ')'

[ 2018-07-24T15:42:35+08:00 ] ::1 /ThinkPHP/lab_dyl/index.php/Admin/Pro/showlist
INFO: [ app_init ] --START--
INFO: Run Behavior\BuildLiteBehavior [ RunTime:0.000007s ]
INFO: [ app_init ] --END-- [ RunTime:0.000265s ]
INFO: [ app_begin ] --START--
INFO: Run Behavior\ReadHtmlCacheBehavior [ RunTime:0.000314s ]
INFO: [ app_begin ] --END-- [ RunTime:0.000348s ]
ERR: syntax error, unexpected ';', expecting ')'

[ 2018-07-24T15:42:36+08:00 ] ::1 /ThinkPHP/lab_dyl/index.php/Admin/Pro/showlist
INFO: [ app_init ] --START--
INFO: Run Behavior\BuildLiteBehavior [ RunTime:0.000006s ]
INFO: [ app_init ] --END-- [ RunTime:0.000238s ]
INFO: [ app_begin ] --START--
INFO: Run Behavior\ReadHtmlCacheBehavior [ RunTime:0.000313s ]
INFO: [ app_begin ] --END-- [ RunTime:0.000333s ]
ERR: syntax error, unexpected ';', expecting ')'

[ 2018-07-24T15:42:45+08:00 ] ::1 /ThinkPHP/lab_dyl/index.php/Admin/Pro/showlist
INFO: [ app_init ] --START--
INFO: Run Behavior\BuildLiteBehavior [ RunTime:0.000028s ]
INFO: [ app_init ] --END-- [ RunTime:0.000660s ]
INFO: [ app_begin ] --START--
INFO: Run Behavior\ReadHtmlCacheBehavior [ RunTime:0.000458s ]
INFO: [ app_begin ] --END-- [ RunTime:0.000483s ]
ERR: syntax error, unexpected ';', expecting ')'

[ 2018-07-24T15:42:46+08:00 ] ::1 /ThinkPHP/lab_dyl/index.php/Admin/Pro/showlist
INFO: [ app_init ] --START--
INFO: Run Behavior\BuildLiteBehavior [ RunTime:0.000010s ]
INFO: [ app_init ] --END-- [ RunTime:0.000335s ]
INFO: [ app_begin ] --START--
INFO: Run Behavior\ReadHtmlCacheBehavior [ RunTime:0.000703s ]
INFO: [ app_begin ] --END-- [ RunTime:0.000844s ]
ERR: syntax error, unexpected ';', expecting ')'

[ 2018-07-24T15:42:46+08:00 ] ::1 /ThinkPHP/lab_dyl/index.php/Admin/Pro/showlist
INFO: [ app_init ] --START--
INFO: Run Behavior\BuildLiteBehavior [ RunTime:0.000029s ]
INFO: [ app_init ] --END-- [ RunTime:0.000554s ]
INFO: [ app_begin ] --START--
INFO: Run Behavior\ReadHtmlCacheBehavior [ RunTime:0.000503s ]
INFO: [ app_begin ] --END-- [ RunTime:0.000546s ]
ERR: syntax error, unexpected ';', expecting ')'

[ 2018-07-24T15:42:46+08:00 ] ::1 /ThinkPHP/lab_dyl/index.php/Admin/Pro/showlist
INFO: [ app_init ] --START--
INFO: Run Behavior\BuildLiteBehavior [ RunTime:0.000007s ]
INFO: [ app_init ] --END-- [ RunTime:0.000284s ]
INFO: [ app_begin ] --START--
INFO: Run Behavior\ReadHtmlCacheBehavior [ RunTime:0.000448s ]
INFO: [ app_begin ] --END-- [ RunTime:0.000475s ]
ERR: syntax error, unexpected ';', expecting ')'

[ 2018-07-24T15:42:47+08:00 ] ::1 /ThinkPHP/lab_dyl/index.php/Admin/Pro/showlist
INFO: [ app_init ] --START--
INFO: Run Behavior\BuildLiteBehavior [ RunTime:0.000009s ]
INFO: [ app_init ] --END-- [ RunTime:0.000314s ]
INFO: [ app_begin ] --START--
INFO: Run Behavior\ReadHtmlCacheBehavior [ RunTime:0.000841s ]
INFO: [ app_begin ] --END-- [ RunTime:0.000900s ]
ERR: syntax error, unexpected ';', expecting ')'

[ 2018-07-24T15:42:47+08:00 ] ::1 /ThinkPHP/lab_dyl/index.php/Admin/Pro/showlist
INFO: [ app_init ] --START--
INFO: Run Behavior\BuildLiteBehavior [ RunTime:0.000008s ]
INFO: [ app_init ] --END-- [ RunTime:0.000254s ]
INFO: [ app_begin ] --START--
INFO: Run Behavior\ReadHtmlCacheBehavior [ RunTime:0.000393s ]
INFO: [ app_begin ] --END-- [ RunTime:0.000413s ]
ERR: syntax error, unexpected ';', expecting ')'

[ 2018-07-24T15:42:47+08:00 ] ::1 /ThinkPHP/lab_dyl/index.php/Admin/Pro/showlist
INFO: [ app_init ] --START--
INFO: Run Behavior\BuildLiteBehavior [ RunTime:0.000051s ]
INFO: [ app_init ] --END-- [ RunTime:0.000935s ]
INFO: [ app_begin ] --START--
INFO: Run Behavior\ReadHtmlCacheBehavior [ RunTime:0.000857s ]
INFO: [ app_begin ] --END-- [ RunTime:0.000905s ]
ERR: syntax error, unexpected ';', expecting ')'

[ 2018-07-24T15:46:36+08:00 ] ::1 /ThinkPHP/lab_dyl/index.php/Admin/Pro/showlist
INFO: [ app_init ] --START--
INFO: Run Behavior\BuildLiteBehavior [ RunTime:0.000006s ]
INFO: [ app_init ] --END-- [ RunTime:0.000287s ]
INFO: [ app_begin ] --START--
INFO: Run Behavior\ReadHtmlCacheBehavior [ RunTime:0.000441s ]
INFO: [ app_begin ] --END-- [ RunTime:0.000463s ]
ERR: syntax error, unexpected ')'

[ 2018-07-24T15:46:53+08:00 ] ::1 /ThinkPHP/lab_dyl/index.php/Admin/Pro/showlist
INFO: [ app_init ] --START--
INFO: Run Behavior\BuildLiteBehavior [ RunTime:0.000139s ]
INFO: [ app_init ] --END-- [ RunTime:0.000882s ]
INFO: [ app_begin ] --START--
INFO: Run Behavior\ReadHtmlCacheBehavior [ RunTime:0.000479s ]
INFO: [ app_begin ] --END-- [ RunTime:0.000511s ]
ERR: syntax error, unexpected ')'

[ 2018-07-24T15:46:54+08:00 ] ::1 /ThinkPHP/lab_dyl/index.php/Admin/Pro/showlist
INFO: [ app_init ] --START--
INFO: Run Behavior\BuildLiteBehavior [ RunTime:0.000011s ]
INFO: [ app_init ] --END-- [ RunTime:0.000508s ]
INFO: [ app_begin ] --START--
INFO: Run Behavior\ReadHtmlCacheBehavior [ RunTime:0.000705s ]
INFO: [ app_begin ] --END-- [ RunTime:0.000760s ]
ERR: syntax error, unexpected ')'

[ 2018-07-24T15:46:55+08:00 ] ::1 /ThinkPHP/lab_dyl/index.php/Admin/Pro/showlist
INFO: [ app_init ] --START--
INFO: Run Behavior\BuildLiteBehavior [ RunTime:0.000007s ]
INFO: [ app_init ] --END-- [ RunTime:0.000258s ]
INFO: [ app_begin ] --START--
INFO: Run Behavior\ReadHtmlCacheBehavior [ RunTime:0.000384s ]
INFO: [ app_begin ] --END-- [ RunTime:0.000407s ]
ERR: syntax error, unexpected ')'

[ 2018-07-24T15:46:55+08:00 ] ::1 /ThinkPHP/lab_dyl/index.php/Admin/Pro/showlist
INFO: [ app_init ] --START--
INFO: Run Behavior\BuildLiteBehavior [ RunTime:0.000023s ]
INFO: [ app_init ] --END-- [ RunTime:0.000569s ]
INFO: [ app_begin ] --START--
INFO: Run Behavior\ReadHtmlCacheBehavior [ RunTime:0.000359s ]
INFO: [ app_begin ] --END-- [ RunTime:0.000384s ]
ERR: syntax error, unexpected ')'

[ 2018-07-24T15:46:55+08:00 ] ::1 /ThinkPHP/lab_dyl/index.php/Admin/Pro/showlist
INFO: [ app_init ] --START--
INFO: Run Behavior\BuildLiteBehavior [ RunTime:0.000008s ]
INFO: [ app_init ] --END-- [ RunTime:0.000478s ]
INFO: [ app_begin ] --START--
INFO: Run Behavior\ReadHtmlCacheBehavior [ RunTime:0.000469s ]
INFO: [ app_begin ] --END-- [ RunTime:0.000493s ]
ERR: syntax error, unexpected ')'

[ 2018-07-24T15:46:55+08:00 ] ::1 /ThinkPHP/lab_dyl/index.php/Admin/Pro/showlist
INFO: [ app_init ] --START--
INFO: Run Behavior\BuildLiteBehavior [ RunTime:0.000007s ]
INFO: [ app_init ] --END-- [ RunTime:0.000393s ]
INFO: [ app_begin ] --START--
INFO: Run Behavior\ReadHtmlCacheBehavior [ RunTime:0.000900s ]
INFO: [ app_begin ] --END-- [ RunTime:0.001029s ]
ERR: syntax error, unexpected ')'

[ 2018-07-24T15:46:55+08:00 ] ::1 /ThinkPHP/lab_dyl/index.php/Admin/Pro/showlist
INFO: [ app_init ] --START--
INFO: Run Behavior\BuildLiteBehavior [ RunTime:0.000007s ]
INFO: [ app_init ] --END-- [ RunTime:0.000247s ]
INFO: [ app_begin ] --START--
INFO: Run Behavior\ReadHtmlCacheBehavior [ RunTime:0.000671s ]
INFO: [ app_begin ] --END-- [ RunTime:0.000722s ]
ERR: syntax error, unexpected ')'

[ 2018-07-24T15:46:55+08:00 ] ::1 /ThinkPHP/lab_dyl/index.php/Admin/Pro/showlist
INFO: [ app_init ] --START--
INFO: Run Behavior\BuildLiteBehavior [ RunTime:0.000024s ]
INFO: [ app_init ] --END-- [ RunTime:0.000393s ]
INFO: [ app_begin ] --START--
INFO: Run Behavior\ReadHtmlCacheBehavior [ RunTime:0.000384s ]
INFO: [ app_begin ] --END-- [ RunTime:0.000404s ]
ERR: syntax error, unexpected ')'

[ 2018-07-24T15:46:55+08:00 ] ::1 /ThinkPHP/lab_dyl/index.php/Admin/Pro/showlist
INFO: [ app_init ] --START--
INFO: Run Behavior\BuildLiteBehavior [ RunTime:0.000008s ]
INFO: [ app_init ] --END-- [ RunTime:0.000308s ]
INFO: [ app_begin ] --START--
INFO: Run Behavior\ReadHtmlCacheBehavior [ RunTime:0.000530s ]
INFO: [ app_begin ] --END-- [ RunTime:0.000565s ]
ERR: syntax error, unexpected ')'

[ 2018-07-24T15:46:55+08:00 ] ::1 /ThinkPHP/lab_dyl/index.php/Admin/Pro/showlist
INFO: [ app_init ] --START--
INFO: Run Behavior\BuildLiteBehavior [ RunTime:0.000045s ]
INFO: [ app_init ] --END-- [ RunTime:0.000408s ]
INFO: [ app_begin ] --START--
INFO: Run Behavior\ReadHtmlCacheBehavior [ RunTime:0.000535s ]
INFO: [ app_begin ] --END-- [ RunTime:0.000592s ]
ERR: syntax error, unexpected ')'

[ 2018-07-24T15:46:56+08:00 ] ::1 /ThinkPHP/lab_dyl/index.php/Admin/Pro/showlist
INFO: [ app_init ] --START--
INFO: Run Behavior\BuildLiteBehavior [ RunTime:0.000006s ]
INFO: [ app_init ] --END-- [ RunTime:0.000277s ]
INFO: [ app_begin ] --START--
INFO: Run Behavior\ReadHtmlCacheBehavior [ RunTime:0.000329s ]
INFO: [ app_begin ] --END-- [ RunTime:0.000350s ]
ERR: syntax error, unexpected ')'

[ 2018-07-24T15:46:56+08:00 ] ::1 /ThinkPHP/lab_dyl/index.php/Admin/Pro/showlist
INFO: [ app_init ] --START--
INFO: Run Behavior\BuildLiteBehavior [ RunTime:0.000006s ]
INFO: [ app_init ] --END-- [ RunTime:0.000256s ]
INFO: [ app_begin ] --START--
INFO: Run Behavior\ReadHtmlCacheBehavior [ RunTime:0.000350s ]
INFO: [ app_begin ] --END-- [ RunTime:0.000389s ]
ERR: syntax error, unexpected ')'

[ 2018-07-24T15:47:01+08:00 ] ::1 /ThinkPHP/lab_dyl/index.php/Admin/Pro/showlist
INFO: [ app_init ] --START--
INFO: Run Behavior\BuildLiteBehavior [ RunTime:0.000036s ]
INFO: [ app_init ] --END-- [ RunTime:0.000638s ]
INFO: [ app_begin ] --START--
INFO: Run Behavior\ReadHtmlCacheBehavior [ RunTime:0.000587s ]
INFO: [ app_begin ] --END-- [ RunTime:0.000621s ]
ERR: syntax error, unexpected ')'

[ 2018-07-24T15:47:18+08:00 ] ::1 /ThinkPHP/lab_dyl/index.php/Admin/Pro/showlist
INFO: [ app_init ] --START--
INFO: Run Behavior\BuildLiteBehavior [ RunTime:0.000014s ]
INFO: [ app_init ] --END-- [ RunTime:0.000417s ]
INFO: [ app_begin ] --START--
INFO: Run Behavior\ReadHtmlCacheBehavior [ RunTime:0.000490s ]
INFO: [ app_begin ] --END-- [ RunTime:0.000518s ]
SQL: SHOW COLUMNS FROM `project` [ RunTime:0.0077s ]
SQL: 
			SELECT `pno`, `photo`
			FROM `project`
			ORDER BY `id` DESC [ RunTime:0.0089s ]
INFO: [ app_end ] --START--
INFO: Run Behavior\ShowPageTraceBehavior [ RunTime:0.000569s ]
INFO: [ app_end ] --END-- [ RunTime:0.000589s ]

[ 2018-07-24T15:47:59+08:00 ] ::1 /ThinkPHP/lab_dyl/index.php/Admin/Pro/showlist
INFO: [ app_init ] --START--
INFO: Run Behavior\BuildLiteBehavior [ RunTime:0.000012s ]
INFO: [ app_init ] --END-- [ RunTime:0.000343s ]
INFO: [ app_begin ] --START--
INFO: Run Behavior\ReadHtmlCacheBehavior [ RunTime:0.000469s ]
INFO: [ app_begin ] --END-- [ RunTime:0.000527s ]
SQL: SHOW COLUMNS FROM `project` [ RunTime:0.0132s ]
SQL: 
			SELECT `pno`, `photo`
			FROM `project`
			ORDER BY `id` DESC [ RunTime:0.0094s ]
INFO: [ app_end ] --START--
INFO: Run Behavior\ShowPageTraceBehavior [ RunTime:0.000544s ]
INFO: [ app_end ] --END-- [ RunTime:0.000594s ]

[ 2018-07-24T15:48:40+08:00 ] ::1 /ThinkPHP/lab_dyl/index.php/Admin/Pro/showlist
INFO: [ app_init ] --START--
INFO: Run Behavior\BuildLiteBehavior [ RunTime:0.000007s ]
INFO: [ app_init ] --END-- [ RunTime:0.000244s ]
INFO: [ app_begin ] --START--
INFO: Run Behavior\ReadHtmlCacheBehavior [ RunTime:0.000315s ]
INFO: [ app_begin ] --END-- [ RunTime:0.000335s ]

[ 2018-07-24T15:48:52+08:00 ] ::1 /ThinkPHP/lab_dyl/index.php/Admin/Pro/showlist
INFO: [ app_init ] --START--
INFO: Run Behavior\BuildLiteBehavior [ RunTime:0.000009s ]
INFO: [ app_init ] --END-- [ RunTime:0.000380s ]
INFO: [ app_begin ] --START--
INFO: Run Behavior\ReadHtmlCacheBehavior [ RunTime:0.000476s ]
INFO: [ app_begin ] --END-- [ RunTime:0.000503s ]
SQL: SHOW COLUMNS FROM `project` [ RunTime:0.0058s ]
SQL: 
			SELECT `pno`, `photo`
			FROM `project`
			ORDER BY `id` DESC [ RunTime:0.0089s ]
NOTIC: [8] Array to string conversion F:\XAMPP\htdocs\dyl\ThinkPHP\Lab_dyl\Application\Admin\Controller\ProController.class.php 第 12 行.
INFO: [ app_end ] --START--
INFO: Run Behavior\ShowPageTraceBehavior [ RunTime:0.000411s ]
INFO: [ app_end ] --END-- [ RunTime:0.000430s ]

[ 2018-07-24T15:50:53+08:00 ] ::1 /ThinkPHP/lab_dyl/index.php/Admin/Pro/showlist
INFO: [ app_init ] --START--
INFO: Run Behavior\BuildLiteBehavior [ RunTime:0.000009s ]
INFO: [ app_init ] --END-- [ RunTime:0.000356s ]
INFO: [ app_begin ] --START--
INFO: Run Behavior\ReadHtmlCacheBehavior [ RunTime:0.000426s ]
INFO: [ app_begin ] --END-- [ RunTime:0.000449s ]
SQL: SHOW COLUMNS FROM `project` [ RunTime:0.0198s ]
SQL: 
			SELECT `pno`, `photo`
			FROM `project`
			ORDER BY `id` DESC [ RunTime:0.0178s ]
INFO: [ app_end ] --START--
INFO: Run Behavior\ShowPageTraceBehavior [ RunTime:0.001346s ]
INFO: [ app_end ] --END-- [ RunTime:0.001404s ]

[ 2018-07-24T15:51:25+08:00 ] ::1 /ThinkPHP/lab_dyl/index.php/Admin/Pro/showlist
INFO: [ app_init ] --START--
INFO: Run Behavior\BuildLiteBehavior [ RunTime:0.000015s ]
INFO: [ app_init ] --END-- [ RunTime:0.000934s ]
INFO: [ app_begin ] --START--
INFO: Run Behavior\ReadHtmlCacheBehavior [ RunTime:0.000472s ]
INFO: [ app_begin ] --END-- [ RunTime:0.000495s ]
SQL: SHOW COLUMNS FROM `project` [ RunTime:0.0243s ]
SQL: 
			SELECT `pno`, `photo`
			FROM `project`
			ORDER BY `id` DESC [ RunTime:0.0186s ]
INFO: [ app_end ] --START--
INFO: Run Behavior\ShowPageTraceBehavior [ RunTime:0.001144s ]
INFO: [ app_end ] --END-- [ RunTime:0.001189s ]

[ 2018-07-24T16:39:05+08:00 ] 127.0.0.1 /Admin/User/proshow
INFO: [ app_init ] --START--
INFO: Run Behavior\BuildLiteBehavior [ RunTime:0.000020s ]
INFO: [ app_init ] --END-- [ RunTime:0.000592s ]
INFO: [ app_begin ] --START--
INFO: Run Behavior\ReadHtmlCacheBehavior [ RunTime:0.001540s ]
INFO: [ app_begin ] --END-- [ RunTime:0.001692s ]
ERR: 非法操作:proshow

[ 2018-07-24T16:39:41+08:00 ] 127.0.0.1 /Admin/Pro/proshow
INFO: [ app_init ] --START--
INFO: Run Behavior\BuildLiteBehavior [ RunTime:0.000008s ]
INFO: [ app_init ] --END-- [ RunTime:0.000250s ]
INFO: [ app_begin ] --START--
INFO: Run Behavior\ReadHtmlCacheBehavior [ RunTime:0.000449s ]
INFO: [ app_begin ] --END-- [ RunTime:0.000478s ]
ERR: syntax error, unexpected ')'

[ 2018-07-24T16:40:39+08:00 ] 127.0.0.1 /Admin/Pro/proshow
INFO: [ app_init ] --START--
INFO: Run Behavior\BuildLiteBehavior [ RunTime:0.000011s ]
INFO: [ app_init ] --END-- [ RunTime:0.000400s ]
INFO: [ app_begin ] --START--
INFO: Run Behavior\ReadHtmlCacheBehavior [ RunTime:0.000535s ]
INFO: [ app_begin ] --END-- [ RunTime:0.000578s ]
ERR: syntax error, unexpected ')'

[ 2018-07-24T16:40:50+08:00 ] 127.0.0.1 /Admin/Pro/proshow
INFO: [ app_init ] --START--
INFO: Run Behavior\BuildLiteBehavior [ RunTime:0.000015s ]
INFO: [ app_init ] --END-- [ RunTime:0.000575s ]
INFO: [ app_begin ] --START--
INFO: Run Behavior\ReadHtmlCacheBehavior [ RunTime:0.000772s ]
INFO: [ app_begin ] --END-- [ RunTime:0.000860s ]
SQL: SHOW COLUMNS FROM `project` [ RunTime:0.0170s ]
SQL: 
			SELECT `name`, `photo`,`content`
			FROM `project`
			where `pno`=1
			ORDER BY `name` DESC [ RunTime:0.0107s ]
ERR: 1064:You have an error in your SQL syntax; check the manual that corresponds to your MySQL server version for the right syntax to use near 'FROM `member`
			where `pno`=1
			ORDER BY `name` DESC' at line 2
 [ SQL语句 ] : 
			SELECT `u_id`, `duty`,
			FROM `member`
			where `pno`=1
			ORDER BY `name` DESC
ERR: 1064:You have an error in your SQL syntax; check the manual that corresponds to your MySQL server version for the right syntax to use near 'FROM `member`
			where `pno`=1
			ORDER BY `name` DESC' at line 2
 [ SQL语句 ] : 
			SELECT `u_id`, `duty`,
			FROM `member`
			where `pno`=1
			ORDER BY `name` DESC

[ 2018-07-24T16:41:24+08:00 ] 127.0.0.1 /Admin/Pro/proshow
INFO: [ app_init ] --START--
INFO: Run Behavior\BuildLiteBehavior [ RunTime:0.000015s ]
INFO: [ app_init ] --END-- [ RunTime:0.000473s ]
INFO: [ app_begin ] --START--
INFO: Run Behavior\ReadHtmlCacheBehavior [ RunTime:0.000619s ]
INFO: [ app_begin ] --END-- [ RunTime:0.000653s ]
SQL: SHOW COLUMNS FROM `project` [ RunTime:0.0124s ]
SQL: 
			SELECT `name`, `photo`,`content`
			FROM `project`
			where `pno`=1
			ORDER BY `name` DESC [ RunTime:0.0184s ]
ERR: 1064:You have an error in your SQL syntax; check the manual that corresponds to your MySQL server version for the right syntax to use near 'FROM `member`
			where `pno`=1
			ORDER BY `name` DESC' at line 2
 [ SQL语句 ] : 
			SELECT `u_id`, `duty`,
			FROM `member`
			where `pno`=1
			ORDER BY `name` DESC
ERR: 1064:You have an error in your SQL syntax; check the manual that corresponds to your MySQL server version for the right syntax to use near 'FROM `member`
			where `pno`=1
			ORDER BY `name` DESC' at line 2
 [ SQL语句 ] : 
			SELECT `u_id`, `duty`,
			FROM `member`
			where `pno`=1
			ORDER BY `name` DESC

[ 2018-07-24T16:42:54+08:00 ] 127.0.0.1 /Admin/Pro/proshow
INFO: [ app_init ] --START--
INFO: Run Behavior\BuildLiteBehavior [ RunTime:0.000008s ]
INFO: [ app_init ] --END-- [ RunTime:0.000315s ]
INFO: [ app_begin ] --START--
INFO: Run Behavior\ReadHtmlCacheBehavior [ RunTime:0.000333s ]
INFO: [ app_begin ] --END-- [ RunTime:0.000354s ]
ERR: syntax error, unexpected end of file

[ 2018-07-24T16:43:18+08:00 ] 127.0.0.1 /Admin/Pro/proshow
INFO: [ app_init ] --START--
INFO: Run Behavior\BuildLiteBehavior [ RunTime:0.000009s ]
INFO: [ app_init ] --END-- [ RunTime:0.000294s ]
INFO: [ app_begin ] --START--
INFO: Run Behavior\ReadHtmlCacheBehavior [ RunTime:0.000391s ]
INFO: [ app_begin ] --END-- [ RunTime:0.000420s ]
SQL: SHOW COLUMNS FROM `project` [ RunTime:0.0138s ]
SQL: 
			SELECT `name`, `photo`,`content`
			FROM `project`
			where `pno`=1 [ RunTime:0.0117s ]
INFO: [ app_end ] --START--
INFO: Run Behavior\ShowPageTraceBehavior [ RunTime:0.000589s ]
INFO: [ app_end ] --END-- [ RunTime:0.000613s ]

[ 2018-07-24T16:43:56+08:00 ] 127.0.0.1 /Admin/Pro/proshow
INFO: [ app_init ] --START--
INFO: Run Behavior\BuildLiteBehavior [ RunTime:0.000023s ]
INFO: [ app_init ] --END-- [ RunTime:0.000398s ]
INFO: [ app_begin ] --START--
INFO: Run Behavior\ReadHtmlCacheBehavior [ RunTime:0.000649s ]
INFO: [ app_begin ] --END-- [ RunTime:0.000693s ]
SQL: SHOW COLUMNS FROM `project` [ RunTime:0.0057s ]
SQL: 
			SELECT `name`, `photo`,`content`
			FROM `project`
			where `pno`=1 [ RunTime:0.0069s ]
NOTIC: [8] Array to string conversion F:\XAMPP\htdocs\dyl\ThinkPHP\Lab_dyl\Application\Admin\Controller\ProController.class.php 第 18 行.
INFO: [ app_end ] --START--
INFO: Run Behavior\ShowPageTraceBehavior [ RunTime:0.000419s ]
INFO: [ app_end ] --END-- [ RunTime:0.000438s ]

[ 2018-07-24T16:46:08+08:00 ] 127.0.0.1 /Admin/Pro/proshow
INFO: [ app_init ] --START--
INFO: Run Behavior\BuildLiteBehavior [ RunTime:0.000011s ]
INFO: [ app_init ] --END-- [ RunTime:0.000529s ]
INFO: [ app_begin ] --START--
INFO: Run Behavior\ReadHtmlCacheBehavior [ RunTime:0.000674s ]
INFO: [ app_begin ] --END-- [ RunTime:0.000729s ]
SQL: SHOW COLUMNS FROM `project` [ RunTime:0.0131s ]
SQL: 
			SELECT `name`, `photo`,`content`
			FROM `project`
			where `pno`=1 [ RunTime:0.0110s ]
INFO: [ app_end ] --START--
INFO: Run Behavior\ShowPageTraceBehavior [ RunTime:0.000608s ]
INFO: [ app_end ] --END-- [ RunTime:0.000632s ]

[ 2018-07-24T16:48:27+08:00 ] 127.0.0.1 /Admin/Pro/proshow
INFO: [ app_init ] --START--
INFO: Run Behavior\BuildLiteBehavior [ RunTime:0.000009s ]
INFO: [ app_init ] --END-- [ RunTime:0.000454s ]
INFO: [ app_begin ] --START--
INFO: Run Behavior\ReadHtmlCacheBehavior [ RunTime:0.000852s ]
INFO: [ app_begin ] --END-- [ RunTime:0.000895s ]
SQL: SHOW COLUMNS FROM `project` [ RunTime:0.0057s ]
SQL: 
			SELECT `name`, `photo`,`content`
			FROM `project`
			where `pno`=1 [ RunTime:0.0096s ]
NOTIC: [8] Undefined index: name F:\XAMPP\htdocs\dyl\ThinkPHP\Lab_dyl\Application\Admin\Controller\ProController.class.php 第 19 行.
INFO: [ app_end ] --START--
INFO: Run Behavior\ShowPageTraceBehavior [ RunTime:0.000530s ]
INFO: [ app_end ] --END-- [ RunTime:0.000550s ]

[ 2018-07-24T16:49:20+08:00 ] 127.0.0.1 /Admin/Pro/proshow
INFO: [ app_init ] --START--
INFO: Run Behavior\BuildLiteBehavior [ RunTime:0.000008s ]
INFO: [ app_init ] --END-- [ RunTime:0.000289s ]
INFO: [ app_begin ] --START--
INFO: Run Behavior\ReadHtmlCacheBehavior [ RunTime:0.000379s ]
INFO: [ app_begin ] --END-- [ RunTime:0.000403s ]
SQL: SHOW COLUMNS FROM `project` [ RunTime:0.0086s ]
SQL: 
			SELECT `name`, `photo`,`content`
			FROM `project`
			where `pno`=1 [ RunTime:0.0154s ]
NOTIC: [8] Array to string conversion F:\XAMPP\htdocs\dyl\ThinkPHP\Lab_dyl\Application\Admin\Controller\ProController.class.php 第 19 行.
INFO: [ app_end ] --START--
INFO: Run Behavior\ShowPageTraceBehavior [ RunTime:0.000529s ]
INFO: [ app_end ] --END-- [ RunTime:0.000596s ]

[ 2018-07-24T16:49:40+08:00 ] 127.0.0.1 /Admin/Pro/proshow
INFO: [ app_init ] --START--
INFO: Run Behavior\BuildLiteBehavior [ RunTime:0.000008s ]
INFO: [ app_init ] --END-- [ RunTime:0.000397s ]
INFO: [ app_begin ] --START--
INFO: Run Behavior\ReadHtmlCacheBehavior [ RunTime:0.000597s ]
INFO: [ app_begin ] --END-- [ RunTime:0.000650s ]
SQL: SHOW COLUMNS FROM `project` [ RunTime:0.0148s ]
SQL: 
			SELECT `name`, `photo`,`content`
			FROM `project`
			where `pno`=1 [ RunTime:0.0110s ]
NOTIC: [8] Undefined index: name F:\XAMPP\htdocs\dyl\ThinkPHP\Lab_dyl\Application\Admin\Controller\ProController.class.php 第 19 行.
INFO: [ app_end ] --START--
INFO: Run Behavior\ShowPageTraceBehavior [ RunTime:0.000416s ]
INFO: [ app_end ] --END-- [ RunTime:0.000436s ]

[ 2018-07-24T16:52:24+08:00 ] 127.0.0.1 /Admin/Pro/proshow
INFO: [ app_init ] --START--
INFO: Run Behavior\BuildLiteBehavior [ RunTime:0.000008s ]
INFO: [ app_init ] --END-- [ RunTime:0.000345s ]
INFO: [ app_begin ] --START--
INFO: Run Behavior\ReadHtmlCacheBehavior [ RunTime:0.000824s ]
INFO: [ app_begin ] --END-- [ RunTime:0.000872s ]
SQL: SHOW COLUMNS FROM `project` [ RunTime:0.0167s ]
SQL: 
			SELECT `name`, `photo`,`content`
			FROM `project`
			where `pno`=1 [ RunTime:0.0145s ]
INFO: [ app_end ] --START--
INFO: Run Behavior\ShowPageTraceBehavior [ RunTime:0.000974s ]
INFO: [ app_end ] --END-- [ RunTime:0.001021s ]

[ 2018-07-24T17:01:36+08:00 ] 127.0.0.1 /Admin/Pro/proshow
INFO: [ app_init ] --START--
INFO: Run Behavior\BuildLiteBehavior [ RunTime:0.000010s ]
INFO: [ app_init ] --END-- [ RunTime:0.000349s ]
INFO: [ app_begin ] --START--
INFO: Run Behavior\ReadHtmlCacheBehavior [ RunTime:0.000705s ]
INFO: [ app_begin ] --END-- [ RunTime:0.000756s ]
SQL: SHOW COLUMNS FROM `project` [ RunTime:0.0195s ]
SQL: 
			SELECT `name`, `photo`,`content`
			FROM `project`
			where `pno`=1 [ RunTime:0.0098s ]
INFO: [ app_end ] --START--
INFO: Run Behavior\ShowPageTraceBehavior [ RunTime:0.010081s ]
INFO: [ app_end ] --END-- [ RunTime:0.010145s ]

[ 2018-07-24T17:04:28+08:00 ] 127.0.0.1 /Admin/Pro/promember
INFO: [ app_init ] --START--
INFO: Run Behavior\BuildLiteBehavior [ RunTime:0.000009s ]
INFO: [ app_init ] --END-- [ RunTime:0.000330s ]
INFO: [ app_begin ] --START--
INFO: Run Behavior\ReadHtmlCacheBehavior [ RunTime:0.000618s ]
INFO: [ app_begin ] --END-- [ RunTime:0.000651s ]
SQL: SHOW COLUMNS FROM `project` [ RunTime:0.0181s ]
ERR: 1064:You have an error in your SQL syntax; check the manual that corresponds to your MySQL server version for the right syntax to use near 'FROM `member`
			where `pno`=1`
			order by `u_id` DESC' at line 2
 [ SQL语句 ] : 
			SELECT `u_id`, `duty`,
			FROM `member`
			where `pno`=1`
			order by `u_id` DESC
ERR: 1064:You have an error in your SQL syntax; check the manual that corresponds to your MySQL server version for the right syntax to use near 'FROM `member`
			where `pno`=1`
			order by `u_id` DESC' at line 2
 [ SQL语句 ] : 
			SELECT `u_id`, `duty`,
			FROM `member`
			where `pno`=1`
			order by `u_id` DESC

[ 2018-07-24T17:05:21+08:00 ] 127.0.0.1 /Admin/Pro/promember
INFO: [ app_init ] --START--
INFO: Run Behavior\BuildLiteBehavior [ RunTime:0.000021s ]
INFO: [ app_init ] --END-- [ RunTime:0.000427s ]
INFO: [ app_begin ] --START--
INFO: Run Behavior\ReadHtmlCacheBehavior [ RunTime:0.000590s ]
INFO: [ app_begin ] --END-- [ RunTime:0.000632s ]
SQL: SHOW COLUMNS FROM `project` [ RunTime:0.0125s ]
ERR: 1064:You have an error in your SQL syntax; check the manual that corresponds to your MySQL server version for the right syntax to use near '
			order by `u_id` DESC' at line 3
 [ SQL语句 ] : 
			SELECT `u_id`, `duty`
			FROM `member`
			where `pno`=1`
			order by `u_id` DESC
ERR: 1064:You have an error in your SQL syntax; check the manual that corresponds to your MySQL server version for the right syntax to use near '
			order by `u_id` DESC' at line 3
 [ SQL语句 ] : 
			SELECT `u_id`, `duty`
			FROM `member`
			where `pno`=1`
			order by `u_id` DESC

[ 2018-07-24T17:06:23+08:00 ] 127.0.0.1 /Admin/Pro/promember
INFO: [ app_init ] --START--
INFO: Run Behavior\BuildLiteBehavior [ RunTime:0.000010s ]
INFO: [ app_init ] --END-- [ RunTime:0.000359s ]
INFO: [ app_begin ] --START--
INFO: Run Behavior\ReadHtmlCacheBehavior [ RunTime:0.000322s ]
INFO: [ app_begin ] --END-- [ RunTime:0.000343s ]
SQL: SHOW COLUMNS FROM `project` [ RunTime:0.0082s ]
SQL: 
			SELECT `u_id`, `duty`
			FROM `member`
			where `pno`=1
			order by `u_id` DESC [ RunTime:0.0182s ]
INFO: [ app_end ] --START--
INFO: Run Behavior\ShowPageTraceBehavior [ RunTime:0.000593s ]
INFO: [ app_end ] --END-- [ RunTime:0.000612s ]

[ 2018-07-24T17:27:02+08:00 ] 127.0.0.1 /Admin/User/showperson
INFO: [ app_init ] --START--
INFO: Run Behavior\BuildLiteBehavior [ RunTime:0.000019s ]
INFO: [ app_init ] --END-- [ RunTime:0.000445s ]
INFO: [ app_begin ] --START--
INFO: Run Behavior\ReadHtmlCacheBehavior [ RunTime:0.000638s ]
INFO: [ app_begin ] --END-- [ RunTime:0.000728s ]
ERR: 非法操作:showperson

[ 2018-07-24T17:27:18+08:00 ] 127.0.0.1 /Admin/User/showperson
INFO: [ app_init ] --START--
INFO: Run Behavior\BuildLiteBehavior [ RunTime:0.000010s ]
INFO: [ app_init ] --END-- [ RunTime:0.000317s ]
INFO: [ app_begin ] --START--
INFO: Run Behavior\ReadHtmlCacheBehavior [ RunTime:0.000428s ]
INFO: [ app_begin ] --END-- [ RunTime:0.000469s ]
ERR: 非法操作:showperson

[ 2018-07-24T17:27:47+08:00 ] 127.0.0.1 /Admin/User/showperson
INFO: [ app_init ] --START--
INFO: Run Behavior\BuildLiteBehavior [ RunTime:0.000015s ]
INFO: [ app_init ] --END-- [ RunTime:0.000439s ]
INFO: [ app_begin ] --START--
INFO: Run Behavior\ReadHtmlCacheBehavior [ RunTime:0.000458s ]
INFO: [ app_begin ] --END-- [ RunTime:0.000495s ]
NOTIC: [2] Declaration of Admin\Model\UserModel::check($account) should be compatible with Think\Model::check($value, $rule, $type = 'regex') F:\XAMPP\htdocs\dyl\ThinkPHP\Lab_dyl\Application\Admin\Model\UserModel.class.php 第 4 行.
SQL: SHOW COLUMNS FROM `user` [ RunTime:0.0141s ]
ERR: 1054:Unknown column 'job.id = user.job_id' in 'where clause'
 [ SQL语句 ] : 
			SELECT `name`, `telphone`,`job_name`,`email`
			FROM `user`,`job`
			where `job.id = user.job_id`
ERR: 1054:Unknown column 'job.id = user.job_id' in 'where clause'
 [ SQL语句 ] : 
			SELECT `name`, `telphone`,`job_name`,`email`
			FROM `user`,`job`
			where `job.id = user.job_id`

[ 2018-07-24T17:31:06+08:00 ] 127.0.0.1 /Admin/User/showperson
INFO: [ app_init ] --START--
INFO: Run Behavior\BuildLiteBehavior [ RunTime:0.000067s ]
INFO: [ app_init ] --END-- [ RunTime:0.002071s ]
INFO: [ app_begin ] --START--
INFO: Run Behavior\ReadHtmlCacheBehavior [ RunTime:0.000728s ]
INFO: [ app_begin ] --END-- [ RunTime:0.000760s ]
NOTIC: [2] Declaration of Admin\Model\UserModel::check($account) should be compatible with Think\Model::check($value, $rule, $type = 'regex') F:\XAMPP\htdocs\dyl\ThinkPHP\Lab_dyl\Application\Admin\Model\UserModel.class.php 第 4 行.
SQL: SHOW COLUMNS FROM `user` [ RunTime:0.0265s ]
SQL: 
			SELECT `name`, `telphone`,`job_name`,`email`
			FROM `user`,`job`
			where job.`id` = user.`job_id` [ RunTime:0.0218s ]
INFO: [ app_end ] --START--
INFO: Run Behavior\ShowPageTraceBehavior [ RunTime:0.000760s ]
INFO: [ app_end ] --END-- [ RunTime:0.000791s ]

[ 2018-07-24T17:31:36+08:00 ] 127.0.0.1 /Admin/User/showperson
INFO: [ app_init ] --START--
INFO: Run Behavior\BuildLiteBehavior [ RunTime:0.000012s ]
INFO: [ app_init ] --END-- [ RunTime:0.000405s ]
INFO: [ app_begin ] --START--
INFO: Run Behavior\ReadHtmlCacheBehavior [ RunTime:0.000500s ]
INFO: [ app_begin ] --END-- [ RunTime:0.000535s ]
NOTIC: [2] Declaration of Admin\Model\UserModel::check($account) should be compatible with Think\Model::check($value, $rule, $type = 'regex') F:\XAMPP\htdocs\dyl\ThinkPHP\Lab_dyl\Application\Admin\Model\UserModel.class.php 第 4 行.
SQL: SHOW COLUMNS FROM `user` [ RunTime:0.0156s ]
SQL: 
			SELECT `name`, `telphone`,`job_name`,`email`
			FROM `user`,`job`
			where job.`id` = user.`job_id` [ RunTime:0.0162s ]
INFO: [ app_end ] --START--
INFO: Run Behavior\ShowPageTraceBehavior [ RunTime:0.000810s ]
INFO: [ app_end ] --END-- [ RunTime:0.000853s ]

[ 2018-07-24T17:31:54+08:00 ] 127.0.0.1 /Admin/User/showperson
INFO: [ app_init ] --START--
INFO: Run Behavior\BuildLiteBehavior [ RunTime:0.000015s ]
INFO: [ app_init ] --END-- [ RunTime:0.000504s ]
INFO: [ app_begin ] --START--
INFO: Run Behavior\ReadHtmlCacheBehavior [ RunTime:0.000633s ]
INFO: [ app_begin ] --END-- [ RunTime:0.000679s ]
NOTIC: [2] Declaration of Admin\Model\UserModel::check($account) should be compatible with Think\Model::check($value, $rule, $type = 'regex') F:\XAMPP\htdocs\dyl\ThinkPHP\Lab_dyl\Application\Admin\Model\UserModel.class.php 第 4 行.
SQL: SHOW COLUMNS FROM `user` [ RunTime:0.0130s ]
SQL: 
			SELECT `name`, `telphone`,`job_name`,`email`
			FROM `user`,`job`
			where job.`id` = user.`job_id` [ RunTime:0.0099s ]
INFO: [ app_end ] --START--
INFO: Run Behavior\ShowPageTraceBehavior [ RunTime:0.000433s ]
INFO: [ app_end ] --END-- [ RunTime:0.000460s ]

